09:07:38.060 [Thread-22] INFO  o.q.c.QuartzScheduler - [standby,585] - Scheduler RuoyiScheduler_$_NON_CLUSTERED paused.
09:07:38.317 [Thread-22] INFO  o.q.c.QuartzScheduler - [shutdown,666] - Scheduler RuoyiScheduler_$_NON_CLUSTERED shutting down.
09:07:38.317 [Thread-22] INFO  o.q.c.QuartzScheduler - [standby,585] - Scheduler RuoyiScheduler_$_NON_CLUSTERED paused.
09:07:38.318 [Thread-22] INFO  o.q.c.QuartzScheduler - [shutdown,740] - Scheduler RuoyiScheduler_$_NON_CLUSTERED shutdown complete.
09:07:38.319 [Thread-22] INFO  sys-user - [shutdownAsyncManager,31] - ====关闭后台任务任务线程池====
09:07:38.374 [Thread-22] INFO  c.a.d.p.DruidDataSource - [close,1928] - {dataSource-1} closed
09:07:54.715 [main] INFO  c.r.RuoYiApplication - [logStarting,50] - Starting RuoYiApplication on Vetch with PID 21752 (started by vetch in C:\Users\75440\Desktop\任务\简历整理\CUDR和模板下载\pactera_happyclock (2)\pactera_happyclock\pacter_happyclock_server)
09:07:54.737 [main] INFO  c.r.RuoYiApplication - [logStartupProfileInfo,651] - The following profiles are active: druid
09:07:57.864 [main] INFO  o.a.c.h.Http11NioProtocol - [log,173] - Initializing ProtocolHandler ["http-nio-8080"]
09:07:57.873 [main] INFO  o.a.c.c.StandardService - [log,173] - Starting service [Tomcat]
09:07:57.873 [main] INFO  o.a.c.c.StandardEngine - [log,173] - Starting Servlet engine: [Apache Tomcat/9.0.22]
09:07:58.093 [main] INFO  o.a.c.c.C.[.[.[/] - [log,173] - Initializing Spring embedded WebApplicationContext
09:07:59.726 [main] INFO  o.q.i.StdSchedulerFactory - [instantiate,1208] - Using default implementation for ThreadExecutor
09:07:59.739 [main] INFO  o.q.c.SchedulerSignalerImpl - [<init>,61] - Initialized Scheduler Signaller of type: class org.quartz.core.SchedulerSignalerImpl
09:07:59.740 [main] INFO  o.q.c.QuartzScheduler - [<init>,229] - Quartz Scheduler v.2.3.1 created.
09:08:00.192 [main] INFO  c.a.d.p.DruidDataSource - [init,991] - {dataSource-1} inited
09:08:00.200 [main] INFO  o.q.c.QuartzScheduler - [initialize,294] - Scheduler meta-data: Quartz Scheduler (v2.3.1) 'RuoyiScheduler' with instanceId 'NON_CLUSTERED'
  Scheduler class: 'org.quartz.core.QuartzScheduler' - running locally.
  NOT STARTED.
  Currently in standby mode.
  Number of jobs executed: 0
  Using thread pool 'org.quartz.simpl.SimpleThreadPool' - with 20 threads.
  Using job-store 'org.springframework.scheduling.quartz.LocalDataSourceJobStore' - which supports persistence. and is not clustered.

09:08:00.201 [main] INFO  o.q.i.StdSchedulerFactory - [instantiate,1362] - Quartz scheduler 'RuoyiScheduler' initialized from an externally provided properties instance.
09:08:00.201 [main] INFO  o.q.i.StdSchedulerFactory - [instantiate,1366] - Quartz scheduler version: 2.3.1
09:08:00.203 [main] INFO  o.q.c.QuartzScheduler - [setJobFactory,2293] - JobFactory set to: org.springframework.scheduling.quartz.AdaptableJobFactory@706f6d26
09:08:01.783 [main] INFO  s.d.s.w.PropertySourcedRequestMappingHandlerMapping - [initHandlerMethods,69] - Mapped URL path [/v2/api-docs] onto method [public org.springframework.http.ResponseEntity<springfox.documentation.spring.web.json.Json> springfox.documentation.swagger2.web.Swagger2Controller.getDocumentation(java.lang.String,javax.servlet.http.HttpServletRequest)]
09:08:02.936 [main] INFO  s.d.s.w.p.DocumentationPluginsBootstrapper - [start,160] - Context refreshed
09:08:02.968 [main] INFO  s.d.s.w.p.DocumentationPluginsBootstrapper - [start,163] - Found 1 custom documentation plugin(s)
09:08:03.034 [main] INFO  s.d.s.w.s.ApiListingReferenceScanner - [scan,41] - Scanning for api listing references
09:08:03.422 [main] INFO  s.d.s.w.r.o.CachingOperationNameGenerator - [startingWith,40] - Generating unique operation named: listUsingGET_1
09:08:03.464 [main] INFO  o.a.c.h.Http11NioProtocol - [log,173] - Starting ProtocolHandler ["http-nio-8080"]
09:08:03.505 [main] INFO  c.r.RuoYiApplication - [logStarted,59] - Started RuoYiApplication in 9.651 seconds (JVM running for 11.898)
09:08:04.454 [Quartz Scheduler [RuoyiScheduler]] INFO  o.q.c.QuartzScheduler - [start,547] - Scheduler RuoyiScheduler_$_NON_CLUSTERED started.
09:09:17.983 [http-nio-8080-exec-1] INFO  o.a.c.c.C.[.[.[/] - [log,173] - Initializing Spring DispatcherServlet 'dispatcherServlet'
09:09:27.362 [schedule-pool-1] INFO  sys-user - [run,54] - [127.0.0.1]内网IP[admin][Success][登录成功]
09:58:07.693 [main] INFO  c.r.RuoYiApplication - [logStarting,50] - Starting RuoYiApplication on Vetch with PID 29836 (started by vetch in C:\Users\75440\Desktop\任务\简历整理\CUDR和模板下载\pactera_happyclock (2)\pactera_happyclock\pacter_happyclock_server)
09:58:07.705 [main] INFO  c.r.RuoYiApplication - [logStartupProfileInfo,651] - The following profiles are active: druid
09:58:11.330 [main] INFO  o.a.c.h.Http11NioProtocol - [log,173] - Initializing ProtocolHandler ["http-nio-8080"]
09:58:11.349 [main] INFO  o.a.c.c.StandardService - [log,173] - Starting service [Tomcat]
09:58:11.349 [main] INFO  o.a.c.c.StandardEngine - [log,173] - Starting Servlet engine: [Apache Tomcat/9.0.22]
09:58:11.576 [main] INFO  o.a.c.c.C.[.[.[/] - [log,173] - Initializing Spring embedded WebApplicationContext
09:58:13.218 [main] INFO  o.q.i.StdSchedulerFactory - [instantiate,1208] - Using default implementation for ThreadExecutor
09:58:13.245 [main] INFO  o.q.c.SchedulerSignalerImpl - [<init>,61] - Initialized Scheduler Signaller of type: class org.quartz.core.SchedulerSignalerImpl
09:58:13.245 [main] INFO  o.q.c.QuartzScheduler - [<init>,229] - Quartz Scheduler v.2.3.1 created.
09:58:13.624 [main] INFO  c.a.d.p.DruidDataSource - [init,991] - {dataSource-1} inited
09:58:13.631 [main] INFO  o.q.c.QuartzScheduler - [initialize,294] - Scheduler meta-data: Quartz Scheduler (v2.3.1) 'RuoyiScheduler' with instanceId 'NON_CLUSTERED'
  Scheduler class: 'org.quartz.core.QuartzScheduler' - running locally.
  NOT STARTED.
  Currently in standby mode.
  Number of jobs executed: 0
  Using thread pool 'org.quartz.simpl.SimpleThreadPool' - with 20 threads.
  Using job-store 'org.springframework.scheduling.quartz.LocalDataSourceJobStore' - which supports persistence. and is not clustered.

09:58:13.631 [main] INFO  o.q.i.StdSchedulerFactory - [instantiate,1362] - Quartz scheduler 'RuoyiScheduler' initialized from an externally provided properties instance.
09:58:13.631 [main] INFO  o.q.i.StdSchedulerFactory - [instantiate,1366] - Quartz scheduler version: 2.3.1
09:58:13.633 [main] INFO  o.q.c.QuartzScheduler - [setJobFactory,2293] - JobFactory set to: org.springframework.scheduling.quartz.AdaptableJobFactory@52a7928a
09:58:16.436 [main] INFO  s.d.s.w.PropertySourcedRequestMappingHandlerMapping - [initHandlerMethods,69] - Mapped URL path [/v2/api-docs] onto method [public org.springframework.http.ResponseEntity<springfox.documentation.spring.web.json.Json> springfox.documentation.swagger2.web.Swagger2Controller.getDocumentation(java.lang.String,javax.servlet.http.HttpServletRequest)]
09:58:22.840 [main] INFO  s.d.s.w.p.DocumentationPluginsBootstrapper - [start,160] - Context refreshed
09:58:22.882 [main] INFO  s.d.s.w.p.DocumentationPluginsBootstrapper - [start,163] - Found 1 custom documentation plugin(s)
09:58:22.932 [main] INFO  s.d.s.w.s.ApiListingReferenceScanner - [scan,41] - Scanning for api listing references
09:58:23.358 [main] INFO  s.d.s.w.r.o.CachingOperationNameGenerator - [startingWith,40] - Generating unique operation named: listUsingGET_1
09:58:23.388 [main] INFO  o.a.c.h.Http11NioProtocol - [log,173] - Starting ProtocolHandler ["http-nio-8080"]
09:58:23.423 [main] INFO  c.r.RuoYiApplication - [logStarted,59] - Started RuoYiApplication in 16.707 seconds (JVM running for 21.975)
09:58:24.405 [Quartz Scheduler [RuoyiScheduler]] INFO  o.q.c.QuartzScheduler - [start,547] - Scheduler RuoyiScheduler_$_NON_CLUSTERED started.
09:58:35.238 [http-nio-8080-exec-2] INFO  o.a.c.c.C.[.[.[/] - [log,173] - Initializing Spring DispatcherServlet 'dispatcherServlet'
09:58:44.648 [schedule-pool-1] INFO  sys-user - [run,54] - [127.0.0.1]内网IP[admin][Success][登录成功]
10:32:52.261 [main] INFO  c.r.RuoYiApplication - [logStarting,50] - Starting RuoYiApplication on Vetch with PID 30048 (started by vetch in C:\Users\75440\Desktop\任务\简历整理\CUDR和模板下载\pactera_happyclock (2)\pactera_happyclock\pacter_happyclock_server)
10:32:52.266 [main] INFO  c.r.RuoYiApplication - [logStartupProfileInfo,651] - The following profiles are active: druid
10:32:55.913 [main] INFO  o.a.c.h.Http11NioProtocol - [log,173] - Initializing ProtocolHandler ["http-nio-8080"]
10:32:55.939 [main] INFO  o.a.c.c.StandardService - [log,173] - Starting service [Tomcat]
10:32:55.940 [main] INFO  o.a.c.c.StandardEngine - [log,173] - Starting Servlet engine: [Apache Tomcat/9.0.22]
10:32:56.078 [main] INFO  o.a.c.c.C.[.[.[/] - [log,173] - Initializing Spring embedded WebApplicationContext
10:32:57.875 [main] INFO  o.q.i.StdSchedulerFactory - [instantiate,1208] - Using default implementation for ThreadExecutor
10:32:57.890 [main] INFO  o.q.c.SchedulerSignalerImpl - [<init>,61] - Initialized Scheduler Signaller of type: class org.quartz.core.SchedulerSignalerImpl
10:32:57.890 [main] INFO  o.q.c.QuartzScheduler - [<init>,229] - Quartz Scheduler v.2.3.1 created.
10:32:58.177 [main] INFO  c.a.d.p.DruidDataSource - [init,991] - {dataSource-1} inited
10:32:58.192 [main] INFO  o.q.c.QuartzScheduler - [initialize,294] - Scheduler meta-data: Quartz Scheduler (v2.3.1) 'RuoyiScheduler' with instanceId 'NON_CLUSTERED'
  Scheduler class: 'org.quartz.core.QuartzScheduler' - running locally.
  NOT STARTED.
  Currently in standby mode.
  Number of jobs executed: 0
  Using thread pool 'org.quartz.simpl.SimpleThreadPool' - with 20 threads.
  Using job-store 'org.springframework.scheduling.quartz.LocalDataSourceJobStore' - which supports persistence. and is not clustered.

10:32:58.192 [main] INFO  o.q.i.StdSchedulerFactory - [instantiate,1362] - Quartz scheduler 'RuoyiScheduler' initialized from an externally provided properties instance.
10:32:58.192 [main] INFO  o.q.i.StdSchedulerFactory - [instantiate,1366] - Quartz scheduler version: 2.3.1
10:32:58.207 [main] INFO  o.q.c.QuartzScheduler - [setJobFactory,2293] - JobFactory set to: org.springframework.scheduling.quartz.AdaptableJobFactory@2444c3df
10:33:00.364 [main] INFO  s.d.s.w.PropertySourcedRequestMappingHandlerMapping - [initHandlerMethods,69] - Mapped URL path [/v2/api-docs] onto method [public org.springframework.http.ResponseEntity<springfox.documentation.spring.web.json.Json> springfox.documentation.swagger2.web.Swagger2Controller.getDocumentation(java.lang.String,javax.servlet.http.HttpServletRequest)]
10:33:01.727 [main] INFO  s.d.s.w.p.DocumentationPluginsBootstrapper - [start,160] - Context refreshed
10:33:01.981 [main] INFO  s.d.s.w.p.DocumentationPluginsBootstrapper - [start,163] - Found 1 custom documentation plugin(s)
10:33:02.039 [main] INFO  s.d.s.w.s.ApiListingReferenceScanner - [scan,41] - Scanning for api listing references
10:33:02.301 [main] INFO  s.d.s.w.r.o.CachingOperationNameGenerator - [startingWith,40] - Generating unique operation named: listUsingGET_1
10:33:02.337 [main] INFO  o.a.c.h.Http11NioProtocol - [log,173] - Starting ProtocolHandler ["http-nio-8080"]
10:33:02.384 [main] INFO  c.r.RuoYiApplication - [logStarted,59] - Started RuoYiApplication in 10.913 seconds (JVM running for 15.118)
10:33:03.339 [Quartz Scheduler [RuoyiScheduler]] INFO  o.q.c.QuartzScheduler - [start,547] - Scheduler RuoyiScheduler_$_NON_CLUSTERED started.
10:33:16.537 [http-nio-8080-exec-1] INFO  o.a.c.c.C.[.[.[/] - [log,173] - Initializing Spring DispatcherServlet 'dispatcherServlet'
10:33:23.769 [schedule-pool-1] INFO  sys-user - [run,54] - [127.0.0.1]内网IP[admin][Success][登录成功]
10:39:29.962 [Thread-28] INFO  o.q.c.QuartzScheduler - [standby,585] - Scheduler RuoyiScheduler_$_NON_CLUSTERED paused.
10:39:30.013 [Thread-28] INFO  o.q.c.QuartzScheduler - [shutdown,666] - Scheduler RuoyiScheduler_$_NON_CLUSTERED shutting down.
10:39:30.013 [Thread-28] INFO  o.q.c.QuartzScheduler - [standby,585] - Scheduler RuoyiScheduler_$_NON_CLUSTERED paused.
10:39:30.014 [Thread-28] INFO  o.q.c.QuartzScheduler - [shutdown,740] - Scheduler RuoyiScheduler_$_NON_CLUSTERED shutdown complete.
10:39:30.014 [Thread-28] INFO  sys-user - [shutdownAsyncManager,31] - ====关闭后台任务任务线程池====
10:39:30.020 [Thread-28] INFO  c.a.d.p.DruidDataSource - [close,1928] - {dataSource-1} closed
10:39:35.788 [main] INFO  c.r.RuoYiApplication - [logStarting,50] - Starting RuoYiApplication on Vetch with PID 32456 (started by vetch in C:\Users\75440\Desktop\任务\简历整理\CUDR和模板下载\pactera_happyclock (2)\pactera_happyclock\pacter_happyclock_server)
10:39:35.791 [main] INFO  c.r.RuoYiApplication - [logStartupProfileInfo,651] - The following profiles are active: druid
10:39:39.418 [main] INFO  o.a.c.h.Http11NioProtocol - [log,173] - Initializing ProtocolHandler ["http-nio-8080"]
10:39:39.428 [main] INFO  o.a.c.c.StandardService - [log,173] - Starting service [Tomcat]
10:39:39.429 [main] INFO  o.a.c.c.StandardEngine - [log,173] - Starting Servlet engine: [Apache Tomcat/9.0.22]
10:39:39.539 [main] INFO  o.a.c.c.C.[.[.[/] - [log,173] - Initializing Spring embedded WebApplicationContext
10:39:41.137 [main] INFO  o.q.i.StdSchedulerFactory - [instantiate,1208] - Using default implementation for ThreadExecutor
10:39:41.153 [main] INFO  o.q.c.SchedulerSignalerImpl - [<init>,61] - Initialized Scheduler Signaller of type: class org.quartz.core.SchedulerSignalerImpl
10:39:41.154 [main] INFO  o.q.c.QuartzScheduler - [<init>,229] - Quartz Scheduler v.2.3.1 created.
10:39:41.530 [main] INFO  c.a.d.p.DruidDataSource - [init,991] - {dataSource-1} inited
10:39:41.544 [main] INFO  o.q.c.QuartzScheduler - [initialize,294] - Scheduler meta-data: Quartz Scheduler (v2.3.1) 'RuoyiScheduler' with instanceId 'NON_CLUSTERED'
  Scheduler class: 'org.quartz.core.QuartzScheduler' - running locally.
  NOT STARTED.
  Currently in standby mode.
  Number of jobs executed: 0
  Using thread pool 'org.quartz.simpl.SimpleThreadPool' - with 20 threads.
  Using job-store 'org.springframework.scheduling.quartz.LocalDataSourceJobStore' - which supports persistence. and is not clustered.

10:39:41.545 [main] INFO  o.q.i.StdSchedulerFactory - [instantiate,1362] - Quartz scheduler 'RuoyiScheduler' initialized from an externally provided properties instance.
10:39:41.545 [main] INFO  o.q.i.StdSchedulerFactory - [instantiate,1366] - Quartz scheduler version: 2.3.1
10:39:41.547 [main] INFO  o.q.c.QuartzScheduler - [setJobFactory,2293] - JobFactory set to: org.springframework.scheduling.quartz.AdaptableJobFactory@60e47aab
10:39:43.563 [main] INFO  s.d.s.w.PropertySourcedRequestMappingHandlerMapping - [initHandlerMethods,69] - Mapped URL path [/v2/api-docs] onto method [public org.springframework.http.ResponseEntity<springfox.documentation.spring.web.json.Json> springfox.documentation.swagger2.web.Swagger2Controller.getDocumentation(java.lang.String,javax.servlet.http.HttpServletRequest)]
10:39:44.864 [main] INFO  s.d.s.w.p.DocumentationPluginsBootstrapper - [start,160] - Context refreshed
10:39:44.894 [main] INFO  s.d.s.w.p.DocumentationPluginsBootstrapper - [start,163] - Found 1 custom documentation plugin(s)
10:39:45.179 [main] INFO  s.d.s.w.s.ApiListingReferenceScanner - [scan,41] - Scanning for api listing references
10:39:45.431 [main] INFO  s.d.s.w.r.o.CachingOperationNameGenerator - [startingWith,40] - Generating unique operation named: listUsingGET_1
10:39:45.480 [main] INFO  o.a.c.h.Http11NioProtocol - [log,173] - Starting ProtocolHandler ["http-nio-8080"]
10:39:45.521 [main] INFO  c.r.RuoYiApplication - [logStarted,59] - Started RuoYiApplication in 10.231 seconds (JVM running for 11.754)
10:39:46.477 [Quartz Scheduler [RuoyiScheduler]] INFO  o.q.c.QuartzScheduler - [start,547] - Scheduler RuoyiScheduler_$_NON_CLUSTERED started.
10:43:12.628 [http-nio-8080-exec-1] INFO  o.a.c.c.C.[.[.[/] - [log,173] - Initializing Spring DispatcherServlet 'dispatcherServlet'
10:43:24.043 [schedule-pool-1] INFO  sys-user - [run,54] - [127.0.0.1]内网IP[admin][Success][登录成功]
10:58:35.084 [Thread-23] INFO  o.q.c.QuartzScheduler - [standby,585] - Scheduler RuoyiScheduler_$_NON_CLUSTERED paused.
10:58:35.169 [Thread-23] INFO  o.q.c.QuartzScheduler - [shutdown,666] - Scheduler RuoyiScheduler_$_NON_CLUSTERED shutting down.
10:58:35.169 [Thread-23] INFO  o.q.c.QuartzScheduler - [standby,585] - Scheduler RuoyiScheduler_$_NON_CLUSTERED paused.
10:58:35.171 [Thread-23] INFO  o.q.c.QuartzScheduler - [shutdown,740] - Scheduler RuoyiScheduler_$_NON_CLUSTERED shutdown complete.
10:58:35.171 [Thread-23] INFO  sys-user - [shutdownAsyncManager,31] - ====关闭后台任务任务线程池====
10:58:35.242 [Thread-23] INFO  c.a.d.p.DruidDataSource - [close,1928] - {dataSource-1} closed
10:58:45.650 [main] INFO  c.r.RuoYiApplication - [logStarting,50] - Starting RuoYiApplication on Vetch with PID 1556 (started by vetch in C:\Users\75440\Desktop\任务\简历整理\CUDR和模板下载\pactera_happyclock (2)\pactera_happyclock\pacter_happyclock_server)
10:58:45.654 [main] INFO  c.r.RuoYiApplication - [logStartupProfileInfo,651] - The following profiles are active: druid
10:58:49.663 [main] INFO  o.a.c.h.Http11NioProtocol - [log,173] - Initializing ProtocolHandler ["http-nio-8080"]
10:58:49.704 [main] INFO  o.a.c.c.StandardService - [log,173] - Starting service [Tomcat]
10:58:49.704 [main] INFO  o.a.c.c.StandardEngine - [log,173] - Starting Servlet engine: [Apache Tomcat/9.0.22]
10:58:50.190 [main] INFO  o.a.c.c.C.[.[.[/] - [log,173] - Initializing Spring embedded WebApplicationContext
10:58:53.287 [main] INFO  o.q.i.StdSchedulerFactory - [instantiate,1208] - Using default implementation for ThreadExecutor
10:58:53.297 [main] INFO  o.q.c.SchedulerSignalerImpl - [<init>,61] - Initialized Scheduler Signaller of type: class org.quartz.core.SchedulerSignalerImpl
10:58:53.297 [main] INFO  o.q.c.QuartzScheduler - [<init>,229] - Quartz Scheduler v.2.3.1 created.
10:58:53.872 [main] INFO  c.a.d.p.DruidDataSource - [init,991] - {dataSource-1} inited
10:58:53.880 [main] INFO  o.q.c.QuartzScheduler - [initialize,294] - Scheduler meta-data: Quartz Scheduler (v2.3.1) 'RuoyiScheduler' with instanceId 'NON_CLUSTERED'
  Scheduler class: 'org.quartz.core.QuartzScheduler' - running locally.
  NOT STARTED.
  Currently in standby mode.
  Number of jobs executed: 0
  Using thread pool 'org.quartz.simpl.SimpleThreadPool' - with 20 threads.
  Using job-store 'org.springframework.scheduling.quartz.LocalDataSourceJobStore' - which supports persistence. and is not clustered.

10:58:53.880 [main] INFO  o.q.i.StdSchedulerFactory - [instantiate,1362] - Quartz scheduler 'RuoyiScheduler' initialized from an externally provided properties instance.
10:58:53.880 [main] INFO  o.q.i.StdSchedulerFactory - [instantiate,1366] - Quartz scheduler version: 2.3.1
10:58:53.881 [main] INFO  o.q.c.QuartzScheduler - [setJobFactory,2293] - JobFactory set to: org.springframework.scheduling.quartz.AdaptableJobFactory@3e4d40ea
10:59:45.688 [main] INFO  s.d.s.w.PropertySourcedRequestMappingHandlerMapping - [initHandlerMethods,69] - Mapped URL path [/v2/api-docs] onto method [public org.springframework.http.ResponseEntity<springfox.documentation.spring.web.json.Json> springfox.documentation.swagger2.web.Swagger2Controller.getDocumentation(java.lang.String,javax.servlet.http.HttpServletRequest)]
10:59:53.039 [main] INFO  s.d.s.w.p.DocumentationPluginsBootstrapper - [start,160] - Context refreshed
10:59:53.180 [main] INFO  s.d.s.w.p.DocumentationPluginsBootstrapper - [start,163] - Found 1 custom documentation plugin(s)
10:59:53.289 [main] INFO  s.d.s.w.s.ApiListingReferenceScanner - [scan,41] - Scanning for api listing references
10:59:53.828 [main] INFO  s.d.s.w.r.o.CachingOperationNameGenerator - [startingWith,40] - Generating unique operation named: listUsingGET_1
10:59:53.860 [main] INFO  o.a.c.h.Http11NioProtocol - [log,173] - Starting ProtocolHandler ["http-nio-8080"]
10:59:53.912 [main] INFO  c.r.RuoYiApplication - [logStarted,59] - Started RuoYiApplication in 68.882 seconds (JVM running for 70.934)
10:59:54.868 [Quartz Scheduler [RuoyiScheduler]] INFO  o.q.c.QuartzScheduler - [start,547] - Scheduler RuoyiScheduler_$_NON_CLUSTERED started.
11:00:05.158 [http-nio-8080-exec-2] INFO  o.a.c.c.C.[.[.[/] - [log,173] - Initializing Spring DispatcherServlet 'dispatcherServlet'
11:00:36.440 [schedule-pool-1] INFO  sys-user - [run,54] - [127.0.0.1]内网IP[admin][Success][登录成功]
11:19:55.306 [main] INFO  c.r.RuoYiApplication - [logStarting,50] - Starting RuoYiApplication on Vetch with PID 2276 (started by vetch in C:\Users\75440\Desktop\任务\简历整理\CUDR和模板下载\pactera_happyclock (2)\pactera_happyclock\pacter_happyclock_server)
11:19:55.309 [main] INFO  c.r.RuoYiApplication - [logStartupProfileInfo,651] - The following profiles are active: druid
11:19:58.153 [main] INFO  o.a.c.h.Http11NioProtocol - [log,173] - Initializing ProtocolHandler ["http-nio-8080"]
11:19:58.162 [main] INFO  o.a.c.c.StandardService - [log,173] - Starting service [Tomcat]
11:19:58.162 [main] INFO  o.a.c.c.StandardEngine - [log,173] - Starting Servlet engine: [Apache Tomcat/9.0.22]
11:19:58.374 [main] INFO  o.a.c.c.C.[.[.[/] - [log,173] - Initializing Spring embedded WebApplicationContext
11:19:59.941 [main] INFO  o.q.i.StdSchedulerFactory - [instantiate,1208] - Using default implementation for ThreadExecutor
11:19:59.952 [main] INFO  o.q.c.SchedulerSignalerImpl - [<init>,61] - Initialized Scheduler Signaller of type: class org.quartz.core.SchedulerSignalerImpl
11:19:59.952 [main] INFO  o.q.c.QuartzScheduler - [<init>,229] - Quartz Scheduler v.2.3.1 created.
11:20:00.302 [main] INFO  c.a.d.p.DruidDataSource - [init,991] - {dataSource-1} inited
11:20:00.310 [main] INFO  o.q.c.QuartzScheduler - [initialize,294] - Scheduler meta-data: Quartz Scheduler (v2.3.1) 'RuoyiScheduler' with instanceId 'NON_CLUSTERED'
  Scheduler class: 'org.quartz.core.QuartzScheduler' - running locally.
  NOT STARTED.
  Currently in standby mode.
  Number of jobs executed: 0
  Using thread pool 'org.quartz.simpl.SimpleThreadPool' - with 20 threads.
  Using job-store 'org.springframework.scheduling.quartz.LocalDataSourceJobStore' - which supports persistence. and is not clustered.

11:20:00.310 [main] INFO  o.q.i.StdSchedulerFactory - [instantiate,1362] - Quartz scheduler 'RuoyiScheduler' initialized from an externally provided properties instance.
11:20:00.310 [main] INFO  o.q.i.StdSchedulerFactory - [instantiate,1366] - Quartz scheduler version: 2.3.1
11:20:00.311 [main] INFO  o.q.c.QuartzScheduler - [setJobFactory,2293] - JobFactory set to: org.springframework.scheduling.quartz.AdaptableJobFactory@69ec93c2
11:20:01.895 [main] INFO  s.d.s.w.PropertySourcedRequestMappingHandlerMapping - [initHandlerMethods,69] - Mapped URL path [/v2/api-docs] onto method [public org.springframework.http.ResponseEntity<springfox.documentation.spring.web.json.Json> springfox.documentation.swagger2.web.Swagger2Controller.getDocumentation(java.lang.String,javax.servlet.http.HttpServletRequest)]
11:20:02.874 [main] INFO  s.d.s.w.p.DocumentationPluginsBootstrapper - [start,160] - Context refreshed
11:20:02.946 [main] INFO  s.d.s.w.p.DocumentationPluginsBootstrapper - [start,163] - Found 1 custom documentation plugin(s)
11:20:02.998 [main] INFO  s.d.s.w.s.ApiListingReferenceScanner - [scan,41] - Scanning for api listing references
11:20:03.356 [main] INFO  s.d.s.w.r.o.CachingOperationNameGenerator - [startingWith,40] - Generating unique operation named: listUsingGET_1
11:20:03.385 [main] INFO  o.a.c.h.Http11NioProtocol - [log,173] - Starting ProtocolHandler ["http-nio-8080"]
11:20:03.421 [main] INFO  c.r.RuoYiApplication - [logStarted,59] - Started RuoYiApplication in 8.756 seconds (JVM running for 10.277)
11:20:04.387 [Quartz Scheduler [RuoyiScheduler]] INFO  o.q.c.QuartzScheduler - [start,547] - Scheduler RuoyiScheduler_$_NON_CLUSTERED started.
11:21:13.551 [http-nio-8080-exec-1] INFO  o.a.c.c.C.[.[.[/] - [log,173] - Initializing Spring DispatcherServlet 'dispatcherServlet'
11:21:43.359 [schedule-pool-1] INFO  sys-user - [run,54] - [127.0.0.1]内网IP[admin][Success][登录成功]
11:24:34.016 [main] INFO  c.r.RuoYiApplication - [logStarting,50] - Starting RuoYiApplication on Vetch with PID 31692 (started by vetch in C:\Users\75440\Desktop\任务\简历整理\CUDR和模板下载\pactera_happyclock (2)\pactera_happyclock\pacter_happyclock_server)
11:24:34.019 [main] INFO  c.r.RuoYiApplication - [logStartupProfileInfo,651] - The following profiles are active: druid
11:24:36.797 [main] INFO  o.a.c.h.Http11NioProtocol - [log,173] - Initializing ProtocolHandler ["http-nio-8080"]
11:24:36.808 [main] INFO  o.a.c.c.StandardService - [log,173] - Starting service [Tomcat]
11:24:36.808 [main] INFO  o.a.c.c.StandardEngine - [log,173] - Starting Servlet engine: [Apache Tomcat/9.0.22]
11:24:36.932 [main] INFO  o.a.c.c.C.[.[.[/] - [log,173] - Initializing Spring embedded WebApplicationContext
11:24:38.362 [main] INFO  o.q.i.StdSchedulerFactory - [instantiate,1208] - Using default implementation for ThreadExecutor
11:24:38.379 [main] INFO  o.q.c.SchedulerSignalerImpl - [<init>,61] - Initialized Scheduler Signaller of type: class org.quartz.core.SchedulerSignalerImpl
11:24:38.379 [main] INFO  o.q.c.QuartzScheduler - [<init>,229] - Quartz Scheduler v.2.3.1 created.
11:24:38.567 [main] INFO  c.a.d.p.DruidDataSource - [init,991] - {dataSource-1} inited
11:24:38.576 [main] INFO  o.q.c.QuartzScheduler - [initialize,294] - Scheduler meta-data: Quartz Scheduler (v2.3.1) 'RuoyiScheduler' with instanceId 'NON_CLUSTERED'
  Scheduler class: 'org.quartz.core.QuartzScheduler' - running locally.
  NOT STARTED.
  Currently in standby mode.
  Number of jobs executed: 0
  Using thread pool 'org.quartz.simpl.SimpleThreadPool' - with 20 threads.
  Using job-store 'org.springframework.scheduling.quartz.LocalDataSourceJobStore' - which supports persistence. and is not clustered.

11:24:38.576 [main] INFO  o.q.i.StdSchedulerFactory - [instantiate,1362] - Quartz scheduler 'RuoyiScheduler' initialized from an externally provided properties instance.
11:24:38.577 [main] INFO  o.q.i.StdSchedulerFactory - [instantiate,1366] - Quartz scheduler version: 2.3.1
11:24:38.581 [main] INFO  o.q.c.QuartzScheduler - [setJobFactory,2293] - JobFactory set to: org.springframework.scheduling.quartz.AdaptableJobFactory@41e9f86
11:24:40.091 [main] INFO  s.d.s.w.PropertySourcedRequestMappingHandlerMapping - [initHandlerMethods,69] - Mapped URL path [/v2/api-docs] onto method [public org.springframework.http.ResponseEntity<springfox.documentation.spring.web.json.Json> springfox.documentation.swagger2.web.Swagger2Controller.getDocumentation(java.lang.String,javax.servlet.http.HttpServletRequest)]
11:24:41.092 [main] INFO  s.d.s.w.p.DocumentationPluginsBootstrapper - [start,160] - Context refreshed
11:24:41.106 [main] INFO  s.d.s.w.p.DocumentationPluginsBootstrapper - [start,163] - Found 1 custom documentation plugin(s)
11:24:41.152 [main] INFO  s.d.s.w.s.ApiListingReferenceScanner - [scan,41] - Scanning for api listing references
11:24:41.481 [main] INFO  s.d.s.w.r.o.CachingOperationNameGenerator - [startingWith,40] - Generating unique operation named: listUsingGET_1
11:24:41.510 [main] INFO  o.a.c.h.Http11NioProtocol - [log,173] - Starting ProtocolHandler ["http-nio-8080"]
11:24:41.538 [main] INFO  c.r.RuoYiApplication - [logStarted,59] - Started RuoYiApplication in 7.956 seconds (JVM running for 8.852)
11:24:42.512 [Quartz Scheduler [RuoyiScheduler]] INFO  o.q.c.QuartzScheduler - [start,547] - Scheduler RuoyiScheduler_$_NON_CLUSTERED started.
11:24:55.802 [http-nio-8080-exec-1] INFO  o.a.c.c.C.[.[.[/] - [log,173] - Initializing Spring DispatcherServlet 'dispatcherServlet'
11:25:02.389 [schedule-pool-1] INFO  sys-user - [run,54] - [127.0.0.1]内网IP[admin][Success][登录成功]
11:32:07.991 [main] INFO  c.r.RuoYiApplication - [logStarting,50] - Starting RuoYiApplication on Vetch with PID 32316 (started by vetch in C:\Users\75440\Desktop\任务\简历整理\CUDR和模板下载\pactera_happyclock (2)\pactera_happyclock\pacter_happyclock_server)
11:32:07.994 [main] INFO  c.r.RuoYiApplication - [logStartupProfileInfo,651] - The following profiles are active: druid
11:32:10.598 [main] INFO  o.a.c.h.Http11NioProtocol - [log,173] - Initializing ProtocolHandler ["http-nio-8080"]
11:32:10.606 [main] INFO  o.a.c.c.StandardService - [log,173] - Starting service [Tomcat]
11:32:10.606 [main] INFO  o.a.c.c.StandardEngine - [log,173] - Starting Servlet engine: [Apache Tomcat/9.0.22]
11:32:10.709 [main] INFO  o.a.c.c.C.[.[.[/] - [log,173] - Initializing Spring embedded WebApplicationContext
11:32:11.900 [main] INFO  o.q.i.StdSchedulerFactory - [instantiate,1208] - Using default implementation for ThreadExecutor
11:32:11.910 [main] INFO  o.q.c.SchedulerSignalerImpl - [<init>,61] - Initialized Scheduler Signaller of type: class org.quartz.core.SchedulerSignalerImpl
11:32:11.911 [main] INFO  o.q.c.QuartzScheduler - [<init>,229] - Quartz Scheduler v.2.3.1 created.
11:32:12.309 [main] INFO  c.a.d.p.DruidDataSource - [init,991] - {dataSource-1} inited
11:32:12.317 [main] INFO  o.q.c.QuartzScheduler - [initialize,294] - Scheduler meta-data: Quartz Scheduler (v2.3.1) 'RuoyiScheduler' with instanceId 'NON_CLUSTERED'
  Scheduler class: 'org.quartz.core.QuartzScheduler' - running locally.
  NOT STARTED.
  Currently in standby mode.
  Number of jobs executed: 0
  Using thread pool 'org.quartz.simpl.SimpleThreadPool' - with 20 threads.
  Using job-store 'org.springframework.scheduling.quartz.LocalDataSourceJobStore' - which supports persistence. and is not clustered.

11:32:12.318 [main] INFO  o.q.i.StdSchedulerFactory - [instantiate,1362] - Quartz scheduler 'RuoyiScheduler' initialized from an externally provided properties instance.
11:32:12.318 [main] INFO  o.q.i.StdSchedulerFactory - [instantiate,1366] - Quartz scheduler version: 2.3.1
11:32:12.319 [main] INFO  o.q.c.QuartzScheduler - [setJobFactory,2293] - JobFactory set to: org.springframework.scheduling.quartz.AdaptableJobFactory@3313d477
11:32:13.762 [main] INFO  s.d.s.w.PropertySourcedRequestMappingHandlerMapping - [initHandlerMethods,69] - Mapped URL path [/v2/api-docs] onto method [public org.springframework.http.ResponseEntity<springfox.documentation.spring.web.json.Json> springfox.documentation.swagger2.web.Swagger2Controller.getDocumentation(java.lang.String,javax.servlet.http.HttpServletRequest)]
11:32:14.825 [main] INFO  s.d.s.w.p.DocumentationPluginsBootstrapper - [start,160] - Context refreshed
11:32:14.840 [main] INFO  s.d.s.w.p.DocumentationPluginsBootstrapper - [start,163] - Found 1 custom documentation plugin(s)
11:32:14.887 [main] INFO  s.d.s.w.s.ApiListingReferenceScanner - [scan,41] - Scanning for api listing references
11:32:15.234 [main] INFO  s.d.s.w.r.o.CachingOperationNameGenerator - [startingWith,40] - Generating unique operation named: listUsingGET_1
11:32:15.265 [main] INFO  o.a.c.h.Http11NioProtocol - [log,173] - Starting ProtocolHandler ["http-nio-8080"]
11:32:15.290 [main] INFO  c.r.RuoYiApplication - [logStarted,59] - Started RuoYiApplication in 7.781 seconds (JVM running for 8.663)
11:32:16.266 [Quartz Scheduler [RuoyiScheduler]] INFO  o.q.c.QuartzScheduler - [start,547] - Scheduler RuoyiScheduler_$_NON_CLUSTERED started.
11:32:20.786 [http-nio-8080-exec-1] INFO  o.a.c.c.C.[.[.[/] - [log,173] - Initializing Spring DispatcherServlet 'dispatcherServlet'
11:32:28.335 [schedule-pool-1] INFO  sys-user - [run,54] - [127.0.0.1]内网IP[admin][Success][登录成功]
12:02:39.901 [main] INFO  c.r.RuoYiApplication - [logStarting,50] - Starting RuoYiApplication on Vetch with PID 35108 (started by vetch in C:\Users\75440\Desktop\任务\简历整理\CUDR和模板下载\pactera_happyclock (2)\pactera_happyclock\pacter_happyclock_server)
12:02:39.905 [main] INFO  c.r.RuoYiApplication - [logStartupProfileInfo,651] - The following profiles are active: druid
12:02:42.338 [main] INFO  o.a.c.h.Http11NioProtocol - [log,173] - Initializing ProtocolHandler ["http-nio-8080"]
12:02:42.348 [main] INFO  o.a.c.c.StandardService - [log,173] - Starting service [Tomcat]
12:02:42.348 [main] INFO  o.a.c.c.StandardEngine - [log,173] - Starting Servlet engine: [Apache Tomcat/9.0.22]
12:02:42.460 [main] INFO  o.a.c.c.C.[.[.[/] - [log,173] - Initializing Spring embedded WebApplicationContext
12:02:43.887 [main] INFO  o.q.i.StdSchedulerFactory - [instantiate,1208] - Using default implementation for ThreadExecutor
12:02:43.905 [main] INFO  o.q.c.SchedulerSignalerImpl - [<init>,61] - Initialized Scheduler Signaller of type: class org.quartz.core.SchedulerSignalerImpl
12:02:43.905 [main] INFO  o.q.c.QuartzScheduler - [<init>,229] - Quartz Scheduler v.2.3.1 created.
12:02:44.226 [main] INFO  c.a.d.p.DruidDataSource - [init,991] - {dataSource-1} inited
12:02:44.234 [main] INFO  o.q.c.QuartzScheduler - [initialize,294] - Scheduler meta-data: Quartz Scheduler (v2.3.1) 'RuoyiScheduler' with instanceId 'NON_CLUSTERED'
  Scheduler class: 'org.quartz.core.QuartzScheduler' - running locally.
  NOT STARTED.
  Currently in standby mode.
  Number of jobs executed: 0
  Using thread pool 'org.quartz.simpl.SimpleThreadPool' - with 20 threads.
  Using job-store 'org.springframework.scheduling.quartz.LocalDataSourceJobStore' - which supports persistence. and is not clustered.

12:02:44.235 [main] INFO  o.q.i.StdSchedulerFactory - [instantiate,1362] - Quartz scheduler 'RuoyiScheduler' initialized from an externally provided properties instance.
12:02:44.235 [main] INFO  o.q.i.StdSchedulerFactory - [instantiate,1366] - Quartz scheduler version: 2.3.1
12:02:44.237 [main] INFO  o.q.c.QuartzScheduler - [setJobFactory,2293] - JobFactory set to: org.springframework.scheduling.quartz.AdaptableJobFactory@21c99abf
12:02:46.138 [main] INFO  s.d.s.w.PropertySourcedRequestMappingHandlerMapping - [initHandlerMethods,69] - Mapped URL path [/v2/api-docs] onto method [public org.springframework.http.ResponseEntity<springfox.documentation.spring.web.json.Json> springfox.documentation.swagger2.web.Swagger2Controller.getDocumentation(java.lang.String,javax.servlet.http.HttpServletRequest)]
12:02:47.279 [main] INFO  s.d.s.w.p.DocumentationPluginsBootstrapper - [start,160] - Context refreshed
12:02:47.498 [main] INFO  s.d.s.w.p.DocumentationPluginsBootstrapper - [start,163] - Found 1 custom documentation plugin(s)
12:02:47.566 [main] INFO  s.d.s.w.s.ApiListingReferenceScanner - [scan,41] - Scanning for api listing references
12:02:47.758 [main] INFO  s.d.s.w.r.o.CachingOperationNameGenerator - [startingWith,40] - Generating unique operation named: listUsingGET_1
12:02:47.795 [main] INFO  o.a.c.h.Http11NioProtocol - [log,173] - Starting ProtocolHandler ["http-nio-8080"]
12:02:47.829 [main] INFO  c.r.RuoYiApplication - [logStarted,59] - Started RuoYiApplication in 8.335 seconds (JVM running for 11.313)
12:02:48.832 [Quartz Scheduler [RuoyiScheduler]] INFO  o.q.c.QuartzScheduler - [start,547] - Scheduler RuoyiScheduler_$_NON_CLUSTERED started.
12:03:05.854 [http-nio-8080-exec-2] INFO  o.a.c.c.C.[.[.[/] - [log,173] - Initializing Spring DispatcherServlet 'dispatcherServlet'
12:03:17.676 [schedule-pool-1] INFO  sys-user - [run,54] - [127.0.0.1]内网IP[admin][Success][登录成功]
12:05:19.717 [Thread-22] INFO  o.q.c.QuartzScheduler - [standby,585] - Scheduler RuoyiScheduler_$_NON_CLUSTERED paused.
12:05:19.827 [Thread-22] INFO  o.q.c.QuartzScheduler - [shutdown,666] - Scheduler RuoyiScheduler_$_NON_CLUSTERED shutting down.
12:05:19.827 [Thread-22] INFO  o.q.c.QuartzScheduler - [standby,585] - Scheduler RuoyiScheduler_$_NON_CLUSTERED paused.
12:05:19.828 [Thread-22] INFO  o.q.c.QuartzScheduler - [shutdown,740] - Scheduler RuoyiScheduler_$_NON_CLUSTERED shutdown complete.
12:05:19.829 [Thread-22] INFO  sys-user - [shutdownAsyncManager,31] - ====关闭后台任务任务线程池====
12:05:19.849 [Thread-22] INFO  c.a.d.p.DruidDataSource - [close,1928] - {dataSource-1} closed
12:05:46.337 [main] INFO  c.r.RuoYiApplication - [logStarting,50] - Starting RuoYiApplication on Vetch with PID 31940 (started by vetch in C:\Users\75440\Desktop\任务\简历整理\CUDR和模板下载\pactera_happyclock (2)\pactera_happyclock\pacter_happyclock_server)
12:05:46.340 [main] INFO  c.r.RuoYiApplication - [logStartupProfileInfo,651] - The following profiles are active: druid
12:05:48.482 [main] INFO  o.a.c.h.Http11NioProtocol - [log,173] - Initializing ProtocolHandler ["http-nio-8080"]
12:05:48.490 [main] INFO  o.a.c.c.StandardService - [log,173] - Starting service [Tomcat]
12:05:48.490 [main] INFO  o.a.c.c.StandardEngine - [log,173] - Starting Servlet engine: [Apache Tomcat/9.0.22]
12:05:48.591 [main] INFO  o.a.c.c.C.[.[.[/] - [log,173] - Initializing Spring embedded WebApplicationContext
12:05:49.770 [main] INFO  o.q.i.StdSchedulerFactory - [instantiate,1208] - Using default implementation for ThreadExecutor
12:05:49.781 [main] INFO  o.q.c.SchedulerSignalerImpl - [<init>,61] - Initialized Scheduler Signaller of type: class org.quartz.core.SchedulerSignalerImpl
12:05:49.781 [main] INFO  o.q.c.QuartzScheduler - [<init>,229] - Quartz Scheduler v.2.3.1 created.
12:05:50.179 [main] INFO  c.a.d.p.DruidDataSource - [init,991] - {dataSource-1} inited
12:05:50.186 [main] INFO  o.q.c.QuartzScheduler - [initialize,294] - Scheduler meta-data: Quartz Scheduler (v2.3.1) 'RuoyiScheduler' with instanceId 'NON_CLUSTERED'
  Scheduler class: 'org.quartz.core.QuartzScheduler' - running locally.
  NOT STARTED.
  Currently in standby mode.
  Number of jobs executed: 0
  Using thread pool 'org.quartz.simpl.SimpleThreadPool' - with 20 threads.
  Using job-store 'org.springframework.scheduling.quartz.LocalDataSourceJobStore' - which supports persistence. and is not clustered.

12:05:50.187 [main] INFO  o.q.i.StdSchedulerFactory - [instantiate,1362] - Quartz scheduler 'RuoyiScheduler' initialized from an externally provided properties instance.
12:05:50.187 [main] INFO  o.q.i.StdSchedulerFactory - [instantiate,1366] - Quartz scheduler version: 2.3.1
12:05:50.189 [main] INFO  o.q.c.QuartzScheduler - [setJobFactory,2293] - JobFactory set to: org.springframework.scheduling.quartz.AdaptableJobFactory@1e6060f1
12:05:51.632 [main] INFO  s.d.s.w.PropertySourcedRequestMappingHandlerMapping - [initHandlerMethods,69] - Mapped URL path [/v2/api-docs] onto method [public org.springframework.http.ResponseEntity<springfox.documentation.spring.web.json.Json> springfox.documentation.swagger2.web.Swagger2Controller.getDocumentation(java.lang.String,javax.servlet.http.HttpServletRequest)]
12:05:52.555 [main] INFO  s.d.s.w.p.DocumentationPluginsBootstrapper - [start,160] - Context refreshed
12:05:52.570 [main] INFO  s.d.s.w.p.DocumentationPluginsBootstrapper - [start,163] - Found 1 custom documentation plugin(s)
12:05:52.617 [main] INFO  s.d.s.w.s.ApiListingReferenceScanner - [scan,41] - Scanning for api listing references
12:05:52.960 [main] INFO  s.d.s.w.r.o.CachingOperationNameGenerator - [startingWith,40] - Generating unique operation named: listUsingGET_1
12:05:52.990 [main] INFO  o.a.c.h.Http11NioProtocol - [log,173] - Starting ProtocolHandler ["http-nio-8080"]
12:05:53.015 [main] INFO  c.r.RuoYiApplication - [logStarted,59] - Started RuoYiApplication in 7.091 seconds (JVM running for 8.0)
12:05:53.992 [Quartz Scheduler [RuoyiScheduler]] INFO  o.q.c.QuartzScheduler - [start,547] - Scheduler RuoyiScheduler_$_NON_CLUSTERED started.
12:06:03.555 [http-nio-8080-exec-1] INFO  o.a.c.c.C.[.[.[/] - [log,173] - Initializing Spring DispatcherServlet 'dispatcherServlet'
12:06:11.632 [schedule-pool-1] INFO  sys-user - [run,54] - [127.0.0.1]内网IP[admin][Error][验证码错误]
12:06:17.834 [schedule-pool-1] INFO  sys-user - [run,54] - [127.0.0.1]内网IP[admin][Success][登录成功]
12:14:10.076 [main] INFO  c.r.RuoYiApplication - [logStarting,50] - Starting RuoYiApplication on Vetch with PID 36032 (started by vetch in C:\Users\75440\Desktop\任务\简历整理\CUDR和模板下载\pactera_happyclock (2)\pactera_happyclock\pacter_happyclock_server)
12:14:10.079 [main] INFO  c.r.RuoYiApplication - [logStartupProfileInfo,651] - The following profiles are active: druid
12:14:12.584 [main] INFO  o.a.c.h.Http11NioProtocol - [log,173] - Initializing ProtocolHandler ["http-nio-8080"]
12:14:12.593 [main] INFO  o.a.c.c.StandardService - [log,173] - Starting service [Tomcat]
12:14:12.593 [main] INFO  o.a.c.c.StandardEngine - [log,173] - Starting Servlet engine: [Apache Tomcat/9.0.22]
12:14:12.689 [main] INFO  o.a.c.c.C.[.[.[/] - [log,173] - Initializing Spring embedded WebApplicationContext
12:14:14.222 [main] INFO  o.q.i.StdSchedulerFactory - [instantiate,1208] - Using default implementation for ThreadExecutor
12:14:14.233 [main] INFO  o.q.c.SchedulerSignalerImpl - [<init>,61] - Initialized Scheduler Signaller of type: class org.quartz.core.SchedulerSignalerImpl
12:14:14.234 [main] INFO  o.q.c.QuartzScheduler - [<init>,229] - Quartz Scheduler v.2.3.1 created.
12:14:14.408 [main] INFO  c.a.d.p.DruidDataSource - [init,991] - {dataSource-1} inited
12:14:14.419 [main] INFO  o.q.c.QuartzScheduler - [initialize,294] - Scheduler meta-data: Quartz Scheduler (v2.3.1) 'RuoyiScheduler' with instanceId 'NON_CLUSTERED'
  Scheduler class: 'org.quartz.core.QuartzScheduler' - running locally.
  NOT STARTED.
  Currently in standby mode.
  Number of jobs executed: 0
  Using thread pool 'org.quartz.simpl.SimpleThreadPool' - with 20 threads.
  Using job-store 'org.springframework.scheduling.quartz.LocalDataSourceJobStore' - which supports persistence. and is not clustered.

12:14:14.420 [main] INFO  o.q.i.StdSchedulerFactory - [instantiate,1362] - Quartz scheduler 'RuoyiScheduler' initialized from an externally provided properties instance.
12:14:14.420 [main] INFO  o.q.i.StdSchedulerFactory - [instantiate,1366] - Quartz scheduler version: 2.3.1
12:14:14.422 [main] INFO  o.q.c.QuartzScheduler - [setJobFactory,2293] - JobFactory set to: org.springframework.scheduling.quartz.AdaptableJobFactory@3a11c0eb
12:14:15.894 [main] INFO  s.d.s.w.PropertySourcedRequestMappingHandlerMapping - [initHandlerMethods,69] - Mapped URL path [/v2/api-docs] onto method [public org.springframework.http.ResponseEntity<springfox.documentation.spring.web.json.Json> springfox.documentation.swagger2.web.Swagger2Controller.getDocumentation(java.lang.String,javax.servlet.http.HttpServletRequest)]
12:14:16.841 [main] INFO  s.d.s.w.p.DocumentationPluginsBootstrapper - [start,160] - Context refreshed
12:14:16.856 [main] INFO  s.d.s.w.p.DocumentationPluginsBootstrapper - [start,163] - Found 1 custom documentation plugin(s)
12:14:16.901 [main] INFO  s.d.s.w.s.ApiListingReferenceScanner - [scan,41] - Scanning for api listing references
12:14:17.059 [main] INFO  s.d.s.w.r.o.CachingOperationNameGenerator - [startingWith,40] - Generating unique operation named: listUsingGET_1
12:14:17.091 [main] INFO  o.a.c.h.Http11NioProtocol - [log,173] - Starting ProtocolHandler ["http-nio-8080"]
12:14:17.318 [main] INFO  c.r.RuoYiApplication - [logStarted,59] - Started RuoYiApplication in 7.647 seconds (JVM running for 8.692)
12:14:18.090 [Quartz Scheduler [RuoyiScheduler]] INFO  o.q.c.QuartzScheduler - [start,547] - Scheduler RuoyiScheduler_$_NON_CLUSTERED started.
12:14:45.743 [http-nio-8080-exec-1] INFO  o.a.c.c.C.[.[.[/] - [log,173] - Initializing Spring DispatcherServlet 'dispatcherServlet'
12:15:03.672 [schedule-pool-1] INFO  sys-user - [run,54] - [127.0.0.1]内网IP[项目经理1][Success][登录成功]
12:18:45.434 [main] INFO  c.r.RuoYiApplication - [logStarting,50] - Starting RuoYiApplication on Vetch with PID 34256 (started by vetch in C:\Users\75440\Desktop\任务\简历整理\CUDR和模板下载\pactera_happyclock (2)\pactera_happyclock\pacter_happyclock_server)
12:18:45.436 [main] INFO  c.r.RuoYiApplication - [logStartupProfileInfo,651] - The following profiles are active: druid
12:18:47.805 [main] INFO  o.a.c.h.Http11NioProtocol - [log,173] - Initializing ProtocolHandler ["http-nio-8080"]
12:18:47.814 [main] INFO  o.a.c.c.StandardService - [log,173] - Starting service [Tomcat]
12:18:47.815 [main] INFO  o.a.c.c.StandardEngine - [log,173] - Starting Servlet engine: [Apache Tomcat/9.0.22]
12:18:47.914 [main] INFO  o.a.c.c.C.[.[.[/] - [log,173] - Initializing Spring embedded WebApplicationContext
12:18:49.108 [main] INFO  o.q.i.StdSchedulerFactory - [instantiate,1208] - Using default implementation for ThreadExecutor
12:18:49.119 [main] INFO  o.q.c.SchedulerSignalerImpl - [<init>,61] - Initialized Scheduler Signaller of type: class org.quartz.core.SchedulerSignalerImpl
12:18:49.119 [main] INFO  o.q.c.QuartzScheduler - [<init>,229] - Quartz Scheduler v.2.3.1 created.
12:18:49.280 [main] INFO  c.a.d.p.DruidDataSource - [init,991] - {dataSource-1} inited
12:18:49.287 [main] INFO  o.q.c.QuartzScheduler - [initialize,294] - Scheduler meta-data: Quartz Scheduler (v2.3.1) 'RuoyiScheduler' with instanceId 'NON_CLUSTERED'
  Scheduler class: 'org.quartz.core.QuartzScheduler' - running locally.
  NOT STARTED.
  Currently in standby mode.
  Number of jobs executed: 0
  Using thread pool 'org.quartz.simpl.SimpleThreadPool' - with 20 threads.
  Using job-store 'org.springframework.scheduling.quartz.LocalDataSourceJobStore' - which supports persistence. and is not clustered.

12:18:49.288 [main] INFO  o.q.i.StdSchedulerFactory - [instantiate,1362] - Quartz scheduler 'RuoyiScheduler' initialized from an externally provided properties instance.
12:18:49.288 [main] INFO  o.q.i.StdSchedulerFactory - [instantiate,1366] - Quartz scheduler version: 2.3.1
12:18:49.289 [main] INFO  o.q.c.QuartzScheduler - [setJobFactory,2293] - JobFactory set to: org.springframework.scheduling.quartz.AdaptableJobFactory@6424e613
12:18:50.730 [main] INFO  s.d.s.w.PropertySourcedRequestMappingHandlerMapping - [initHandlerMethods,69] - Mapped URL path [/v2/api-docs] onto method [public org.springframework.http.ResponseEntity<springfox.documentation.spring.web.json.Json> springfox.documentation.swagger2.web.Swagger2Controller.getDocumentation(java.lang.String,javax.servlet.http.HttpServletRequest)]
12:18:51.718 [main] INFO  s.d.s.w.p.DocumentationPluginsBootstrapper - [start,160] - Context refreshed
12:18:51.733 [main] INFO  s.d.s.w.p.DocumentationPluginsBootstrapper - [start,163] - Found 1 custom documentation plugin(s)
12:18:51.780 [main] INFO  s.d.s.w.s.ApiListingReferenceScanner - [scan,41] - Scanning for api listing references
12:18:52.114 [main] INFO  s.d.s.w.r.o.CachingOperationNameGenerator - [startingWith,40] - Generating unique operation named: listUsingGET_1
12:18:52.143 [main] INFO  o.a.c.h.Http11NioProtocol - [log,173] - Starting ProtocolHandler ["http-nio-8080"]
12:18:52.170 [main] INFO  c.r.RuoYiApplication - [logStarted,59] - Started RuoYiApplication in 7.25 seconds (JVM running for 8.14)
12:18:53.145 [Quartz Scheduler [RuoyiScheduler]] INFO  o.q.c.QuartzScheduler - [start,547] - Scheduler RuoyiScheduler_$_NON_CLUSTERED started.
12:19:46.337 [http-nio-8080-exec-2] INFO  o.a.c.c.C.[.[.[/] - [log,173] - Initializing Spring DispatcherServlet 'dispatcherServlet'
12:19:53.666 [schedule-pool-1] INFO  sys-user - [run,54] - [127.0.0.1]内网IP[项目经理1][Success][登录成功]
12:28:10.167 [main] INFO  c.r.RuoYiApplication - [logStarting,50] - Starting RuoYiApplication on Vetch with PID 36180 (started by vetch in C:\Users\75440\Desktop\任务\简历整理\CUDR和模板下载\pactera_happyclock (2)\pactera_happyclock\pacter_happyclock_server)
12:28:10.170 [main] INFO  c.r.RuoYiApplication - [logStartupProfileInfo,651] - The following profiles are active: druid
12:28:12.462 [main] INFO  o.a.c.h.Http11NioProtocol - [log,173] - Initializing ProtocolHandler ["http-nio-8080"]
12:28:12.471 [main] INFO  o.a.c.c.StandardService - [log,173] - Starting service [Tomcat]
12:28:12.472 [main] INFO  o.a.c.c.StandardEngine - [log,173] - Starting Servlet engine: [Apache Tomcat/9.0.22]
12:28:12.571 [main] INFO  o.a.c.c.C.[.[.[/] - [log,173] - Initializing Spring embedded WebApplicationContext
12:28:13.750 [main] INFO  o.q.i.StdSchedulerFactory - [instantiate,1208] - Using default implementation for ThreadExecutor
12:28:13.761 [main] INFO  o.q.c.SchedulerSignalerImpl - [<init>,61] - Initialized Scheduler Signaller of type: class org.quartz.core.SchedulerSignalerImpl
12:28:13.762 [main] INFO  o.q.c.QuartzScheduler - [<init>,229] - Quartz Scheduler v.2.3.1 created.
12:28:14.063 [main] INFO  c.a.d.p.DruidDataSource - [init,991] - {dataSource-1} inited
12:28:14.071 [main] INFO  o.q.c.QuartzScheduler - [initialize,294] - Scheduler meta-data: Quartz Scheduler (v2.3.1) 'RuoyiScheduler' with instanceId 'NON_CLUSTERED'
  Scheduler class: 'org.quartz.core.QuartzScheduler' - running locally.
  NOT STARTED.
  Currently in standby mode.
  Number of jobs executed: 0
  Using thread pool 'org.quartz.simpl.SimpleThreadPool' - with 20 threads.
  Using job-store 'org.springframework.scheduling.quartz.LocalDataSourceJobStore' - which supports persistence. and is not clustered.

12:28:14.072 [main] INFO  o.q.i.StdSchedulerFactory - [instantiate,1362] - Quartz scheduler 'RuoyiScheduler' initialized from an externally provided properties instance.
12:28:14.072 [main] INFO  o.q.i.StdSchedulerFactory - [instantiate,1366] - Quartz scheduler version: 2.3.1
12:28:14.074 [main] INFO  o.q.c.QuartzScheduler - [setJobFactory,2293] - JobFactory set to: org.springframework.scheduling.quartz.AdaptableJobFactory@284bdeed
12:28:15.462 [main] INFO  s.d.s.w.PropertySourcedRequestMappingHandlerMapping - [initHandlerMethods,69] - Mapped URL path [/v2/api-docs] onto method [public org.springframework.http.ResponseEntity<springfox.documentation.spring.web.json.Json> springfox.documentation.swagger2.web.Swagger2Controller.getDocumentation(java.lang.String,javax.servlet.http.HttpServletRequest)]
12:28:16.415 [main] INFO  s.d.s.w.p.DocumentationPluginsBootstrapper - [start,160] - Context refreshed
12:28:16.429 [main] INFO  s.d.s.w.p.DocumentationPluginsBootstrapper - [start,163] - Found 1 custom documentation plugin(s)
12:28:16.478 [main] INFO  s.d.s.w.s.ApiListingReferenceScanner - [scan,41] - Scanning for api listing references
12:28:16.809 [main] INFO  s.d.s.w.r.o.CachingOperationNameGenerator - [startingWith,40] - Generating unique operation named: listUsingGET_1
12:28:16.839 [main] INFO  o.a.c.h.Http11NioProtocol - [log,173] - Starting ProtocolHandler ["http-nio-8080"]
12:28:16.866 [main] INFO  c.r.RuoYiApplication - [logStarted,59] - Started RuoYiApplication in 7.105 seconds (JVM running for 7.934)
12:28:17.840 [Quartz Scheduler [RuoyiScheduler]] INFO  o.q.c.QuartzScheduler - [start,547] - Scheduler RuoyiScheduler_$_NON_CLUSTERED started.
12:28:49.513 [http-nio-8080-exec-1] INFO  o.a.c.c.C.[.[.[/] - [log,173] - Initializing Spring DispatcherServlet 'dispatcherServlet'
12:28:58.993 [schedule-pool-1] INFO  sys-user - [run,54] - [127.0.0.1]内网IP[项目经理1][Error][验证码错误]
12:29:03.581 [schedule-pool-1] INFO  sys-user - [run,54] - [127.0.0.1]内网IP[项目经理1][Success][登录成功]
12:31:03.556 [main] INFO  c.r.RuoYiApplication - [logStarting,50] - Starting RuoYiApplication on Vetch with PID 36596 (started by vetch in C:\Users\75440\Desktop\任务\简历整理\CUDR和模板下载\pactera_happyclock (2)\pactera_happyclock\pacter_happyclock_server)
12:31:03.559 [main] INFO  c.r.RuoYiApplication - [logStartupProfileInfo,651] - The following profiles are active: druid
12:31:06.063 [main] INFO  o.a.c.h.Http11NioProtocol - [log,173] - Initializing ProtocolHandler ["http-nio-8080"]
12:31:06.070 [main] INFO  o.a.c.c.StandardService - [log,173] - Starting service [Tomcat]
12:31:06.071 [main] INFO  o.a.c.c.StandardEngine - [log,173] - Starting Servlet engine: [Apache Tomcat/9.0.22]
12:31:06.169 [main] INFO  o.a.c.c.C.[.[.[/] - [log,173] - Initializing Spring embedded WebApplicationContext
12:31:07.361 [main] INFO  o.q.i.StdSchedulerFactory - [instantiate,1208] - Using default implementation for ThreadExecutor
12:31:07.371 [main] INFO  o.q.c.SchedulerSignalerImpl - [<init>,61] - Initialized Scheduler Signaller of type: class org.quartz.core.SchedulerSignalerImpl
12:31:07.372 [main] INFO  o.q.c.QuartzScheduler - [<init>,229] - Quartz Scheduler v.2.3.1 created.
12:31:07.520 [main] INFO  c.a.d.p.DruidDataSource - [init,991] - {dataSource-1} inited
12:31:07.528 [main] INFO  o.q.c.QuartzScheduler - [initialize,294] - Scheduler meta-data: Quartz Scheduler (v2.3.1) 'RuoyiScheduler' with instanceId 'NON_CLUSTERED'
  Scheduler class: 'org.quartz.core.QuartzScheduler' - running locally.
  NOT STARTED.
  Currently in standby mode.
  Number of jobs executed: 0
  Using thread pool 'org.quartz.simpl.SimpleThreadPool' - with 20 threads.
  Using job-store 'org.springframework.scheduling.quartz.LocalDataSourceJobStore' - which supports persistence. and is not clustered.

12:31:07.529 [main] INFO  o.q.i.StdSchedulerFactory - [instantiate,1362] - Quartz scheduler 'RuoyiScheduler' initialized from an externally provided properties instance.
12:31:07.529 [main] INFO  o.q.i.StdSchedulerFactory - [instantiate,1366] - Quartz scheduler version: 2.3.1
12:31:07.531 [main] INFO  o.q.c.QuartzScheduler - [setJobFactory,2293] - JobFactory set to: org.springframework.scheduling.quartz.AdaptableJobFactory@2c2c3947
12:31:08.905 [main] INFO  s.d.s.w.PropertySourcedRequestMappingHandlerMapping - [initHandlerMethods,69] - Mapped URL path [/v2/api-docs] onto method [public org.springframework.http.ResponseEntity<springfox.documentation.spring.web.json.Json> springfox.documentation.swagger2.web.Swagger2Controller.getDocumentation(java.lang.String,javax.servlet.http.HttpServletRequest)]
12:31:09.815 [main] INFO  s.d.s.w.p.DocumentationPluginsBootstrapper - [start,160] - Context refreshed
12:31:09.830 [main] INFO  s.d.s.w.p.DocumentationPluginsBootstrapper - [start,163] - Found 1 custom documentation plugin(s)
12:31:09.879 [main] INFO  s.d.s.w.s.ApiListingReferenceScanner - [scan,41] - Scanning for api listing references
12:31:10.275 [main] INFO  s.d.s.w.r.o.CachingOperationNameGenerator - [startingWith,40] - Generating unique operation named: listUsingGET_1
12:31:10.305 [main] INFO  o.a.c.h.Http11NioProtocol - [log,173] - Starting ProtocolHandler ["http-nio-8080"]
12:31:10.328 [main] INFO  c.r.RuoYiApplication - [logStarted,59] - Started RuoYiApplication in 7.227 seconds (JVM running for 8.109)
12:31:11.308 [Quartz Scheduler [RuoyiScheduler]] INFO  o.q.c.QuartzScheduler - [start,547] - Scheduler RuoyiScheduler_$_NON_CLUSTERED started.
12:31:15.977 [http-nio-8080-exec-1] INFO  o.a.c.c.C.[.[.[/] - [log,173] - Initializing Spring DispatcherServlet 'dispatcherServlet'
12:31:37.386 [schedule-pool-1] INFO  sys-user - [run,54] - [127.0.0.1]内网IP[项目经理1][Success][登录成功]
13:09:05.569 [schedule-pool-1] INFO  sys-user - [run,54] - [127.0.0.1]内网IP[项目经理1][Success][登录成功]
13:14:06.396 [main] INFO  c.r.RuoYiApplication - [logStarting,50] - Starting RuoYiApplication on Vetch with PID 35828 (started by vetch in C:\Users\75440\Desktop\任务\简历整理\CUDR和模板下载\pactera_happyclock (2)\pactera_happyclock\pacter_happyclock_server)
13:14:06.398 [main] INFO  c.r.RuoYiApplication - [logStartupProfileInfo,651] - The following profiles are active: druid
13:14:10.279 [main] INFO  o.a.c.h.Http11NioProtocol - [log,173] - Initializing ProtocolHandler ["http-nio-8080"]
13:14:10.288 [main] INFO  o.a.c.c.StandardService - [log,173] - Starting service [Tomcat]
13:14:10.289 [main] INFO  o.a.c.c.StandardEngine - [log,173] - Starting Servlet engine: [Apache Tomcat/9.0.22]
13:14:10.402 [main] INFO  o.a.c.c.C.[.[.[/] - [log,173] - Initializing Spring embedded WebApplicationContext
13:14:12.445 [main] INFO  o.q.i.StdSchedulerFactory - [instantiate,1208] - Using default implementation for ThreadExecutor
13:14:12.457 [main] INFO  o.q.c.SchedulerSignalerImpl - [<init>,61] - Initialized Scheduler Signaller of type: class org.quartz.core.SchedulerSignalerImpl
13:14:12.458 [main] INFO  o.q.c.QuartzScheduler - [<init>,229] - Quartz Scheduler v.2.3.1 created.
13:14:12.725 [main] INFO  c.a.d.p.DruidDataSource - [init,991] - {dataSource-1} inited
13:14:12.734 [main] INFO  o.q.c.QuartzScheduler - [initialize,294] - Scheduler meta-data: Quartz Scheduler (v2.3.1) 'RuoyiScheduler' with instanceId 'NON_CLUSTERED'
  Scheduler class: 'org.quartz.core.QuartzScheduler' - running locally.
  NOT STARTED.
  Currently in standby mode.
  Number of jobs executed: 0
  Using thread pool 'org.quartz.simpl.SimpleThreadPool' - with 20 threads.
  Using job-store 'org.springframework.scheduling.quartz.LocalDataSourceJobStore' - which supports persistence. and is not clustered.

13:14:12.734 [main] INFO  o.q.i.StdSchedulerFactory - [instantiate,1362] - Quartz scheduler 'RuoyiScheduler' initialized from an externally provided properties instance.
13:14:12.734 [main] INFO  o.q.i.StdSchedulerFactory - [instantiate,1366] - Quartz scheduler version: 2.3.1
13:14:12.736 [main] INFO  o.q.c.QuartzScheduler - [setJobFactory,2293] - JobFactory set to: org.springframework.scheduling.quartz.AdaptableJobFactory@482c351d
13:14:14.412 [main] INFO  s.d.s.w.PropertySourcedRequestMappingHandlerMapping - [initHandlerMethods,69] - Mapped URL path [/v2/api-docs] onto method [public org.springframework.http.ResponseEntity<springfox.documentation.spring.web.json.Json> springfox.documentation.swagger2.web.Swagger2Controller.getDocumentation(java.lang.String,javax.servlet.http.HttpServletRequest)]
13:14:15.582 [main] INFO  s.d.s.w.p.DocumentationPluginsBootstrapper - [start,160] - Context refreshed
13:14:15.601 [main] INFO  s.d.s.w.p.DocumentationPluginsBootstrapper - [start,163] - Found 1 custom documentation plugin(s)
13:14:15.652 [main] INFO  s.d.s.w.s.ApiListingReferenceScanner - [scan,41] - Scanning for api listing references
13:14:16.027 [main] INFO  s.d.s.w.r.o.CachingOperationNameGenerator - [startingWith,40] - Generating unique operation named: listUsingGET_1
13:14:16.059 [main] INFO  o.a.c.h.Http11NioProtocol - [log,173] - Starting ProtocolHandler ["http-nio-8080"]
13:14:16.158 [main] INFO  c.r.RuoYiApplication - [logStarted,59] - Started RuoYiApplication in 10.358 seconds (JVM running for 12.642)
13:14:17.124 [Quartz Scheduler [RuoyiScheduler]] INFO  o.q.c.QuartzScheduler - [start,547] - Scheduler RuoyiScheduler_$_NON_CLUSTERED started.
13:14:35.098 [http-nio-8080-exec-3] INFO  o.a.c.c.C.[.[.[/] - [log,173] - Initializing Spring DispatcherServlet 'dispatcherServlet'
13:14:43.847 [schedule-pool-1] INFO  sys-user - [run,54] - [127.0.0.1]内网IP[项目经理1][Success][登录成功]
13:16:09.708 [main] INFO  c.r.RuoYiApplication - [logStarting,50] - Starting RuoYiApplication on Vetch with PID 20060 (started by vetch in C:\Users\75440\Desktop\任务\简历整理\CUDR和模板下载\pactera_happyclock (2)\pactera_happyclock\pacter_happyclock_server)
13:16:09.729 [main] INFO  c.r.RuoYiApplication - [logStartupProfileInfo,651] - The following profiles are active: druid
13:16:12.972 [main] INFO  o.a.c.h.Http11NioProtocol - [log,173] - Initializing ProtocolHandler ["http-nio-8080"]
13:16:12.997 [main] INFO  o.a.c.c.StandardService - [log,173] - Starting service [Tomcat]
13:16:12.997 [main] INFO  o.a.c.c.StandardEngine - [log,173] - Starting Servlet engine: [Apache Tomcat/9.0.22]
13:16:13.138 [main] INFO  o.a.c.c.C.[.[.[/] - [log,173] - Initializing Spring embedded WebApplicationContext
13:16:15.127 [main] INFO  o.q.i.StdSchedulerFactory - [instantiate,1208] - Using default implementation for ThreadExecutor
13:16:15.138 [main] INFO  o.q.c.SchedulerSignalerImpl - [<init>,61] - Initialized Scheduler Signaller of type: class org.quartz.core.SchedulerSignalerImpl
13:16:15.138 [main] INFO  o.q.c.QuartzScheduler - [<init>,229] - Quartz Scheduler v.2.3.1 created.
13:16:15.540 [main] INFO  c.a.d.p.DruidDataSource - [init,991] - {dataSource-1} inited
13:16:15.547 [main] INFO  o.q.c.QuartzScheduler - [initialize,294] - Scheduler meta-data: Quartz Scheduler (v2.3.1) 'RuoyiScheduler' with instanceId 'NON_CLUSTERED'
  Scheduler class: 'org.quartz.core.QuartzScheduler' - running locally.
  NOT STARTED.
  Currently in standby mode.
  Number of jobs executed: 0
  Using thread pool 'org.quartz.simpl.SimpleThreadPool' - with 20 threads.
  Using job-store 'org.springframework.scheduling.quartz.LocalDataSourceJobStore' - which supports persistence. and is not clustered.

13:16:15.547 [main] INFO  o.q.i.StdSchedulerFactory - [instantiate,1362] - Quartz scheduler 'RuoyiScheduler' initialized from an externally provided properties instance.
13:16:15.547 [main] INFO  o.q.i.StdSchedulerFactory - [instantiate,1366] - Quartz scheduler version: 2.3.1
13:16:15.549 [main] INFO  o.q.c.QuartzScheduler - [setJobFactory,2293] - JobFactory set to: org.springframework.scheduling.quartz.AdaptableJobFactory@7c950b3b
13:16:16.992 [main] INFO  s.d.s.w.PropertySourcedRequestMappingHandlerMapping - [initHandlerMethods,69] - Mapped URL path [/v2/api-docs] onto method [public org.springframework.http.ResponseEntity<springfox.documentation.spring.web.json.Json> springfox.documentation.swagger2.web.Swagger2Controller.getDocumentation(java.lang.String,javax.servlet.http.HttpServletRequest)]
13:16:17.876 [main] INFO  s.d.s.w.p.DocumentationPluginsBootstrapper - [start,160] - Context refreshed
13:16:17.890 [main] INFO  s.d.s.w.p.DocumentationPluginsBootstrapper - [start,163] - Found 1 custom documentation plugin(s)
13:16:17.938 [main] INFO  s.d.s.w.s.ApiListingReferenceScanner - [scan,41] - Scanning for api listing references
13:16:18.302 [main] INFO  s.d.s.w.r.o.CachingOperationNameGenerator - [startingWith,40] - Generating unique operation named: listUsingGET_1
13:16:18.332 [main] INFO  o.a.c.h.Http11NioProtocol - [log,173] - Starting ProtocolHandler ["http-nio-8080"]
13:16:18.400 [main] INFO  c.r.RuoYiApplication - [logStarted,59] - Started RuoYiApplication in 9.271 seconds (JVM running for 11.258)
13:16:19.332 [Quartz Scheduler [RuoyiScheduler]] INFO  o.q.c.QuartzScheduler - [start,547] - Scheduler RuoyiScheduler_$_NON_CLUSTERED started.
13:16:28.832 [http-nio-8080-exec-1] INFO  o.a.c.c.C.[.[.[/] - [log,173] - Initializing Spring DispatcherServlet 'dispatcherServlet'
13:16:36.321 [schedule-pool-1] INFO  sys-user - [run,54] - [127.0.0.1]内网IP[项目经理1][Success][登录成功]
14:50:13.924 [main] INFO  c.r.RuoYiApplication - [logStarting,50] - Starting RuoYiApplication on Vetch with PID 2388 (started by vetch in C:\Users\75440\Desktop\任务\简历整理\CUDR和模板下载\pactera_happyclock (2)\pactera_happyclock\pacter_happyclock_server)
14:50:13.940 [main] INFO  c.r.RuoYiApplication - [logStartupProfileInfo,651] - The following profiles are active: druid
14:50:16.688 [main] INFO  o.a.c.h.Http11NioProtocol - [log,173] - Initializing ProtocolHandler ["http-nio-8080"]
14:50:16.697 [main] INFO  o.a.c.c.StandardService - [log,173] - Starting service [Tomcat]
14:50:16.697 [main] INFO  o.a.c.c.StandardEngine - [log,173] - Starting Servlet engine: [Apache Tomcat/9.0.22]
14:50:16.803 [main] INFO  o.a.c.c.C.[.[.[/] - [log,173] - Initializing Spring embedded WebApplicationContext
14:50:18.437 [main] INFO  o.q.i.StdSchedulerFactory - [instantiate,1208] - Using default implementation for ThreadExecutor
14:50:18.459 [main] INFO  o.q.c.SchedulerSignalerImpl - [<init>,61] - Initialized Scheduler Signaller of type: class org.quartz.core.SchedulerSignalerImpl
14:50:18.459 [main] INFO  o.q.c.QuartzScheduler - [<init>,229] - Quartz Scheduler v.2.3.1 created.
14:50:18.591 [main] INFO  c.a.d.p.DruidDataSource - [init,991] - {dataSource-1} inited
14:50:18.606 [main] INFO  o.q.c.QuartzScheduler - [initialize,294] - Scheduler meta-data: Quartz Scheduler (v2.3.1) 'RuoyiScheduler' with instanceId 'NON_CLUSTERED'
  Scheduler class: 'org.quartz.core.QuartzScheduler' - running locally.
  NOT STARTED.
  Currently in standby mode.
  Number of jobs executed: 0
  Using thread pool 'org.quartz.simpl.SimpleThreadPool' - with 20 threads.
  Using job-store 'org.springframework.scheduling.quartz.LocalDataSourceJobStore' - which supports persistence. and is not clustered.

14:50:18.606 [main] INFO  o.q.i.StdSchedulerFactory - [instantiate,1362] - Quartz scheduler 'RuoyiScheduler' initialized from an externally provided properties instance.
14:50:18.606 [main] INFO  o.q.i.StdSchedulerFactory - [instantiate,1366] - Quartz scheduler version: 2.3.1
14:50:18.608 [main] INFO  o.q.c.QuartzScheduler - [setJobFactory,2293] - JobFactory set to: org.springframework.scheduling.quartz.AdaptableJobFactory@6c742b84
14:50:38.492 [main] INFO  c.r.RuoYiApplication - [logStarting,50] - Starting RuoYiApplication on Vetch with PID 16224 (started by vetch in C:\Users\75440\Desktop\任务\简历整理\CUDR和模板下载\pactera_happyclock (2)\pactera_happyclock\pacter_happyclock_server)
14:50:38.496 [main] INFO  c.r.RuoYiApplication - [logStartupProfileInfo,651] - The following profiles are active: druid
14:50:40.742 [main] INFO  o.a.c.h.Http11NioProtocol - [log,173] - Initializing ProtocolHandler ["http-nio-8080"]
14:50:40.750 [main] INFO  o.a.c.c.StandardService - [log,173] - Starting service [Tomcat]
14:50:40.750 [main] INFO  o.a.c.c.StandardEngine - [log,173] - Starting Servlet engine: [Apache Tomcat/9.0.22]
14:50:40.842 [main] INFO  o.a.c.c.C.[.[.[/] - [log,173] - Initializing Spring embedded WebApplicationContext
14:50:42.073 [main] INFO  o.q.i.StdSchedulerFactory - [instantiate,1208] - Using default implementation for ThreadExecutor
14:50:42.090 [main] INFO  o.q.c.SchedulerSignalerImpl - [<init>,61] - Initialized Scheduler Signaller of type: class org.quartz.core.SchedulerSignalerImpl
14:50:42.090 [main] INFO  o.q.c.QuartzScheduler - [<init>,229] - Quartz Scheduler v.2.3.1 created.
14:50:42.135 [main] INFO  c.a.d.p.DruidDataSource - [init,991] - {dataSource-1} inited
14:50:42.139 [main] INFO  o.q.c.QuartzScheduler - [initialize,294] - Scheduler meta-data: Quartz Scheduler (v2.3.1) 'RuoyiScheduler' with instanceId 'NON_CLUSTERED'
  Scheduler class: 'org.quartz.core.QuartzScheduler' - running locally.
  NOT STARTED.
  Currently in standby mode.
  Number of jobs executed: 0
  Using thread pool 'org.quartz.simpl.SimpleThreadPool' - with 20 threads.
  Using job-store 'org.springframework.scheduling.quartz.LocalDataSourceJobStore' - which supports persistence. and is not clustered.

14:50:42.139 [main] INFO  o.q.i.StdSchedulerFactory - [instantiate,1362] - Quartz scheduler 'RuoyiScheduler' initialized from an externally provided properties instance.
14:50:42.140 [main] INFO  o.q.i.StdSchedulerFactory - [instantiate,1366] - Quartz scheduler version: 2.3.1
14:50:42.141 [main] INFO  o.q.c.QuartzScheduler - [setJobFactory,2293] - JobFactory set to: org.springframework.scheduling.quartz.AdaptableJobFactory@53a50b0a
14:51:00.123 [main] INFO  c.r.RuoYiApplication - [logStarting,50] - Starting RuoYiApplication on Vetch with PID 3400 (started by vetch in C:\Users\75440\Desktop\任务\简历整理\CUDR和模板下载\pactera_happyclock (2)\pactera_happyclock\pacter_happyclock_server)
14:51:00.128 [main] INFO  c.r.RuoYiApplication - [logStartupProfileInfo,651] - The following profiles are active: druid
14:51:02.681 [main] INFO  o.a.c.h.Http11NioProtocol - [log,173] - Initializing ProtocolHandler ["http-nio-8080"]
14:51:02.688 [main] INFO  o.a.c.c.StandardService - [log,173] - Starting service [Tomcat]
14:51:02.689 [main] INFO  o.a.c.c.StandardEngine - [log,173] - Starting Servlet engine: [Apache Tomcat/9.0.22]
14:51:02.821 [main] INFO  o.a.c.c.C.[.[.[/] - [log,173] - Initializing Spring embedded WebApplicationContext
14:51:03.981 [main] INFO  o.q.i.StdSchedulerFactory - [instantiate,1208] - Using default implementation for ThreadExecutor
14:51:03.992 [main] INFO  o.q.c.SchedulerSignalerImpl - [<init>,61] - Initialized Scheduler Signaller of type: class org.quartz.core.SchedulerSignalerImpl
14:51:03.992 [main] INFO  o.q.c.QuartzScheduler - [<init>,229] - Quartz Scheduler v.2.3.1 created.
14:51:04.399 [main] INFO  c.a.d.p.DruidDataSource - [init,991] - {dataSource-1} inited
14:51:04.406 [main] INFO  o.q.c.QuartzScheduler - [initialize,294] - Scheduler meta-data: Quartz Scheduler (v2.3.1) 'RuoyiScheduler' with instanceId 'NON_CLUSTERED'
  Scheduler class: 'org.quartz.core.QuartzScheduler' - running locally.
  NOT STARTED.
  Currently in standby mode.
  Number of jobs executed: 0
  Using thread pool 'org.quartz.simpl.SimpleThreadPool' - with 20 threads.
  Using job-store 'org.springframework.scheduling.quartz.LocalDataSourceJobStore' - which supports persistence. and is not clustered.

14:51:04.407 [main] INFO  o.q.i.StdSchedulerFactory - [instantiate,1362] - Quartz scheduler 'RuoyiScheduler' initialized from an externally provided properties instance.
14:51:04.407 [main] INFO  o.q.i.StdSchedulerFactory - [instantiate,1366] - Quartz scheduler version: 2.3.1
14:51:04.408 [main] INFO  o.q.c.QuartzScheduler - [setJobFactory,2293] - JobFactory set to: org.springframework.scheduling.quartz.AdaptableJobFactory@3313d477
14:51:06.175 [main] INFO  s.d.s.w.PropertySourcedRequestMappingHandlerMapping - [initHandlerMethods,69] - Mapped URL path [/v2/api-docs] onto method [public org.springframework.http.ResponseEntity<springfox.documentation.spring.web.json.Json> springfox.documentation.swagger2.web.Swagger2Controller.getDocumentation(java.lang.String,javax.servlet.http.HttpServletRequest)]
14:51:07.410 [main] INFO  s.d.s.w.p.DocumentationPluginsBootstrapper - [start,160] - Context refreshed
14:51:07.456 [main] INFO  s.d.s.w.p.DocumentationPluginsBootstrapper - [start,163] - Found 1 custom documentation plugin(s)
14:51:07.523 [main] INFO  s.d.s.w.s.ApiListingReferenceScanner - [scan,41] - Scanning for api listing references
14:51:07.952 [main] INFO  s.d.s.w.r.o.CachingOperationNameGenerator - [startingWith,40] - Generating unique operation named: listUsingGET_1
14:51:08.000 [main] INFO  o.a.c.h.Http11NioProtocol - [log,173] - Starting ProtocolHandler ["http-nio-8080"]
14:51:08.042 [main] INFO  c.r.RuoYiApplication - [logStarted,59] - Started RuoYiApplication in 8.574 seconds (JVM running for 9.6)
14:51:08.302 [http-nio-8080-exec-2] INFO  o.a.c.c.C.[.[.[/] - [log,173] - Initializing Spring DispatcherServlet 'dispatcherServlet'
14:51:09.000 [Quartz Scheduler [RuoyiScheduler]] INFO  o.q.c.QuartzScheduler - [start,547] - Scheduler RuoyiScheduler_$_NON_CLUSTERED started.
14:51:22.152 [schedule-pool-1] INFO  sys-user - [run,54] - [127.0.0.1]内网IP[admin][Error][验证码错误]
14:51:28.218 [schedule-pool-1] INFO  sys-user - [run,54] - [127.0.0.1]内网IP[admin][Success][登录成功]
15:48:58.656 [schedule-pool-3] INFO  sys-user - [run,54] - [127.0.0.1]内网IP[admin][Success][登录成功]
15:49:29.363 [schedule-pool-2] INFO  sys-user - [run,54] - [127.0.0.1]内网IP[admin][Logout][退出成功]
15:49:48.400 [schedule-pool-4] INFO  sys-user - [run,54] - [127.0.0.1]内网IP[项目经理1][Success][登录成功]
15:56:47.804 [schedule-pool-5] INFO  sys-user - [run,54] - [127.0.0.1]内网IP[项目经理1][Logout][退出成功]
15:57:02.826 [schedule-pool-3] INFO  sys-user - [run,54] - [127.0.0.1]内网IP[admin][Success][登录成功]
16:29:28.706 [schedule-pool-2] INFO  sys-user - [run,54] - [127.0.0.1]内网IP[admin][Success][登录成功]
