08:59:08.713 [main] INFO  c.r.RuoYiApplication - [logStarting,50] - Starting RuoYiApplication on Vetch with PID 17560 (started by vetch in C:\Users\75440\Desktop\任务\简历整理\CUDR和模板下载\pactera_happyclock (2)\pactera_happyclock\pacter_happyclock_server)
08:59:08.742 [main] INFO  c.r.RuoYiApplication - [logStartupProfileInfo,651] - The following profiles are active: druid
08:59:14.635 [main] INFO  o.a.c.h.Http11NioProtocol - [log,173] - Initializing ProtocolHandler ["http-nio-8080"]
08:59:14.652 [main] INFO  o.a.c.c.StandardService - [log,173] - Starting service [Tomcat]
08:59:14.653 [main] INFO  o.a.c.c.StandardEngine - [log,173] - Starting Servlet engine: [Apache Tomcat/9.0.22]
08:59:14.910 [main] INFO  o.a.c.c.C.[.[.[/] - [log,173] - Initializing Spring embedded WebApplicationContext
08:59:18.929 [main] INFO  o.q.i.StdSchedulerFactory - [instantiate,1208] - Using default implementation for ThreadExecutor
08:59:19.161 [main] INFO  o.q.c.SchedulerSignalerImpl - [<init>,61] - Initialized Scheduler Signaller of type: class org.quartz.core.SchedulerSignalerImpl
08:59:19.175 [main] INFO  o.q.c.QuartzScheduler - [<init>,229] - Quartz Scheduler v.2.3.1 created.
08:59:20.126 [main] INFO  c.a.d.p.DruidDataSource - [init,991] - {dataSource-1} inited
08:59:20.137 [main] INFO  o.q.c.QuartzScheduler - [initialize,294] - Scheduler meta-data: Quartz Scheduler (v2.3.1) 'RuoyiScheduler' with instanceId 'NON_CLUSTERED'
  Scheduler class: 'org.quartz.core.QuartzScheduler' - running locally.
  NOT STARTED.
  Currently in standby mode.
  Number of jobs executed: 0
  Using thread pool 'org.quartz.simpl.SimpleThreadPool' - with 20 threads.
  Using job-store 'org.springframework.scheduling.quartz.LocalDataSourceJobStore' - which supports persistence. and is not clustered.

08:59:20.137 [main] INFO  o.q.i.StdSchedulerFactory - [instantiate,1362] - Quartz scheduler 'RuoyiScheduler' initialized from an externally provided properties instance.
08:59:20.137 [main] INFO  o.q.i.StdSchedulerFactory - [instantiate,1366] - Quartz scheduler version: 2.3.1
08:59:20.139 [main] INFO  o.q.c.QuartzScheduler - [setJobFactory,2293] - JobFactory set to: org.springframework.scheduling.quartz.AdaptableJobFactory@1511d157
08:59:23.003 [main] INFO  s.d.s.w.PropertySourcedRequestMappingHandlerMapping - [initHandlerMethods,69] - Mapped URL path [/v2/api-docs] onto method [public org.springframework.http.ResponseEntity<springfox.documentation.spring.web.json.Json> springfox.documentation.swagger2.web.Swagger2Controller.getDocumentation(java.lang.String,javax.servlet.http.HttpServletRequest)]
08:59:24.911 [main] INFO  s.d.s.w.p.DocumentationPluginsBootstrapper - [start,160] - Context refreshed
08:59:24.950 [main] INFO  s.d.s.w.p.DocumentationPluginsBootstrapper - [start,163] - Found 1 custom documentation plugin(s)
08:59:25.056 [main] INFO  s.d.s.w.s.ApiListingReferenceScanner - [scan,41] - Scanning for api listing references
08:59:25.702 [main] INFO  o.a.c.h.Http11NioProtocol - [log,173] - Starting ProtocolHandler ["http-nio-8080"]
08:59:26.335 [main] INFO  c.r.RuoYiApplication - [logStarted,59] - Started RuoYiApplication in 19.182 seconds (JVM running for 22.659)
08:59:26.672 [Quartz Scheduler [RuoyiScheduler]] INFO  o.q.c.QuartzScheduler - [start,547] - Scheduler RuoyiScheduler_$_NON_CLUSTERED started.
08:59:35.107 [http-nio-8080-exec-2] INFO  o.a.c.c.C.[.[.[/] - [log,173] - Initializing Spring DispatcherServlet 'dispatcherServlet'
08:59:40.767 [schedule-pool-1] INFO  sys-user - [run,54] - [127.0.0.1]内网IP[项目经理1][Success][登录成功]
09:51:12.970 [schedule-pool-1] INFO  sys-user - [run,54] - [127.0.0.1]内网IP[项目经理1][Success][登录成功]
10:31:37.227 [main] INFO  c.r.RuoYiApplication - [logStarting,50] - Starting RuoYiApplication on Vetch with PID 11528 (started by vetch in C:\Users\75440\Desktop\任务\简历整理\CUDR和模板下载\pactera_happyclock (2)\pactera_happyclock\pacter_happyclock_server)
10:31:37.258 [main] INFO  c.r.RuoYiApplication - [logStartupProfileInfo,651] - The following profiles are active: druid
10:31:41.416 [main] INFO  o.a.c.h.Http11NioProtocol - [log,173] - Initializing ProtocolHandler ["http-nio-8080"]
10:31:41.434 [main] INFO  o.a.c.c.StandardService - [log,173] - Starting service [Tomcat]
10:31:41.434 [main] INFO  o.a.c.c.StandardEngine - [log,173] - Starting Servlet engine: [Apache Tomcat/9.0.22]
10:31:41.592 [main] INFO  o.a.c.c.C.[.[.[/] - [log,173] - Initializing Spring embedded WebApplicationContext
10:31:43.549 [main] INFO  o.q.i.StdSchedulerFactory - [instantiate,1208] - Using default implementation for ThreadExecutor
10:31:43.560 [main] INFO  o.q.c.SchedulerSignalerImpl - [<init>,61] - Initialized Scheduler Signaller of type: class org.quartz.core.SchedulerSignalerImpl
10:31:43.560 [main] INFO  o.q.c.QuartzScheduler - [<init>,229] - Quartz Scheduler v.2.3.1 created.
10:31:44.337 [main] INFO  c.a.d.p.DruidDataSource - [init,991] - {dataSource-1} inited
10:31:44.344 [main] INFO  o.q.c.QuartzScheduler - [initialize,294] - Scheduler meta-data: Quartz Scheduler (v2.3.1) 'RuoyiScheduler' with instanceId 'NON_CLUSTERED'
  Scheduler class: 'org.quartz.core.QuartzScheduler' - running locally.
  NOT STARTED.
  Currently in standby mode.
  Number of jobs executed: 0
  Using thread pool 'org.quartz.simpl.SimpleThreadPool' - with 20 threads.
  Using job-store 'org.springframework.scheduling.quartz.LocalDataSourceJobStore' - which supports persistence. and is not clustered.

10:31:44.344 [main] INFO  o.q.i.StdSchedulerFactory - [instantiate,1362] - Quartz scheduler 'RuoyiScheduler' initialized from an externally provided properties instance.
10:31:44.345 [main] INFO  o.q.i.StdSchedulerFactory - [instantiate,1366] - Quartz scheduler version: 2.3.1
10:31:44.346 [main] INFO  o.q.c.QuartzScheduler - [setJobFactory,2293] - JobFactory set to: org.springframework.scheduling.quartz.AdaptableJobFactory@6897a4a
10:31:46.302 [main] INFO  s.d.s.w.PropertySourcedRequestMappingHandlerMapping - [initHandlerMethods,69] - Mapped URL path [/v2/api-docs] onto method [public org.springframework.http.ResponseEntity<springfox.documentation.spring.web.json.Json> springfox.documentation.swagger2.web.Swagger2Controller.getDocumentation(java.lang.String,javax.servlet.http.HttpServletRequest)]
10:31:49.177 [main] INFO  s.d.s.w.p.DocumentationPluginsBootstrapper - [start,160] - Context refreshed
10:31:49.224 [main] INFO  s.d.s.w.p.DocumentationPluginsBootstrapper - [start,163] - Found 1 custom documentation plugin(s)
10:31:49.306 [main] INFO  s.d.s.w.s.ApiListingReferenceScanner - [scan,41] - Scanning for api listing references
10:31:49.933 [main] INFO  s.d.s.w.r.o.CachingOperationNameGenerator - [startingWith,40] - Generating unique operation named: listUsingGET_1
10:31:49.997 [main] INFO  o.a.c.h.Http11NioProtocol - [log,173] - Starting ProtocolHandler ["http-nio-8080"]
10:31:50.065 [main] INFO  c.r.RuoYiApplication - [logStarted,59] - Started RuoYiApplication in 14.008 seconds (JVM running for 16.522)
10:31:50.998 [Quartz Scheduler [RuoyiScheduler]] INFO  o.q.c.QuartzScheduler - [start,547] - Scheduler RuoyiScheduler_$_NON_CLUSTERED started.
10:31:54.739 [http-nio-8080-exec-30] INFO  o.a.c.c.C.[.[.[/] - [log,173] - Initializing Spring DispatcherServlet 'dispatcherServlet'
10:34:55.749 [schedule-pool-1] INFO  sys-user - [run,54] - [127.0.0.1]内网IP[项目经理1][Success][登录成功]
13:12:21.677 [schedule-pool-1] INFO  sys-user - [run,54] - [127.0.0.1]内网IP[项目经理1][Success][登录成功]
13:13:16.365 [schedule-pool-2] INFO  sys-user - [run,54] - [127.0.0.1]内网IP[项目经理1][Logout][退出成功]
13:13:27.111 [schedule-pool-4] INFO  sys-user - [run,54] - [127.0.0.1]内网IP[admin][Success][登录成功]
14:50:15.067 [main] INFO  c.r.RuoYiApplication - [logStarting,50] - Starting RuoYiApplication on Vetch with PID 8724 (started by vetch in C:\Users\75440\Desktop\任务\简历整理\CUDR和模板下载\pactera_happyclock (2)\pactera_happyclock\pacter_happyclock_server)
14:50:15.070 [main] INFO  c.r.RuoYiApplication - [logStartupProfileInfo,651] - The following profiles are active: druid
14:50:19.583 [main] INFO  o.a.c.h.Http11NioProtocol - [log,173] - Initializing ProtocolHandler ["http-nio-8080"]
14:50:19.612 [main] INFO  o.a.c.c.StandardService - [log,173] - Starting service [Tomcat]
14:50:19.612 [main] INFO  o.a.c.c.StandardEngine - [log,173] - Starting Servlet engine: [Apache Tomcat/9.0.22]
14:50:19.737 [main] INFO  o.a.c.c.C.[.[.[/] - [log,173] - Initializing Spring embedded WebApplicationContext
14:50:21.563 [main] INFO  o.q.i.StdSchedulerFactory - [instantiate,1208] - Using default implementation for ThreadExecutor
14:50:21.575 [main] INFO  o.q.c.SchedulerSignalerImpl - [<init>,61] - Initialized Scheduler Signaller of type: class org.quartz.core.SchedulerSignalerImpl
14:50:21.576 [main] INFO  o.q.c.QuartzScheduler - [<init>,229] - Quartz Scheduler v.2.3.1 created.
14:50:21.894 [main] INFO  c.a.d.p.DruidDataSource - [init,991] - {dataSource-1} inited
14:50:21.903 [main] INFO  o.q.c.QuartzScheduler - [initialize,294] - Scheduler meta-data: Quartz Scheduler (v2.3.1) 'RuoyiScheduler' with instanceId 'NON_CLUSTERED'
  Scheduler class: 'org.quartz.core.QuartzScheduler' - running locally.
  NOT STARTED.
  Currently in standby mode.
  Number of jobs executed: 0
  Using thread pool 'org.quartz.simpl.SimpleThreadPool' - with 20 threads.
  Using job-store 'org.springframework.scheduling.quartz.LocalDataSourceJobStore' - which supports persistence. and is not clustered.

14:50:21.903 [main] INFO  o.q.i.StdSchedulerFactory - [instantiate,1362] - Quartz scheduler 'RuoyiScheduler' initialized from an externally provided properties instance.
14:50:21.903 [main] INFO  o.q.i.StdSchedulerFactory - [instantiate,1366] - Quartz scheduler version: 2.3.1
14:50:21.905 [main] INFO  o.q.c.QuartzScheduler - [setJobFactory,2293] - JobFactory set to: org.springframework.scheduling.quartz.AdaptableJobFactory@15e8f9b2
14:50:23.649 [main] INFO  s.d.s.w.PropertySourcedRequestMappingHandlerMapping - [initHandlerMethods,69] - Mapped URL path [/v2/api-docs] onto method [public org.springframework.http.ResponseEntity<springfox.documentation.spring.web.json.Json> springfox.documentation.swagger2.web.Swagger2Controller.getDocumentation(java.lang.String,javax.servlet.http.HttpServletRequest)]
14:50:24.965 [main] INFO  s.d.s.w.p.DocumentationPluginsBootstrapper - [start,160] - Context refreshed
14:50:25.014 [main] INFO  s.d.s.w.p.DocumentationPluginsBootstrapper - [start,163] - Found 1 custom documentation plugin(s)
14:50:25.087 [main] INFO  s.d.s.w.s.ApiListingReferenceScanner - [scan,41] - Scanning for api listing references
14:50:25.496 [main] INFO  s.d.s.w.r.o.CachingOperationNameGenerator - [startingWith,40] - Generating unique operation named: listUsingGET_1
14:50:25.541 [main] INFO  o.a.c.h.Http11NioProtocol - [log,173] - Starting ProtocolHandler ["http-nio-8080"]
14:50:25.582 [main] INFO  c.r.RuoYiApplication - [logStarted,59] - Started RuoYiApplication in 11.412 seconds (JVM running for 14.413)
14:50:26.530 [Quartz Scheduler [RuoyiScheduler]] INFO  o.q.c.QuartzScheduler - [start,547] - Scheduler RuoyiScheduler_$_NON_CLUSTERED started.
14:50:31.018 [http-nio-8080-exec-2] INFO  o.a.c.c.C.[.[.[/] - [log,173] - Initializing Spring DispatcherServlet 'dispatcherServlet'
14:50:43.663 [schedule-pool-1] INFO  sys-user - [run,54] - [127.0.0.1]内网IP[admin][Success][登录成功]
14:53:20.714 [main] INFO  c.r.RuoYiApplication - [logStarting,50] - Starting RuoYiApplication on Vetch with PID 4508 (started by vetch in C:\Users\75440\Desktop\任务\简历整理\CUDR和模板下载\pactera_happyclock (2)\pactera_happyclock\pacter_happyclock_server)
14:53:20.717 [main] INFO  c.r.RuoYiApplication - [logStartupProfileInfo,651] - The following profiles are active: druid
14:53:24.288 [main] INFO  o.a.c.h.Http11NioProtocol - [log,173] - Initializing ProtocolHandler ["http-nio-8080"]
14:53:24.327 [main] INFO  o.a.c.c.StandardService - [log,173] - Starting service [Tomcat]
14:53:24.327 [main] INFO  o.a.c.c.StandardEngine - [log,173] - Starting Servlet engine: [Apache Tomcat/9.0.22]
14:53:24.590 [main] INFO  o.a.c.c.C.[.[.[/] - [log,173] - Initializing Spring embedded WebApplicationContext
14:53:26.714 [main] INFO  o.q.i.StdSchedulerFactory - [instantiate,1208] - Using default implementation for ThreadExecutor
14:53:26.728 [main] INFO  o.q.c.SchedulerSignalerImpl - [<init>,61] - Initialized Scheduler Signaller of type: class org.quartz.core.SchedulerSignalerImpl
14:53:26.728 [main] INFO  o.q.c.QuartzScheduler - [<init>,229] - Quartz Scheduler v.2.3.1 created.
14:53:27.017 [main] INFO  c.a.d.p.DruidDataSource - [init,991] - {dataSource-1} inited
14:53:27.028 [main] INFO  o.q.c.QuartzScheduler - [initialize,294] - Scheduler meta-data: Quartz Scheduler (v2.3.1) 'RuoyiScheduler' with instanceId 'NON_CLUSTERED'
  Scheduler class: 'org.quartz.core.QuartzScheduler' - running locally.
  NOT STARTED.
  Currently in standby mode.
  Number of jobs executed: 0
  Using thread pool 'org.quartz.simpl.SimpleThreadPool' - with 20 threads.
  Using job-store 'org.springframework.scheduling.quartz.LocalDataSourceJobStore' - which supports persistence. and is not clustered.

14:53:27.029 [main] INFO  o.q.i.StdSchedulerFactory - [instantiate,1362] - Quartz scheduler 'RuoyiScheduler' initialized from an externally provided properties instance.
14:53:27.032 [main] INFO  o.q.i.StdSchedulerFactory - [instantiate,1366] - Quartz scheduler version: 2.3.1
14:53:27.037 [main] INFO  o.q.c.QuartzScheduler - [setJobFactory,2293] - JobFactory set to: org.springframework.scheduling.quartz.AdaptableJobFactory@1e40fbb3
14:53:28.848 [main] INFO  s.d.s.w.PropertySourcedRequestMappingHandlerMapping - [initHandlerMethods,69] - Mapped URL path [/v2/api-docs] onto method [public org.springframework.http.ResponseEntity<springfox.documentation.spring.web.json.Json> springfox.documentation.swagger2.web.Swagger2Controller.getDocumentation(java.lang.String,javax.servlet.http.HttpServletRequest)]
14:53:29.809 [main] INFO  s.d.s.w.p.DocumentationPluginsBootstrapper - [start,160] - Context refreshed
14:53:29.828 [main] INFO  s.d.s.w.p.DocumentationPluginsBootstrapper - [start,163] - Found 1 custom documentation plugin(s)
14:53:29.910 [main] INFO  s.d.s.w.s.ApiListingReferenceScanner - [scan,41] - Scanning for api listing references
14:53:30.386 [main] INFO  s.d.s.w.r.o.CachingOperationNameGenerator - [startingWith,40] - Generating unique operation named: listUsingGET_1
14:53:30.432 [main] INFO  o.a.c.h.Http11NioProtocol - [log,173] - Starting ProtocolHandler ["http-nio-8080"]
14:53:30.473 [main] INFO  c.r.RuoYiApplication - [logStarted,59] - Started RuoYiApplication in 10.277 seconds (JVM running for 11.304)
14:53:31.428 [Quartz Scheduler [RuoyiScheduler]] INFO  o.q.c.QuartzScheduler - [start,547] - Scheduler RuoyiScheduler_$_NON_CLUSTERED started.
14:53:48.707 [http-nio-8080-exec-30] INFO  o.a.c.c.C.[.[.[/] - [log,173] - Initializing Spring DispatcherServlet 'dispatcherServlet'
14:54:03.724 [schedule-pool-1] INFO  sys-user - [run,54] - [127.0.0.1]内网IP[admin][Success][登录成功]
15:08:49.779 [main] INFO  c.r.RuoYiApplication - [logStarting,50] - Starting RuoYiApplication on Vetch with PID 6260 (started by vetch in C:\Users\75440\Desktop\任务\简历整理\CUDR和模板下载\pactera_happyclock (2)\pactera_happyclock\pacter_happyclock_server)
15:08:49.782 [main] INFO  c.r.RuoYiApplication - [logStartupProfileInfo,651] - The following profiles are active: druid
15:08:52.201 [main] INFO  o.a.c.h.Http11NioProtocol - [log,173] - Initializing ProtocolHandler ["http-nio-8080"]
15:08:52.210 [main] INFO  o.a.c.c.StandardService - [log,173] - Starting service [Tomcat]
15:08:52.210 [main] INFO  o.a.c.c.StandardEngine - [log,173] - Starting Servlet engine: [Apache Tomcat/9.0.22]
15:08:52.308 [main] INFO  o.a.c.c.C.[.[.[/] - [log,173] - Initializing Spring embedded WebApplicationContext
15:08:53.509 [main] INFO  o.q.i.StdSchedulerFactory - [instantiate,1208] - Using default implementation for ThreadExecutor
15:08:53.521 [main] INFO  o.q.c.SchedulerSignalerImpl - [<init>,61] - Initialized Scheduler Signaller of type: class org.quartz.core.SchedulerSignalerImpl
15:08:53.522 [main] INFO  o.q.c.QuartzScheduler - [<init>,229] - Quartz Scheduler v.2.3.1 created.
15:08:53.735 [main] INFO  c.a.d.p.DruidDataSource - [init,991] - {dataSource-1} inited
15:08:53.743 [main] INFO  o.q.c.QuartzScheduler - [initialize,294] - Scheduler meta-data: Quartz Scheduler (v2.3.1) 'RuoyiScheduler' with instanceId 'NON_CLUSTERED'
  Scheduler class: 'org.quartz.core.QuartzScheduler' - running locally.
  NOT STARTED.
  Currently in standby mode.
  Number of jobs executed: 0
  Using thread pool 'org.quartz.simpl.SimpleThreadPool' - with 20 threads.
  Using job-store 'org.springframework.scheduling.quartz.LocalDataSourceJobStore' - which supports persistence. and is not clustered.

15:08:53.744 [main] INFO  o.q.i.StdSchedulerFactory - [instantiate,1362] - Quartz scheduler 'RuoyiScheduler' initialized from an externally provided properties instance.
15:08:53.744 [main] INFO  o.q.i.StdSchedulerFactory - [instantiate,1366] - Quartz scheduler version: 2.3.1
15:08:53.746 [main] INFO  o.q.c.QuartzScheduler - [setJobFactory,2293] - JobFactory set to: org.springframework.scheduling.quartz.AdaptableJobFactory@6897a4a
15:08:55.243 [main] INFO  s.d.s.w.PropertySourcedRequestMappingHandlerMapping - [initHandlerMethods,69] - Mapped URL path [/v2/api-docs] onto method [public org.springframework.http.ResponseEntity<springfox.documentation.spring.web.json.Json> springfox.documentation.swagger2.web.Swagger2Controller.getDocumentation(java.lang.String,javax.servlet.http.HttpServletRequest)]
15:08:56.433 [main] INFO  s.d.s.w.p.DocumentationPluginsBootstrapper - [start,160] - Context refreshed
15:08:56.455 [main] INFO  s.d.s.w.p.DocumentationPluginsBootstrapper - [start,163] - Found 1 custom documentation plugin(s)
15:08:56.517 [main] INFO  s.d.s.w.s.ApiListingReferenceScanner - [scan,41] - Scanning for api listing references
15:08:57.088 [main] INFO  s.d.s.w.r.o.CachingOperationNameGenerator - [startingWith,40] - Generating unique operation named: listUsingGET_1
15:08:57.148 [main] INFO  o.a.c.h.Http11NioProtocol - [log,173] - Starting ProtocolHandler ["http-nio-8080"]
15:08:57.204 [main] INFO  c.r.RuoYiApplication - [logStarted,59] - Started RuoYiApplication in 7.808 seconds (JVM running for 8.683)
15:08:58.147 [Quartz Scheduler [RuoyiScheduler]] INFO  o.q.c.QuartzScheduler - [start,547] - Scheduler RuoyiScheduler_$_NON_CLUSTERED started.
15:09:05.636 [http-nio-8080-exec-30] INFO  o.a.c.c.C.[.[.[/] - [log,173] - Initializing Spring DispatcherServlet 'dispatcherServlet'
15:09:16.535 [schedule-pool-1] INFO  sys-user - [run,54] - [127.0.0.1]内网IP[admin][Success][登录成功]
15:25:04.285 [main] INFO  c.r.RuoYiApplication - [logStarting,50] - Starting RuoYiApplication on Vetch with PID 10184 (started by vetch in C:\Users\75440\Desktop\任务\简历整理\CUDR和模板下载\pactera_happyclock (2)\pactera_happyclock\pacter_happyclock_server)
15:25:04.288 [main] INFO  c.r.RuoYiApplication - [logStartupProfileInfo,651] - The following profiles are active: druid
15:25:06.654 [main] INFO  o.a.c.h.Http11NioProtocol - [log,173] - Initializing ProtocolHandler ["http-nio-8080"]
15:25:06.663 [main] INFO  o.a.c.c.StandardService - [log,173] - Starting service [Tomcat]
15:25:06.664 [main] INFO  o.a.c.c.StandardEngine - [log,173] - Starting Servlet engine: [Apache Tomcat/9.0.22]
15:25:06.759 [main] INFO  o.a.c.c.C.[.[.[/] - [log,173] - Initializing Spring embedded WebApplicationContext
15:25:07.923 [main] INFO  o.q.i.StdSchedulerFactory - [instantiate,1208] - Using default implementation for ThreadExecutor
15:25:07.934 [main] INFO  o.q.c.SchedulerSignalerImpl - [<init>,61] - Initialized Scheduler Signaller of type: class org.quartz.core.SchedulerSignalerImpl
15:25:07.935 [main] INFO  o.q.c.QuartzScheduler - [<init>,229] - Quartz Scheduler v.2.3.1 created.
15:25:08.129 [main] INFO  c.a.d.p.DruidDataSource - [init,991] - {dataSource-1} inited
15:25:08.137 [main] INFO  o.q.c.QuartzScheduler - [initialize,294] - Scheduler meta-data: Quartz Scheduler (v2.3.1) 'RuoyiScheduler' with instanceId 'NON_CLUSTERED'
  Scheduler class: 'org.quartz.core.QuartzScheduler' - running locally.
  NOT STARTED.
  Currently in standby mode.
  Number of jobs executed: 0
  Using thread pool 'org.quartz.simpl.SimpleThreadPool' - with 20 threads.
  Using job-store 'org.springframework.scheduling.quartz.LocalDataSourceJobStore' - which supports persistence. and is not clustered.

15:25:08.138 [main] INFO  o.q.i.StdSchedulerFactory - [instantiate,1362] - Quartz scheduler 'RuoyiScheduler' initialized from an externally provided properties instance.
15:25:08.138 [main] INFO  o.q.i.StdSchedulerFactory - [instantiate,1366] - Quartz scheduler version: 2.3.1
15:25:08.140 [main] INFO  o.q.c.QuartzScheduler - [setJobFactory,2293] - JobFactory set to: org.springframework.scheduling.quartz.AdaptableJobFactory@20440c6c
15:25:09.641 [main] INFO  s.d.s.w.PropertySourcedRequestMappingHandlerMapping - [initHandlerMethods,69] - Mapped URL path [/v2/api-docs] onto method [public org.springframework.http.ResponseEntity<springfox.documentation.spring.web.json.Json> springfox.documentation.swagger2.web.Swagger2Controller.getDocumentation(java.lang.String,javax.servlet.http.HttpServletRequest)]
15:25:10.562 [main] INFO  s.d.s.w.p.DocumentationPluginsBootstrapper - [start,160] - Context refreshed
15:25:10.578 [main] INFO  s.d.s.w.p.DocumentationPluginsBootstrapper - [start,163] - Found 1 custom documentation plugin(s)
15:25:10.627 [main] INFO  s.d.s.w.s.ApiListingReferenceScanner - [scan,41] - Scanning for api listing references
15:25:10.958 [main] INFO  s.d.s.w.r.o.CachingOperationNameGenerator - [startingWith,40] - Generating unique operation named: listUsingGET_1
15:25:10.988 [main] INFO  o.a.c.h.Http11NioProtocol - [log,173] - Starting ProtocolHandler ["http-nio-8080"]
15:25:11.013 [main] INFO  c.r.RuoYiApplication - [logStarted,59] - Started RuoYiApplication in 7.09 seconds (JVM running for 7.956)
15:25:11.988 [Quartz Scheduler [RuoyiScheduler]] INFO  o.q.c.QuartzScheduler - [start,547] - Scheduler RuoyiScheduler_$_NON_CLUSTERED started.
15:25:20.404 [http-nio-8080-exec-1] INFO  o.a.c.c.C.[.[.[/] - [log,173] - Initializing Spring DispatcherServlet 'dispatcherServlet'
15:28:50.372 [schedule-pool-1] INFO  sys-user - [run,54] - [127.0.0.1]内网IP[admin][Success][登录成功]
15:39:31.851 [main] INFO  c.r.RuoYiApplication - [logStarting,50] - Starting RuoYiApplication on Vetch with PID 11600 (started by vetch in C:\Users\75440\Desktop\任务\简历整理\CUDR和模板下载\pactera_happyclock (2)\pactera_happyclock\pacter_happyclock_server)
15:39:31.854 [main] INFO  c.r.RuoYiApplication - [logStartupProfileInfo,651] - The following profiles are active: druid
15:39:34.302 [main] INFO  o.a.c.h.Http11NioProtocol - [log,173] - Initializing ProtocolHandler ["http-nio-8080"]
15:39:34.310 [main] INFO  o.a.c.c.StandardService - [log,173] - Starting service [Tomcat]
15:39:34.310 [main] INFO  o.a.c.c.StandardEngine - [log,173] - Starting Servlet engine: [Apache Tomcat/9.0.22]
15:39:34.409 [main] INFO  o.a.c.c.C.[.[.[/] - [log,173] - Initializing Spring embedded WebApplicationContext
15:39:35.619 [main] INFO  o.q.i.StdSchedulerFactory - [instantiate,1208] - Using default implementation for ThreadExecutor
15:39:35.630 [main] INFO  o.q.c.SchedulerSignalerImpl - [<init>,61] - Initialized Scheduler Signaller of type: class org.quartz.core.SchedulerSignalerImpl
15:39:35.630 [main] INFO  o.q.c.QuartzScheduler - [<init>,229] - Quartz Scheduler v.2.3.1 created.
15:39:35.844 [main] INFO  c.a.d.p.DruidDataSource - [init,991] - {dataSource-1} inited
15:39:35.851 [main] INFO  o.q.c.QuartzScheduler - [initialize,294] - Scheduler meta-data: Quartz Scheduler (v2.3.1) 'RuoyiScheduler' with instanceId 'NON_CLUSTERED'
  Scheduler class: 'org.quartz.core.QuartzScheduler' - running locally.
  NOT STARTED.
  Currently in standby mode.
  Number of jobs executed: 0
  Using thread pool 'org.quartz.simpl.SimpleThreadPool' - with 20 threads.
  Using job-store 'org.springframework.scheduling.quartz.LocalDataSourceJobStore' - which supports persistence. and is not clustered.

15:39:35.851 [main] INFO  o.q.i.StdSchedulerFactory - [instantiate,1362] - Quartz scheduler 'RuoyiScheduler' initialized from an externally provided properties instance.
15:39:35.852 [main] INFO  o.q.i.StdSchedulerFactory - [instantiate,1366] - Quartz scheduler version: 2.3.1
15:39:35.853 [main] INFO  o.q.c.QuartzScheduler - [setJobFactory,2293] - JobFactory set to: org.springframework.scheduling.quartz.AdaptableJobFactory@7c950b3b
15:39:37.242 [main] INFO  s.d.s.w.PropertySourcedRequestMappingHandlerMapping - [initHandlerMethods,69] - Mapped URL path [/v2/api-docs] onto method [public org.springframework.http.ResponseEntity<springfox.documentation.spring.web.json.Json> springfox.documentation.swagger2.web.Swagger2Controller.getDocumentation(java.lang.String,javax.servlet.http.HttpServletRequest)]
15:39:38.192 [main] INFO  s.d.s.w.p.DocumentationPluginsBootstrapper - [start,160] - Context refreshed
15:39:38.207 [main] INFO  s.d.s.w.p.DocumentationPluginsBootstrapper - [start,163] - Found 1 custom documentation plugin(s)
15:39:38.254 [main] INFO  s.d.s.w.s.ApiListingReferenceScanner - [scan,41] - Scanning for api listing references
15:39:38.590 [main] INFO  s.d.s.w.r.o.CachingOperationNameGenerator - [startingWith,40] - Generating unique operation named: listUsingGET_1
15:39:38.619 [main] INFO  o.a.c.h.Http11NioProtocol - [log,173] - Starting ProtocolHandler ["http-nio-8080"]
15:39:38.643 [main] INFO  c.r.RuoYiApplication - [logStarted,59] - Started RuoYiApplication in 7.184 seconds (JVM running for 8.118)
15:39:39.619 [Quartz Scheduler [RuoyiScheduler]] INFO  o.q.c.QuartzScheduler - [start,547] - Scheduler RuoyiScheduler_$_NON_CLUSTERED started.
15:40:18.859 [http-nio-8080-exec-1] INFO  o.a.c.c.C.[.[.[/] - [log,173] - Initializing Spring DispatcherServlet 'dispatcherServlet'
15:40:28.443 [schedule-pool-1] INFO  sys-user - [run,54] - [127.0.0.1]内网IP[admin][Success][登录成功]
16:15:08.489 [schedule-pool-1] INFO  sys-user - [run,54] - [127.0.0.1]内网IP[admin][Logout][退出成功]
16:15:20.982 [schedule-pool-2] INFO  sys-user - [run,54] - [127.0.0.1]内网IP[项目经理1][Success][登录成功]
16:44:57.136 [main] INFO  c.r.RuoYiApplication - [logStarting,50] - Starting RuoYiApplication on Vetch with PID 4304 (started by vetch in C:\Users\75440\Desktop\任务\简历整理\CUDR和模板下载\pactera_happyclock (2)\pactera_happyclock\pacter_happyclock_server)
16:44:57.139 [main] INFO  c.r.RuoYiApplication - [logStartupProfileInfo,651] - The following profiles are active: druid
16:45:00.659 [main] INFO  o.a.c.h.Http11NioProtocol - [log,173] - Initializing ProtocolHandler ["http-nio-8080"]
16:45:00.676 [main] INFO  o.a.c.c.StandardService - [log,173] - Starting service [Tomcat]
16:45:00.676 [main] INFO  o.a.c.c.StandardEngine - [log,173] - Starting Servlet engine: [Apache Tomcat/9.0.22]
16:45:00.801 [main] INFO  o.a.c.c.C.[.[.[/] - [log,173] - Initializing Spring embedded WebApplicationContext
16:45:02.783 [main] INFO  o.q.i.StdSchedulerFactory - [instantiate,1208] - Using default implementation for ThreadExecutor
16:45:02.877 [main] INFO  o.q.c.SchedulerSignalerImpl - [<init>,61] - Initialized Scheduler Signaller of type: class org.quartz.core.SchedulerSignalerImpl
16:45:02.877 [main] INFO  o.q.c.QuartzScheduler - [<init>,229] - Quartz Scheduler v.2.3.1 created.
16:45:03.127 [main] INFO  c.a.d.p.DruidDataSource - [init,991] - {dataSource-1} inited
16:45:03.135 [main] INFO  o.q.c.QuartzScheduler - [initialize,294] - Scheduler meta-data: Quartz Scheduler (v2.3.1) 'RuoyiScheduler' with instanceId 'NON_CLUSTERED'
  Scheduler class: 'org.quartz.core.QuartzScheduler' - running locally.
  NOT STARTED.
  Currently in standby mode.
  Number of jobs executed: 0
  Using thread pool 'org.quartz.simpl.SimpleThreadPool' - with 20 threads.
  Using job-store 'org.springframework.scheduling.quartz.LocalDataSourceJobStore' - which supports persistence. and is not clustered.

16:45:03.136 [main] INFO  o.q.i.StdSchedulerFactory - [instantiate,1362] - Quartz scheduler 'RuoyiScheduler' initialized from an externally provided properties instance.
16:45:03.136 [main] INFO  o.q.i.StdSchedulerFactory - [instantiate,1366] - Quartz scheduler version: 2.3.1
16:45:03.137 [main] INFO  o.q.c.QuartzScheduler - [setJobFactory,2293] - JobFactory set to: org.springframework.scheduling.quartz.AdaptableJobFactory@76cdafa3
16:45:05.293 [main] INFO  s.d.s.w.PropertySourcedRequestMappingHandlerMapping - [initHandlerMethods,69] - Mapped URL path [/v2/api-docs] onto method [public org.springframework.http.ResponseEntity<springfox.documentation.spring.web.json.Json> springfox.documentation.swagger2.web.Swagger2Controller.getDocumentation(java.lang.String,javax.servlet.http.HttpServletRequest)]
16:45:06.779 [main] INFO  s.d.s.w.p.DocumentationPluginsBootstrapper - [start,160] - Context refreshed
16:45:06.827 [main] INFO  s.d.s.w.p.DocumentationPluginsBootstrapper - [start,163] - Found 1 custom documentation plugin(s)
16:45:06.886 [main] INFO  s.d.s.w.s.ApiListingReferenceScanner - [scan,41] - Scanning for api listing references
16:45:07.334 [main] INFO  s.d.s.w.r.o.CachingOperationNameGenerator - [startingWith,40] - Generating unique operation named: listUsingGET_1
16:45:07.368 [main] INFO  o.a.c.h.Http11NioProtocol - [log,173] - Starting ProtocolHandler ["http-nio-8080"]
16:45:07.459 [main] INFO  c.r.RuoYiApplication - [logStarted,59] - Started RuoYiApplication in 11.005 seconds (JVM running for 59.315)
16:45:08.393 [Quartz Scheduler [RuoyiScheduler]] INFO  o.q.c.QuartzScheduler - [start,547] - Scheduler RuoyiScheduler_$_NON_CLUSTERED started.
16:48:29.151 [http-nio-8080-exec-1] INFO  o.a.c.c.C.[.[.[/] - [log,173] - Initializing Spring DispatcherServlet 'dispatcherServlet'
16:52:28.742 [schedule-pool-1] INFO  sys-user - [run,54] - [127.0.0.1]内网IP[项目经理1][Success][登录成功]
17:04:44.901 [schedule-pool-1] INFO  sys-user - [run,54] - [127.0.0.1]内网IP[项目经理1][Logout][退出成功]
17:04:57.100 [schedule-pool-2] INFO  sys-user - [run,54] - [127.0.0.1]内网IP[部门经理1][Success][登录成功]
17:07:40.379 [schedule-pool-1] INFO  sys-user - [run,54] - [127.0.0.1]内网IP[部门经理1][Logout][退出成功]
17:07:50.818 [schedule-pool-3] INFO  sys-user - [run,54] - [127.0.0.1]内网IP[项目经理1][Success][登录成功]
17:08:11.075 [schedule-pool-2] INFO  sys-user - [run,54] - [127.0.0.1]内网IP[项目经理1][Logout][退出成功]
17:08:28.187 [schedule-pool-4] INFO  sys-user - [run,54] - [127.0.0.1]内网IP[admin][Success][登录成功]
