09:07:41.344 [main] INFO  c.r.RuoYiApplication - [logStarting,50] - Starting RuoYiApplication on Vetch with PID 15212 (started by vetch in C:\Users\75440\Desktop\任务\简历整理\CUDR和模板下载\pactera_happyclock (2)\pactera_happyclock\pacter_happyclock_server)
09:07:41.378 [main] INFO  c.r.RuoYiApplication - [logStartupProfileInfo,651] - The following profiles are active: druid
09:07:50.814 [main] INFO  o.a.c.h.Http11NioProtocol - [log,173] - Initializing ProtocolHandler ["http-nio-8080"]
09:07:50.856 [main] INFO  o.a.c.c.StandardService - [log,173] - Starting service [Tomcat]
09:07:50.856 [main] INFO  o.a.c.c.StandardEngine - [log,173] - Starting Servlet engine: [Apache Tomcat/9.0.22]
09:07:51.075 [main] INFO  o.a.c.c.C.[.[.[/] - [log,173] - Initializing Spring embedded WebApplicationContext
09:07:54.962 [main] INFO  o.q.i.StdSchedulerFactory - [instantiate,1208] - Using default implementation for ThreadExecutor
09:07:54.975 [main] INFO  o.q.c.SchedulerSignalerImpl - [<init>,61] - Initialized Scheduler Signaller of type: class org.quartz.core.SchedulerSignalerImpl
09:07:54.976 [main] INFO  o.q.c.QuartzScheduler - [<init>,229] - Quartz Scheduler v.2.3.1 created.
09:07:56.068 [main] INFO  c.a.d.p.DruidDataSource - [init,991] - {dataSource-1} inited
09:07:56.077 [main] INFO  o.q.c.QuartzScheduler - [initialize,294] - Scheduler meta-data: Quartz Scheduler (v2.3.1) 'RuoyiScheduler' with instanceId 'NON_CLUSTERED'
  Scheduler class: 'org.quartz.core.QuartzScheduler' - running locally.
  NOT STARTED.
  Currently in standby mode.
  Number of jobs executed: 0
  Using thread pool 'org.quartz.simpl.SimpleThreadPool' - with 20 threads.
  Using job-store 'org.springframework.scheduling.quartz.LocalDataSourceJobStore' - which supports persistence. and is not clustered.

09:07:56.077 [main] INFO  o.q.i.StdSchedulerFactory - [instantiate,1362] - Quartz scheduler 'RuoyiScheduler' initialized from an externally provided properties instance.
09:07:56.077 [main] INFO  o.q.i.StdSchedulerFactory - [instantiate,1366] - Quartz scheduler version: 2.3.1
09:07:56.079 [main] INFO  o.q.c.QuartzScheduler - [setJobFactory,2293] - JobFactory set to: org.springframework.scheduling.quartz.AdaptableJobFactory@3af10d0b
09:07:58.846 [main] INFO  s.d.s.w.PropertySourcedRequestMappingHandlerMapping - [initHandlerMethods,69] - Mapped URL path [/v2/api-docs] onto method [public org.springframework.http.ResponseEntity<springfox.documentation.spring.web.json.Json> springfox.documentation.swagger2.web.Swagger2Controller.getDocumentation(java.lang.String,javax.servlet.http.HttpServletRequest)]
09:08:01.651 [main] INFO  s.d.s.w.p.DocumentationPluginsBootstrapper - [start,160] - Context refreshed
09:08:01.759 [main] INFO  s.d.s.w.p.DocumentationPluginsBootstrapper - [start,163] - Found 1 custom documentation plugin(s)
09:08:01.839 [main] INFO  s.d.s.w.s.ApiListingReferenceScanner - [scan,41] - Scanning for api listing references
09:08:02.481 [main] INFO  s.d.s.w.r.o.CachingOperationNameGenerator - [startingWith,40] - Generating unique operation named: listUsingGET_1
09:08:02.575 [main] INFO  o.a.c.h.Http11NioProtocol - [log,173] - Starting ProtocolHandler ["http-nio-8080"]
09:08:02.647 [main] INFO  c.r.RuoYiApplication - [logStarted,59] - Started RuoYiApplication in 23.852 seconds (JVM running for 26.217)
09:08:03.606 [Quartz Scheduler [RuoyiScheduler]] INFO  o.q.c.QuartzScheduler - [start,547] - Scheduler RuoyiScheduler_$_NON_CLUSTERED started.
09:08:13.167 [http-nio-8080-exec-1] INFO  o.a.c.c.C.[.[.[/] - [log,173] - Initializing Spring DispatcherServlet 'dispatcherServlet'
09:08:49.668 [schedule-pool-1] INFO  sys-user - [run,54] - [127.0.0.1]内网IP[admin][Success][登录成功]
09:23:49.872 [main] INFO  c.r.RuoYiApplication - [logStarting,50] - Starting RuoYiApplication on Vetch with PID 4312 (started by vetch in C:\Users\75440\Desktop\任务\简历整理\CUDR和模板下载\pactera_happyclock (2)\pactera_happyclock\pacter_happyclock_server)
09:23:49.880 [main] INFO  c.r.RuoYiApplication - [logStartupProfileInfo,651] - The following profiles are active: druid
09:23:53.170 [main] INFO  o.a.c.h.Http11NioProtocol - [log,173] - Initializing ProtocolHandler ["http-nio-8080"]
09:23:53.187 [main] INFO  o.a.c.c.StandardService - [log,173] - Starting service [Tomcat]
09:23:53.187 [main] INFO  o.a.c.c.StandardEngine - [log,173] - Starting Servlet engine: [Apache Tomcat/9.0.22]
09:23:53.309 [main] INFO  o.a.c.c.C.[.[.[/] - [log,173] - Initializing Spring embedded WebApplicationContext
09:23:55.086 [main] INFO  o.q.i.StdSchedulerFactory - [instantiate,1208] - Using default implementation for ThreadExecutor
09:23:55.099 [main] INFO  o.q.c.SchedulerSignalerImpl - [<init>,61] - Initialized Scheduler Signaller of type: class org.quartz.core.SchedulerSignalerImpl
09:23:55.100 [main] INFO  o.q.c.QuartzScheduler - [<init>,229] - Quartz Scheduler v.2.3.1 created.
09:23:55.344 [main] INFO  c.a.d.p.DruidDataSource - [init,991] - {dataSource-1} inited
09:23:55.353 [main] INFO  o.q.c.QuartzScheduler - [initialize,294] - Scheduler meta-data: Quartz Scheduler (v2.3.1) 'RuoyiScheduler' with instanceId 'NON_CLUSTERED'
  Scheduler class: 'org.quartz.core.QuartzScheduler' - running locally.
  NOT STARTED.
  Currently in standby mode.
  Number of jobs executed: 0
  Using thread pool 'org.quartz.simpl.SimpleThreadPool' - with 20 threads.
  Using job-store 'org.springframework.scheduling.quartz.LocalDataSourceJobStore' - which supports persistence. and is not clustered.

09:23:55.354 [main] INFO  o.q.i.StdSchedulerFactory - [instantiate,1362] - Quartz scheduler 'RuoyiScheduler' initialized from an externally provided properties instance.
09:23:55.354 [main] INFO  o.q.i.StdSchedulerFactory - [instantiate,1366] - Quartz scheduler version: 2.3.1
09:23:55.356 [main] INFO  o.q.c.QuartzScheduler - [setJobFactory,2293] - JobFactory set to: org.springframework.scheduling.quartz.AdaptableJobFactory@6a543e09
09:23:57.253 [main] INFO  s.d.s.w.PropertySourcedRequestMappingHandlerMapping - [initHandlerMethods,69] - Mapped URL path [/v2/api-docs] onto method [public org.springframework.http.ResponseEntity<springfox.documentation.spring.web.json.Json> springfox.documentation.swagger2.web.Swagger2Controller.getDocumentation(java.lang.String,javax.servlet.http.HttpServletRequest)]
09:23:58.525 [main] INFO  s.d.s.w.p.DocumentationPluginsBootstrapper - [start,160] - Context refreshed
09:23:58.771 [main] INFO  s.d.s.w.p.DocumentationPluginsBootstrapper - [start,163] - Found 1 custom documentation plugin(s)
09:23:58.830 [main] INFO  s.d.s.w.s.ApiListingReferenceScanner - [scan,41] - Scanning for api listing references
09:23:59.021 [main] INFO  s.d.s.w.r.o.CachingOperationNameGenerator - [startingWith,40] - Generating unique operation named: listUsingGET_1
09:23:59.076 [main] INFO  o.a.c.h.Http11NioProtocol - [log,173] - Starting ProtocolHandler ["http-nio-8080"]
09:23:59.169 [main] INFO  c.r.RuoYiApplication - [logStarted,59] - Started RuoYiApplication in 9.966 seconds (JVM running for 13.162)
09:24:00.100 [Quartz Scheduler [RuoyiScheduler]] INFO  o.q.c.QuartzScheduler - [start,547] - Scheduler RuoyiScheduler_$_NON_CLUSTERED started.
09:25:17.456 [http-nio-8080-exec-1] INFO  o.a.c.c.C.[.[.[/] - [log,173] - Initializing Spring DispatcherServlet 'dispatcherServlet'
09:25:25.828 [schedule-pool-1] INFO  sys-user - [run,54] - [127.0.0.1]内网IP[admin][Success][登录成功]
09:34:32.401 [Thread-26] INFO  o.q.c.QuartzScheduler - [standby,585] - Scheduler RuoyiScheduler_$_NON_CLUSTERED paused.
09:34:32.464 [Thread-26] INFO  o.q.c.QuartzScheduler - [shutdown,666] - Scheduler RuoyiScheduler_$_NON_CLUSTERED shutting down.
09:34:32.464 [Thread-26] INFO  o.q.c.QuartzScheduler - [standby,585] - Scheduler RuoyiScheduler_$_NON_CLUSTERED paused.
09:34:32.465 [Thread-26] INFO  o.q.c.QuartzScheduler - [shutdown,740] - Scheduler RuoyiScheduler_$_NON_CLUSTERED shutdown complete.
09:34:32.465 [Thread-26] INFO  sys-user - [shutdownAsyncManager,31] - ====关闭后台任务任务线程池====
09:34:32.472 [Thread-26] INFO  c.a.d.p.DruidDataSource - [close,1928] - {dataSource-1} closed
09:34:38.727 [main] INFO  c.r.RuoYiApplication - [logStarting,50] - Starting RuoYiApplication on Vetch with PID 6012 (started by vetch in C:\Users\75440\Desktop\任务\简历整理\CUDR和模板下载\pactera_happyclock (2)\pactera_happyclock\pacter_happyclock_server)
09:34:38.730 [main] INFO  c.r.RuoYiApplication - [logStartupProfileInfo,651] - The following profiles are active: druid
09:34:42.521 [main] INFO  o.a.c.h.Http11NioProtocol - [log,173] - Initializing ProtocolHandler ["http-nio-8080"]
09:34:42.530 [main] INFO  o.a.c.c.StandardService - [log,173] - Starting service [Tomcat]
09:34:42.531 [main] INFO  o.a.c.c.StandardEngine - [log,173] - Starting Servlet engine: [Apache Tomcat/9.0.22]
09:34:42.636 [main] INFO  o.a.c.c.C.[.[.[/] - [log,173] - Initializing Spring embedded WebApplicationContext
09:34:44.007 [main] INFO  o.q.i.StdSchedulerFactory - [instantiate,1208] - Using default implementation for ThreadExecutor
09:34:44.023 [main] INFO  o.q.c.SchedulerSignalerImpl - [<init>,61] - Initialized Scheduler Signaller of type: class org.quartz.core.SchedulerSignalerImpl
09:34:44.023 [main] INFO  o.q.c.QuartzScheduler - [<init>,229] - Quartz Scheduler v.2.3.1 created.
09:34:44.215 [main] INFO  c.a.d.p.DruidDataSource - [init,991] - {dataSource-1} inited
09:34:44.226 [main] INFO  o.q.c.QuartzScheduler - [initialize,294] - Scheduler meta-data: Quartz Scheduler (v2.3.1) 'RuoyiScheduler' with instanceId 'NON_CLUSTERED'
  Scheduler class: 'org.quartz.core.QuartzScheduler' - running locally.
  NOT STARTED.
  Currently in standby mode.
  Number of jobs executed: 0
  Using thread pool 'org.quartz.simpl.SimpleThreadPool' - with 20 threads.
  Using job-store 'org.springframework.scheduling.quartz.LocalDataSourceJobStore' - which supports persistence. and is not clustered.

09:34:44.226 [main] INFO  o.q.i.StdSchedulerFactory - [instantiate,1362] - Quartz scheduler 'RuoyiScheduler' initialized from an externally provided properties instance.
09:34:44.227 [main] INFO  o.q.i.StdSchedulerFactory - [instantiate,1366] - Quartz scheduler version: 2.3.1
09:34:44.229 [main] INFO  o.q.c.QuartzScheduler - [setJobFactory,2293] - JobFactory set to: org.springframework.scheduling.quartz.AdaptableJobFactory@5dacf18d
09:34:46.286 [main] INFO  s.d.s.w.PropertySourcedRequestMappingHandlerMapping - [initHandlerMethods,69] - Mapped URL path [/v2/api-docs] onto method [public org.springframework.http.ResponseEntity<springfox.documentation.spring.web.json.Json> springfox.documentation.swagger2.web.Swagger2Controller.getDocumentation(java.lang.String,javax.servlet.http.HttpServletRequest)]
09:34:47.805 [main] INFO  s.d.s.w.p.DocumentationPluginsBootstrapper - [start,160] - Context refreshed
09:34:47.825 [main] INFO  s.d.s.w.p.DocumentationPluginsBootstrapper - [start,163] - Found 1 custom documentation plugin(s)
09:34:48.165 [main] INFO  s.d.s.w.s.ApiListingReferenceScanner - [scan,41] - Scanning for api listing references
09:34:48.448 [main] INFO  s.d.s.w.r.o.CachingOperationNameGenerator - [startingWith,40] - Generating unique operation named: listUsingGET_1
09:34:48.524 [main] INFO  o.a.c.h.Http11NioProtocol - [log,173] - Starting ProtocolHandler ["http-nio-8080"]
09:34:48.563 [main] INFO  c.r.RuoYiApplication - [logStarted,59] - Started RuoYiApplication in 10.444 seconds (JVM running for 12.21)
09:34:48.772 [http-nio-8080-exec-2] INFO  o.a.c.c.C.[.[.[/] - [log,173] - Initializing Spring DispatcherServlet 'dispatcherServlet'
09:34:49.525 [Quartz Scheduler [RuoyiScheduler]] INFO  o.q.c.QuartzScheduler - [start,547] - Scheduler RuoyiScheduler_$_NON_CLUSTERED started.
09:34:56.106 [schedule-pool-1] INFO  sys-user - [run,54] - [127.0.0.1]内网IP[admin][Success][登录成功]
09:59:45.988 [Thread-26] INFO  o.q.c.QuartzScheduler - [standby,585] - Scheduler RuoyiScheduler_$_NON_CLUSTERED paused.
09:59:46.011 [Thread-26] INFO  o.q.c.QuartzScheduler - [shutdown,666] - Scheduler RuoyiScheduler_$_NON_CLUSTERED shutting down.
09:59:46.011 [Thread-26] INFO  o.q.c.QuartzScheduler - [standby,585] - Scheduler RuoyiScheduler_$_NON_CLUSTERED paused.
09:59:46.012 [Thread-26] INFO  o.q.c.QuartzScheduler - [shutdown,740] - Scheduler RuoyiScheduler_$_NON_CLUSTERED shutdown complete.
09:59:46.012 [Thread-26] INFO  sys-user - [shutdownAsyncManager,31] - ====关闭后台任务任务线程池====
09:59:46.018 [Thread-26] INFO  c.a.d.p.DruidDataSource - [close,1928] - {dataSource-1} closed
09:59:50.423 [main] INFO  c.r.RuoYiApplication - [logStarting,50] - Starting RuoYiApplication on Vetch with PID 8556 (started by vetch in C:\Users\75440\Desktop\任务\简历整理\CUDR和模板下载\pactera_happyclock (2)\pactera_happyclock\pacter_happyclock_server)
09:59:50.426 [main] INFO  c.r.RuoYiApplication - [logStartupProfileInfo,651] - The following profiles are active: druid
09:59:54.422 [main] INFO  o.a.c.h.Http11NioProtocol - [log,173] - Initializing ProtocolHandler ["http-nio-8080"]
09:59:54.432 [main] INFO  o.a.c.c.StandardService - [log,173] - Starting service [Tomcat]
09:59:54.432 [main] INFO  o.a.c.c.StandardEngine - [log,173] - Starting Servlet engine: [Apache Tomcat/9.0.22]
09:59:54.541 [main] INFO  o.a.c.c.C.[.[.[/] - [log,173] - Initializing Spring embedded WebApplicationContext
09:59:56.661 [main] INFO  o.q.i.StdSchedulerFactory - [instantiate,1208] - Using default implementation for ThreadExecutor
09:59:56.683 [main] INFO  o.q.c.SchedulerSignalerImpl - [<init>,61] - Initialized Scheduler Signaller of type: class org.quartz.core.SchedulerSignalerImpl
09:59:56.683 [main] INFO  o.q.c.QuartzScheduler - [<init>,229] - Quartz Scheduler v.2.3.1 created.
09:59:56.918 [main] INFO  c.a.d.p.DruidDataSource - [init,991] - {dataSource-1} inited
09:59:56.935 [main] INFO  o.q.c.QuartzScheduler - [initialize,294] - Scheduler meta-data: Quartz Scheduler (v2.3.1) 'RuoyiScheduler' with instanceId 'NON_CLUSTERED'
  Scheduler class: 'org.quartz.core.QuartzScheduler' - running locally.
  NOT STARTED.
  Currently in standby mode.
  Number of jobs executed: 0
  Using thread pool 'org.quartz.simpl.SimpleThreadPool' - with 20 threads.
  Using job-store 'org.springframework.scheduling.quartz.LocalDataSourceJobStore' - which supports persistence. and is not clustered.

09:59:56.935 [main] INFO  o.q.i.StdSchedulerFactory - [instantiate,1362] - Quartz scheduler 'RuoyiScheduler' initialized from an externally provided properties instance.
09:59:56.935 [main] INFO  o.q.i.StdSchedulerFactory - [instantiate,1366] - Quartz scheduler version: 2.3.1
09:59:56.938 [main] INFO  o.q.c.QuartzScheduler - [setJobFactory,2293] - JobFactory set to: org.springframework.scheduling.quartz.AdaptableJobFactory@6aaa678d
09:59:58.990 [main] INFO  s.d.s.w.PropertySourcedRequestMappingHandlerMapping - [initHandlerMethods,69] - Mapped URL path [/v2/api-docs] onto method [public org.springframework.http.ResponseEntity<springfox.documentation.spring.web.json.Json> springfox.documentation.swagger2.web.Swagger2Controller.getDocumentation(java.lang.String,javax.servlet.http.HttpServletRequest)]
10:00:00.404 [main] INFO  s.d.s.w.p.DocumentationPluginsBootstrapper - [start,160] - Context refreshed
10:00:00.438 [main] INFO  s.d.s.w.p.DocumentationPluginsBootstrapper - [start,163] - Found 1 custom documentation plugin(s)
10:00:00.749 [main] INFO  s.d.s.w.s.ApiListingReferenceScanner - [scan,41] - Scanning for api listing references
10:00:01.052 [main] INFO  s.d.s.w.r.o.CachingOperationNameGenerator - [startingWith,40] - Generating unique operation named: listUsingGET_1
10:00:01.141 [main] INFO  o.a.c.h.Http11NioProtocol - [log,173] - Starting ProtocolHandler ["http-nio-8080"]
10:00:01.195 [main] INFO  c.r.RuoYiApplication - [logStarted,59] - Started RuoYiApplication in 11.413 seconds (JVM running for 13.621)
10:00:02.150 [Quartz Scheduler [RuoyiScheduler]] INFO  o.q.c.QuartzScheduler - [start,547] - Scheduler RuoyiScheduler_$_NON_CLUSTERED started.
10:00:09.810 [http-nio-8080-exec-2] INFO  o.a.c.c.C.[.[.[/] - [log,173] - Initializing Spring DispatcherServlet 'dispatcherServlet'
10:00:16.273 [schedule-pool-1] INFO  sys-user - [run,54] - [127.0.0.1]内网IP[admin][Success][登录成功]
10:03:00.505 [Thread-28] INFO  o.q.c.QuartzScheduler - [standby,585] - Scheduler RuoyiScheduler_$_NON_CLUSTERED paused.
10:03:00.527 [Thread-28] INFO  o.q.c.QuartzScheduler - [shutdown,666] - Scheduler RuoyiScheduler_$_NON_CLUSTERED shutting down.
10:03:00.527 [Thread-28] INFO  o.q.c.QuartzScheduler - [standby,585] - Scheduler RuoyiScheduler_$_NON_CLUSTERED paused.
10:03:00.529 [Thread-28] INFO  o.q.c.QuartzScheduler - [shutdown,740] - Scheduler RuoyiScheduler_$_NON_CLUSTERED shutdown complete.
10:03:00.529 [Thread-28] INFO  sys-user - [shutdownAsyncManager,31] - ====关闭后台任务任务线程池====
10:03:00.543 [Thread-28] INFO  c.a.d.p.DruidDataSource - [close,1928] - {dataSource-1} closed
10:03:06.354 [main] INFO  c.r.RuoYiApplication - [logStarting,50] - Starting RuoYiApplication on Vetch with PID 8684 (started by vetch in C:\Users\75440\Desktop\任务\简历整理\CUDR和模板下载\pactera_happyclock (2)\pactera_happyclock\pacter_happyclock_server)
10:03:06.357 [main] INFO  c.r.RuoYiApplication - [logStartupProfileInfo,651] - The following profiles are active: druid
10:03:09.150 [main] INFO  o.a.c.h.Http11NioProtocol - [log,173] - Initializing ProtocolHandler ["http-nio-8080"]
10:03:09.159 [main] INFO  o.a.c.c.StandardService - [log,173] - Starting service [Tomcat]
10:03:09.160 [main] INFO  o.a.c.c.StandardEngine - [log,173] - Starting Servlet engine: [Apache Tomcat/9.0.22]
10:03:09.291 [main] INFO  o.a.c.c.C.[.[.[/] - [log,173] - Initializing Spring embedded WebApplicationContext
10:03:11.331 [main] INFO  o.q.i.StdSchedulerFactory - [instantiate,1208] - Using default implementation for ThreadExecutor
10:03:11.357 [main] INFO  o.q.c.SchedulerSignalerImpl - [<init>,61] - Initialized Scheduler Signaller of type: class org.quartz.core.SchedulerSignalerImpl
10:03:11.358 [main] INFO  o.q.c.QuartzScheduler - [<init>,229] - Quartz Scheduler v.2.3.1 created.
10:03:11.634 [main] INFO  c.a.d.p.DruidDataSource - [init,991] - {dataSource-1} inited
10:03:11.654 [main] INFO  o.q.c.QuartzScheduler - [initialize,294] - Scheduler meta-data: Quartz Scheduler (v2.3.1) 'RuoyiScheduler' with instanceId 'NON_CLUSTERED'
  Scheduler class: 'org.quartz.core.QuartzScheduler' - running locally.
  NOT STARTED.
  Currently in standby mode.
  Number of jobs executed: 0
  Using thread pool 'org.quartz.simpl.SimpleThreadPool' - with 20 threads.
  Using job-store 'org.springframework.scheduling.quartz.LocalDataSourceJobStore' - which supports persistence. and is not clustered.

10:03:11.654 [main] INFO  o.q.i.StdSchedulerFactory - [instantiate,1362] - Quartz scheduler 'RuoyiScheduler' initialized from an externally provided properties instance.
10:03:11.654 [main] INFO  o.q.i.StdSchedulerFactory - [instantiate,1366] - Quartz scheduler version: 2.3.1
10:03:11.656 [main] INFO  o.q.c.QuartzScheduler - [setJobFactory,2293] - JobFactory set to: org.springframework.scheduling.quartz.AdaptableJobFactory@97beeaf
10:03:13.782 [main] INFO  s.d.s.w.PropertySourcedRequestMappingHandlerMapping - [initHandlerMethods,69] - Mapped URL path [/v2/api-docs] onto method [public org.springframework.http.ResponseEntity<springfox.documentation.spring.web.json.Json> springfox.documentation.swagger2.web.Swagger2Controller.getDocumentation(java.lang.String,javax.servlet.http.HttpServletRequest)]
10:03:15.261 [main] INFO  s.d.s.w.p.DocumentationPluginsBootstrapper - [start,160] - Context refreshed
10:03:15.499 [main] INFO  s.d.s.w.p.DocumentationPluginsBootstrapper - [start,163] - Found 1 custom documentation plugin(s)
10:03:15.580 [main] INFO  s.d.s.w.s.ApiListingReferenceScanner - [scan,41] - Scanning for api listing references
10:03:15.857 [main] INFO  s.d.s.w.r.o.CachingOperationNameGenerator - [startingWith,40] - Generating unique operation named: listUsingGET_1
10:03:15.925 [main] INFO  o.a.c.h.Http11NioProtocol - [log,173] - Starting ProtocolHandler ["http-nio-8080"]
10:03:15.981 [main] INFO  c.r.RuoYiApplication - [logStarted,59] - Started RuoYiApplication in 10.292 seconds (JVM running for 11.825)
10:03:16.955 [Quartz Scheduler [RuoyiScheduler]] INFO  o.q.c.QuartzScheduler - [start,547] - Scheduler RuoyiScheduler_$_NON_CLUSTERED started.
10:03:37.452 [http-nio-8080-exec-2] INFO  o.a.c.c.C.[.[.[/] - [log,173] - Initializing Spring DispatcherServlet 'dispatcherServlet'
10:03:43.870 [schedule-pool-1] INFO  sys-user - [run,54] - [127.0.0.1]内网IP[admin][Success][登录成功]
10:19:48.862 [Thread-26] INFO  o.q.c.QuartzScheduler - [standby,585] - Scheduler RuoyiScheduler_$_NON_CLUSTERED paused.
10:19:48.883 [Thread-26] INFO  o.q.c.QuartzScheduler - [shutdown,666] - Scheduler RuoyiScheduler_$_NON_CLUSTERED shutting down.
10:19:48.883 [Thread-26] INFO  o.q.c.QuartzScheduler - [standby,585] - Scheduler RuoyiScheduler_$_NON_CLUSTERED paused.
10:19:48.885 [Thread-26] INFO  o.q.c.QuartzScheduler - [shutdown,740] - Scheduler RuoyiScheduler_$_NON_CLUSTERED shutdown complete.
10:19:48.885 [Thread-26] INFO  sys-user - [shutdownAsyncManager,31] - ====关闭后台任务任务线程池====
10:19:48.890 [Thread-26] INFO  c.a.d.p.DruidDataSource - [close,1928] - {dataSource-1} closed
10:19:55.393 [main] INFO  c.r.RuoYiApplication - [logStarting,50] - Starting RuoYiApplication on Vetch with PID 6060 (started by vetch in C:\Users\75440\Desktop\任务\简历整理\CUDR和模板下载\pactera_happyclock (2)\pactera_happyclock\pacter_happyclock_server)
10:19:55.397 [main] INFO  c.r.RuoYiApplication - [logStartupProfileInfo,651] - The following profiles are active: druid
10:19:57.735 [main] INFO  o.a.c.h.Http11NioProtocol - [log,173] - Initializing ProtocolHandler ["http-nio-8080"]
10:19:57.744 [main] INFO  o.a.c.c.StandardService - [log,173] - Starting service [Tomcat]
10:19:57.744 [main] INFO  o.a.c.c.StandardEngine - [log,173] - Starting Servlet engine: [Apache Tomcat/9.0.22]
10:19:57.852 [main] INFO  o.a.c.c.C.[.[.[/] - [log,173] - Initializing Spring embedded WebApplicationContext
10:19:59.004 [main] INFO  o.q.i.StdSchedulerFactory - [instantiate,1208] - Using default implementation for ThreadExecutor
10:19:59.014 [main] INFO  o.q.c.SchedulerSignalerImpl - [<init>,61] - Initialized Scheduler Signaller of type: class org.quartz.core.SchedulerSignalerImpl
10:19:59.015 [main] INFO  o.q.c.QuartzScheduler - [<init>,229] - Quartz Scheduler v.2.3.1 created.
10:19:59.299 [main] INFO  c.a.d.p.DruidDataSource - [init,991] - {dataSource-1} inited
10:19:59.307 [main] INFO  o.q.c.QuartzScheduler - [initialize,294] - Scheduler meta-data: Quartz Scheduler (v2.3.1) 'RuoyiScheduler' with instanceId 'NON_CLUSTERED'
  Scheduler class: 'org.quartz.core.QuartzScheduler' - running locally.
  NOT STARTED.
  Currently in standby mode.
  Number of jobs executed: 0
  Using thread pool 'org.quartz.simpl.SimpleThreadPool' - with 20 threads.
  Using job-store 'org.springframework.scheduling.quartz.LocalDataSourceJobStore' - which supports persistence. and is not clustered.

10:19:59.307 [main] INFO  o.q.i.StdSchedulerFactory - [instantiate,1362] - Quartz scheduler 'RuoyiScheduler' initialized from an externally provided properties instance.
10:19:59.307 [main] INFO  o.q.i.StdSchedulerFactory - [instantiate,1366] - Quartz scheduler version: 2.3.1
10:19:59.309 [main] INFO  o.q.c.QuartzScheduler - [setJobFactory,2293] - JobFactory set to: org.springframework.scheduling.quartz.AdaptableJobFactory@183fc2fa
10:20:00.669 [main] INFO  s.d.s.w.PropertySourcedRequestMappingHandlerMapping - [initHandlerMethods,69] - Mapped URL path [/v2/api-docs] onto method [public org.springframework.http.ResponseEntity<springfox.documentation.spring.web.json.Json> springfox.documentation.swagger2.web.Swagger2Controller.getDocumentation(java.lang.String,javax.servlet.http.HttpServletRequest)]
10:20:01.547 [main] INFO  s.d.s.w.p.DocumentationPluginsBootstrapper - [start,160] - Context refreshed
10:20:01.562 [main] INFO  s.d.s.w.p.DocumentationPluginsBootstrapper - [start,163] - Found 1 custom documentation plugin(s)
10:20:01.609 [main] INFO  s.d.s.w.s.ApiListingReferenceScanner - [scan,41] - Scanning for api listing references
10:20:01.945 [main] INFO  s.d.s.w.r.o.CachingOperationNameGenerator - [startingWith,40] - Generating unique operation named: listUsingGET_1
10:20:01.992 [main] INFO  o.a.c.h.Http11NioProtocol - [log,173] - Starting ProtocolHandler ["http-nio-8080"]
10:20:02.017 [main] INFO  c.r.RuoYiApplication - [logStarted,59] - Started RuoYiApplication in 7.071 seconds (JVM running for 8.05)
10:20:02.995 [Quartz Scheduler [RuoyiScheduler]] INFO  o.q.c.QuartzScheduler - [start,547] - Scheduler RuoyiScheduler_$_NON_CLUSTERED started.
10:20:27.543 [http-nio-8080-exec-1] INFO  o.a.c.c.C.[.[.[/] - [log,173] - Initializing Spring DispatcherServlet 'dispatcherServlet'
10:20:40.371 [schedule-pool-1] INFO  sys-user - [run,54] - [127.0.0.1]内网IP[admin][Error][验证码错误]
10:20:52.731 [schedule-pool-1] INFO  sys-user - [run,54] - [127.0.0.1]内网IP[admin][Success][登录成功]
10:24:40.097 [main] INFO  c.r.RuoYiApplication - [logStarting,50] - Starting RuoYiApplication on Vetch with PID 12020 (started by vetch in C:\Users\75440\Desktop\任务\简历整理\CUDR和模板下载\pactera_happyclock (2)\pactera_happyclock\pacter_happyclock_server)
10:24:40.099 [main] INFO  c.r.RuoYiApplication - [logStartupProfileInfo,651] - The following profiles are active: druid
10:24:42.292 [main] INFO  o.a.c.h.Http11NioProtocol - [log,173] - Initializing ProtocolHandler ["http-nio-8080"]
10:24:42.303 [main] INFO  o.a.c.c.StandardService - [log,173] - Starting service [Tomcat]
10:24:42.303 [main] INFO  o.a.c.c.StandardEngine - [log,173] - Starting Servlet engine: [Apache Tomcat/9.0.22]
10:24:42.397 [main] INFO  o.a.c.c.C.[.[.[/] - [log,173] - Initializing Spring embedded WebApplicationContext
10:24:43.683 [main] INFO  o.q.i.StdSchedulerFactory - [instantiate,1208] - Using default implementation for ThreadExecutor
10:24:43.694 [main] INFO  o.q.c.SchedulerSignalerImpl - [<init>,61] - Initialized Scheduler Signaller of type: class org.quartz.core.SchedulerSignalerImpl
10:24:43.695 [main] INFO  o.q.c.QuartzScheduler - [<init>,229] - Quartz Scheduler v.2.3.1 created.
10:24:44.014 [main] INFO  c.a.d.p.DruidDataSource - [init,991] - {dataSource-1} inited
10:24:44.020 [main] INFO  o.q.c.QuartzScheduler - [initialize,294] - Scheduler meta-data: Quartz Scheduler (v2.3.1) 'RuoyiScheduler' with instanceId 'NON_CLUSTERED'
  Scheduler class: 'org.quartz.core.QuartzScheduler' - running locally.
  NOT STARTED.
  Currently in standby mode.
  Number of jobs executed: 0
  Using thread pool 'org.quartz.simpl.SimpleThreadPool' - with 20 threads.
  Using job-store 'org.springframework.scheduling.quartz.LocalDataSourceJobStore' - which supports persistence. and is not clustered.

10:24:44.021 [main] INFO  o.q.i.StdSchedulerFactory - [instantiate,1362] - Quartz scheduler 'RuoyiScheduler' initialized from an externally provided properties instance.
10:24:44.021 [main] INFO  o.q.i.StdSchedulerFactory - [instantiate,1366] - Quartz scheduler version: 2.3.1
10:24:44.023 [main] INFO  o.q.c.QuartzScheduler - [setJobFactory,2293] - JobFactory set to: org.springframework.scheduling.quartz.AdaptableJobFactory@7c950b3b
10:24:45.428 [main] INFO  s.d.s.w.PropertySourcedRequestMappingHandlerMapping - [initHandlerMethods,69] - Mapped URL path [/v2/api-docs] onto method [public org.springframework.http.ResponseEntity<springfox.documentation.spring.web.json.Json> springfox.documentation.swagger2.web.Swagger2Controller.getDocumentation(java.lang.String,javax.servlet.http.HttpServletRequest)]
10:24:46.375 [main] INFO  s.d.s.w.p.DocumentationPluginsBootstrapper - [start,160] - Context refreshed
10:24:46.391 [main] INFO  s.d.s.w.p.DocumentationPluginsBootstrapper - [start,163] - Found 1 custom documentation plugin(s)
10:24:46.443 [main] INFO  s.d.s.w.s.ApiListingReferenceScanner - [scan,41] - Scanning for api listing references
10:24:46.778 [main] INFO  s.d.s.w.r.o.CachingOperationNameGenerator - [startingWith,40] - Generating unique operation named: listUsingGET_1
10:24:46.825 [main] INFO  o.a.c.h.Http11NioProtocol - [log,173] - Starting ProtocolHandler ["http-nio-8080"]
10:24:46.853 [main] INFO  c.r.RuoYiApplication - [logStarted,59] - Started RuoYiApplication in 7.158 seconds (JVM running for 7.973)
10:24:47.825 [Quartz Scheduler [RuoyiScheduler]] INFO  o.q.c.QuartzScheduler - [start,547] - Scheduler RuoyiScheduler_$_NON_CLUSTERED started.
10:24:52.535 [http-nio-8080-exec-1] INFO  o.a.c.c.C.[.[.[/] - [log,173] - Initializing Spring DispatcherServlet 'dispatcherServlet'
10:25:05.304 [schedule-pool-1] INFO  sys-user - [run,54] - [127.0.0.1]内网IP[admin][Success][登录成功]
10:28:52.853 [main] INFO  c.r.RuoYiApplication - [logStarting,50] - Starting RuoYiApplication on Vetch with PID 15032 (started by vetch in C:\Users\75440\Desktop\任务\简历整理\CUDR和模板下载\pactera_happyclock (2)\pactera_happyclock\pacter_happyclock_server)
10:28:52.856 [main] INFO  c.r.RuoYiApplication - [logStartupProfileInfo,651] - The following profiles are active: druid
10:28:56.239 [main] INFO  o.a.c.h.Http11NioProtocol - [log,173] - Initializing ProtocolHandler ["http-nio-8080"]
10:28:56.247 [main] INFO  o.a.c.c.StandardService - [log,173] - Starting service [Tomcat]
10:28:56.247 [main] INFO  o.a.c.c.StandardEngine - [log,173] - Starting Servlet engine: [Apache Tomcat/9.0.22]
10:28:56.380 [main] INFO  o.a.c.c.C.[.[.[/] - [log,173] - Initializing Spring embedded WebApplicationContext
10:28:57.676 [main] INFO  o.q.i.StdSchedulerFactory - [instantiate,1208] - Using default implementation for ThreadExecutor
10:28:57.686 [main] INFO  o.q.c.SchedulerSignalerImpl - [<init>,61] - Initialized Scheduler Signaller of type: class org.quartz.core.SchedulerSignalerImpl
10:28:57.686 [main] INFO  o.q.c.QuartzScheduler - [<init>,229] - Quartz Scheduler v.2.3.1 created.
10:28:57.977 [main] INFO  c.a.d.p.DruidDataSource - [init,991] - {dataSource-1} inited
10:28:57.984 [main] INFO  o.q.c.QuartzScheduler - [initialize,294] - Scheduler meta-data: Quartz Scheduler (v2.3.1) 'RuoyiScheduler' with instanceId 'NON_CLUSTERED'
  Scheduler class: 'org.quartz.core.QuartzScheduler' - running locally.
  NOT STARTED.
  Currently in standby mode.
  Number of jobs executed: 0
  Using thread pool 'org.quartz.simpl.SimpleThreadPool' - with 20 threads.
  Using job-store 'org.springframework.scheduling.quartz.LocalDataSourceJobStore' - which supports persistence. and is not clustered.

10:28:57.985 [main] INFO  o.q.i.StdSchedulerFactory - [instantiate,1362] - Quartz scheduler 'RuoyiScheduler' initialized from an externally provided properties instance.
10:28:57.985 [main] INFO  o.q.i.StdSchedulerFactory - [instantiate,1366] - Quartz scheduler version: 2.3.1
10:28:57.986 [main] INFO  o.q.c.QuartzScheduler - [setJobFactory,2293] - JobFactory set to: org.springframework.scheduling.quartz.AdaptableJobFactory@7971c2a9
10:28:59.341 [main] INFO  s.d.s.w.PropertySourcedRequestMappingHandlerMapping - [initHandlerMethods,69] - Mapped URL path [/v2/api-docs] onto method [public org.springframework.http.ResponseEntity<springfox.documentation.spring.web.json.Json> springfox.documentation.swagger2.web.Swagger2Controller.getDocumentation(java.lang.String,javax.servlet.http.HttpServletRequest)]
10:29:00.285 [main] INFO  s.d.s.w.p.DocumentationPluginsBootstrapper - [start,160] - Context refreshed
10:29:00.301 [main] INFO  s.d.s.w.p.DocumentationPluginsBootstrapper - [start,163] - Found 1 custom documentation plugin(s)
10:29:00.347 [main] INFO  s.d.s.w.s.ApiListingReferenceScanner - [scan,41] - Scanning for api listing references
10:29:00.708 [main] INFO  s.d.s.w.r.o.CachingOperationNameGenerator - [startingWith,40] - Generating unique operation named: listUsingGET_1
10:29:00.757 [main] INFO  o.a.c.h.Http11NioProtocol - [log,173] - Starting ProtocolHandler ["http-nio-8080"]
10:29:00.782 [main] INFO  c.r.RuoYiApplication - [logStarted,59] - Started RuoYiApplication in 8.328 seconds (JVM running for 10.053)
10:29:01.758 [Quartz Scheduler [RuoyiScheduler]] INFO  o.q.c.QuartzScheduler - [start,547] - Scheduler RuoyiScheduler_$_NON_CLUSTERED started.
10:29:07.904 [http-nio-8080-exec-1] INFO  o.a.c.c.C.[.[.[/] - [log,173] - Initializing Spring DispatcherServlet 'dispatcherServlet'
10:29:14.799 [schedule-pool-1] INFO  sys-user - [run,54] - [127.0.0.1]内网IP[admin][Success][登录成功]
10:41:02.455 [main] INFO  c.r.RuoYiApplication - [logStarting,50] - Starting RuoYiApplication on Vetch with PID 7568 (started by vetch in C:\Users\75440\Desktop\任务\简历整理\CUDR和模板下载\pactera_happyclock (2)\pactera_happyclock\pacter_happyclock_server)
10:41:02.458 [main] INFO  c.r.RuoYiApplication - [logStartupProfileInfo,651] - The following profiles are active: druid
10:41:04.805 [main] INFO  o.a.c.h.Http11NioProtocol - [log,173] - Initializing ProtocolHandler ["http-nio-8080"]
10:41:04.814 [main] INFO  o.a.c.c.StandardService - [log,173] - Starting service [Tomcat]
10:41:04.815 [main] INFO  o.a.c.c.StandardEngine - [log,173] - Starting Servlet engine: [Apache Tomcat/9.0.22]
10:41:04.923 [main] INFO  o.a.c.c.C.[.[.[/] - [log,173] - Initializing Spring embedded WebApplicationContext
10:41:06.178 [main] INFO  o.q.i.StdSchedulerFactory - [instantiate,1208] - Using default implementation for ThreadExecutor
10:41:06.194 [main] INFO  o.q.c.SchedulerSignalerImpl - [<init>,61] - Initialized Scheduler Signaller of type: class org.quartz.core.SchedulerSignalerImpl
10:41:06.194 [main] INFO  o.q.c.QuartzScheduler - [<init>,229] - Quartz Scheduler v.2.3.1 created.
10:41:06.845 [main] INFO  c.a.d.p.DruidDataSource - [init,991] - {dataSource-1} inited
10:41:06.852 [main] INFO  o.q.c.QuartzScheduler - [initialize,294] - Scheduler meta-data: Quartz Scheduler (v2.3.1) 'RuoyiScheduler' with instanceId 'NON_CLUSTERED'
  Scheduler class: 'org.quartz.core.QuartzScheduler' - running locally.
  NOT STARTED.
  Currently in standby mode.
  Number of jobs executed: 0
  Using thread pool 'org.quartz.simpl.SimpleThreadPool' - with 20 threads.
  Using job-store 'org.springframework.scheduling.quartz.LocalDataSourceJobStore' - which supports persistence. and is not clustered.

10:41:06.853 [main] INFO  o.q.i.StdSchedulerFactory - [instantiate,1362] - Quartz scheduler 'RuoyiScheduler' initialized from an externally provided properties instance.
10:41:06.853 [main] INFO  o.q.i.StdSchedulerFactory - [instantiate,1366] - Quartz scheduler version: 2.3.1
10:41:06.854 [main] INFO  o.q.c.QuartzScheduler - [setJobFactory,2293] - JobFactory set to: org.springframework.scheduling.quartz.AdaptableJobFactory@7c950b3b
10:41:08.318 [main] INFO  s.d.s.w.PropertySourcedRequestMappingHandlerMapping - [initHandlerMethods,69] - Mapped URL path [/v2/api-docs] onto method [public org.springframework.http.ResponseEntity<springfox.documentation.spring.web.json.Json> springfox.documentation.swagger2.web.Swagger2Controller.getDocumentation(java.lang.String,javax.servlet.http.HttpServletRequest)]
10:41:09.267 [main] INFO  s.d.s.w.p.DocumentationPluginsBootstrapper - [start,160] - Context refreshed
10:41:09.284 [main] INFO  s.d.s.w.p.DocumentationPluginsBootstrapper - [start,163] - Found 1 custom documentation plugin(s)
10:41:09.336 [main] INFO  s.d.s.w.s.ApiListingReferenceScanner - [scan,41] - Scanning for api listing references
10:41:09.664 [main] INFO  s.d.s.w.r.o.CachingOperationNameGenerator - [startingWith,40] - Generating unique operation named: listUsingGET_1
10:41:09.712 [main] INFO  o.a.c.h.Http11NioProtocol - [log,173] - Starting ProtocolHandler ["http-nio-8080"]
10:41:09.736 [main] INFO  c.r.RuoYiApplication - [logStarted,59] - Started RuoYiApplication in 7.773 seconds (JVM running for 8.626)
10:41:10.714 [Quartz Scheduler [RuoyiScheduler]] INFO  o.q.c.QuartzScheduler - [start,547] - Scheduler RuoyiScheduler_$_NON_CLUSTERED started.
10:41:24.000 [http-nio-8080-exec-1] INFO  o.a.c.c.C.[.[.[/] - [log,173] - Initializing Spring DispatcherServlet 'dispatcherServlet'
10:41:31.071 [schedule-pool-1] INFO  sys-user - [run,54] - [127.0.0.1]内网IP[admin][Success][登录成功]
10:43:28.674 [main] INFO  c.r.RuoYiApplication - [logStarting,50] - Starting RuoYiApplication on Vetch with PID 17400 (started by vetch in C:\Users\75440\Desktop\任务\简历整理\CUDR和模板下载\pactera_happyclock (2)\pactera_happyclock\pacter_happyclock_server)
10:43:28.676 [main] INFO  c.r.RuoYiApplication - [logStartupProfileInfo,651] - The following profiles are active: druid
10:43:31.423 [main] INFO  o.a.c.h.Http11NioProtocol - [log,173] - Initializing ProtocolHandler ["http-nio-8080"]
10:43:31.433 [main] INFO  o.a.c.c.StandardService - [log,173] - Starting service [Tomcat]
10:43:31.433 [main] INFO  o.a.c.c.StandardEngine - [log,173] - Starting Servlet engine: [Apache Tomcat/9.0.22]
10:43:31.543 [main] INFO  o.a.c.c.C.[.[.[/] - [log,173] - Initializing Spring embedded WebApplicationContext
10:43:33.468 [main] INFO  o.q.i.StdSchedulerFactory - [instantiate,1208] - Using default implementation for ThreadExecutor
10:43:33.489 [main] INFO  o.q.c.SchedulerSignalerImpl - [<init>,61] - Initialized Scheduler Signaller of type: class org.quartz.core.SchedulerSignalerImpl
10:43:33.489 [main] INFO  o.q.c.QuartzScheduler - [<init>,229] - Quartz Scheduler v.2.3.1 created.
10:43:33.944 [main] INFO  c.a.d.p.DruidDataSource - [init,991] - {dataSource-1} inited
10:43:33.958 [main] INFO  o.q.c.QuartzScheduler - [initialize,294] - Scheduler meta-data: Quartz Scheduler (v2.3.1) 'RuoyiScheduler' with instanceId 'NON_CLUSTERED'
  Scheduler class: 'org.quartz.core.QuartzScheduler' - running locally.
  NOT STARTED.
  Currently in standby mode.
  Number of jobs executed: 0
  Using thread pool 'org.quartz.simpl.SimpleThreadPool' - with 20 threads.
  Using job-store 'org.springframework.scheduling.quartz.LocalDataSourceJobStore' - which supports persistence. and is not clustered.

10:43:33.959 [main] INFO  o.q.i.StdSchedulerFactory - [instantiate,1362] - Quartz scheduler 'RuoyiScheduler' initialized from an externally provided properties instance.
10:43:33.959 [main] INFO  o.q.i.StdSchedulerFactory - [instantiate,1366] - Quartz scheduler version: 2.3.1
10:43:33.961 [main] INFO  o.q.c.QuartzScheduler - [setJobFactory,2293] - JobFactory set to: org.springframework.scheduling.quartz.AdaptableJobFactory@44a14de0
10:43:35.917 [main] INFO  s.d.s.w.PropertySourcedRequestMappingHandlerMapping - [initHandlerMethods,69] - Mapped URL path [/v2/api-docs] onto method [public org.springframework.http.ResponseEntity<springfox.documentation.spring.web.json.Json> springfox.documentation.swagger2.web.Swagger2Controller.getDocumentation(java.lang.String,javax.servlet.http.HttpServletRequest)]
10:43:37.275 [main] INFO  s.d.s.w.p.DocumentationPluginsBootstrapper - [start,160] - Context refreshed
10:43:37.506 [main] INFO  s.d.s.w.p.DocumentationPluginsBootstrapper - [start,163] - Found 1 custom documentation plugin(s)
10:43:37.589 [main] INFO  s.d.s.w.s.ApiListingReferenceScanner - [scan,41] - Scanning for api listing references
10:43:37.849 [main] INFO  s.d.s.w.r.o.CachingOperationNameGenerator - [startingWith,40] - Generating unique operation named: listUsingGET_1
10:43:37.919 [main] INFO  o.a.c.h.Http11NioProtocol - [log,173] - Starting ProtocolHandler ["http-nio-8080"]
10:43:37.970 [main] INFO  c.r.RuoYiApplication - [logStarted,59] - Started RuoYiApplication in 9.749 seconds (JVM running for 10.89)
10:43:38.922 [Quartz Scheduler [RuoyiScheduler]] INFO  o.q.c.QuartzScheduler - [start,547] - Scheduler RuoyiScheduler_$_NON_CLUSTERED started.
10:46:04.973 [http-nio-8080-exec-3] INFO  o.a.c.c.C.[.[.[/] - [log,173] - Initializing Spring DispatcherServlet 'dispatcherServlet'
10:46:15.358 [schedule-pool-1] INFO  sys-user - [run,54] - [127.0.0.1]内网IP[admin][Success][登录成功]
10:50:07.921 [Thread-25] INFO  o.q.c.QuartzScheduler - [standby,585] - Scheduler RuoyiScheduler_$_NON_CLUSTERED paused.
10:50:07.941 [Thread-25] INFO  o.q.c.QuartzScheduler - [shutdown,666] - Scheduler RuoyiScheduler_$_NON_CLUSTERED shutting down.
10:50:07.941 [Thread-25] INFO  o.q.c.QuartzScheduler - [standby,585] - Scheduler RuoyiScheduler_$_NON_CLUSTERED paused.
10:50:07.943 [Thread-25] INFO  o.q.c.QuartzScheduler - [shutdown,740] - Scheduler RuoyiScheduler_$_NON_CLUSTERED shutdown complete.
10:50:07.943 [Thread-25] INFO  sys-user - [shutdownAsyncManager,31] - ====关闭后台任务任务线程池====
10:50:07.950 [Thread-25] INFO  c.a.d.p.DruidDataSource - [close,1928] - {dataSource-1} closed
10:50:19.382 [main] INFO  c.r.RuoYiApplication - [logStarting,50] - Starting RuoYiApplication on Vetch with PID 9432 (started by vetch in C:\Users\75440\Desktop\任务\简历整理\CUDR和模板下载\pactera_happyclock (2)\pactera_happyclock\pacter_happyclock_server)
10:50:19.385 [main] INFO  c.r.RuoYiApplication - [logStartupProfileInfo,651] - The following profiles are active: druid
10:50:22.848 [main] INFO  o.a.c.h.Http11NioProtocol - [log,173] - Initializing ProtocolHandler ["http-nio-8080"]
10:50:22.863 [main] INFO  o.a.c.c.StandardService - [log,173] - Starting service [Tomcat]
10:50:22.863 [main] INFO  o.a.c.c.StandardEngine - [log,173] - Starting Servlet engine: [Apache Tomcat/9.0.22]
10:50:23.011 [main] INFO  o.a.c.c.C.[.[.[/] - [log,173] - Initializing Spring embedded WebApplicationContext
10:50:25.138 [main] INFO  o.q.i.StdSchedulerFactory - [instantiate,1208] - Using default implementation for ThreadExecutor
10:50:25.156 [main] INFO  o.q.c.SchedulerSignalerImpl - [<init>,61] - Initialized Scheduler Signaller of type: class org.quartz.core.SchedulerSignalerImpl
10:50:25.156 [main] INFO  o.q.c.QuartzScheduler - [<init>,229] - Quartz Scheduler v.2.3.1 created.
10:50:25.766 [main] INFO  c.a.d.p.DruidDataSource - [init,991] - {dataSource-1} inited
10:50:25.784 [main] INFO  o.q.c.QuartzScheduler - [initialize,294] - Scheduler meta-data: Quartz Scheduler (v2.3.1) 'RuoyiScheduler' with instanceId 'NON_CLUSTERED'
  Scheduler class: 'org.quartz.core.QuartzScheduler' - running locally.
  NOT STARTED.
  Currently in standby mode.
  Number of jobs executed: 0
  Using thread pool 'org.quartz.simpl.SimpleThreadPool' - with 20 threads.
  Using job-store 'org.springframework.scheduling.quartz.LocalDataSourceJobStore' - which supports persistence. and is not clustered.

10:50:25.784 [main] INFO  o.q.i.StdSchedulerFactory - [instantiate,1362] - Quartz scheduler 'RuoyiScheduler' initialized from an externally provided properties instance.
10:50:25.784 [main] INFO  o.q.i.StdSchedulerFactory - [instantiate,1366] - Quartz scheduler version: 2.3.1
10:50:25.787 [main] INFO  o.q.c.QuartzScheduler - [setJobFactory,2293] - JobFactory set to: org.springframework.scheduling.quartz.AdaptableJobFactory@8aa5ab4
10:50:27.835 [main] INFO  s.d.s.w.PropertySourcedRequestMappingHandlerMapping - [initHandlerMethods,69] - Mapped URL path [/v2/api-docs] onto method [public org.springframework.http.ResponseEntity<springfox.documentation.spring.web.json.Json> springfox.documentation.swagger2.web.Swagger2Controller.getDocumentation(java.lang.String,javax.servlet.http.HttpServletRequest)]
10:50:29.179 [main] INFO  s.d.s.w.p.DocumentationPluginsBootstrapper - [start,160] - Context refreshed
10:50:29.208 [main] INFO  s.d.s.w.p.DocumentationPluginsBootstrapper - [start,163] - Found 1 custom documentation plugin(s)
10:50:29.503 [main] INFO  s.d.s.w.s.ApiListingReferenceScanner - [scan,41] - Scanning for api listing references
10:50:29.795 [main] INFO  s.d.s.w.r.o.CachingOperationNameGenerator - [startingWith,40] - Generating unique operation named: listUsingGET_1
10:50:29.865 [main] INFO  o.a.c.h.Http11NioProtocol - [log,173] - Starting ProtocolHandler ["http-nio-8080"]
10:50:29.919 [main] INFO  c.r.RuoYiApplication - [logStarted,59] - Started RuoYiApplication in 11.103 seconds (JVM running for 13.792)
10:50:30.871 [Quartz Scheduler [RuoyiScheduler]] INFO  o.q.c.QuartzScheduler - [start,547] - Scheduler RuoyiScheduler_$_NON_CLUSTERED started.
10:50:50.354 [http-nio-8080-exec-1] INFO  o.a.c.c.C.[.[.[/] - [log,173] - Initializing Spring DispatcherServlet 'dispatcherServlet'
10:51:03.334 [schedule-pool-1] INFO  sys-user - [run,54] - [127.0.0.1]内网IP[admin][Success][登录成功]
10:54:04.066 [schedule-pool-1] INFO  sys-user - [run,54] - [127.0.0.1]内网IP[admin][Logout][退出成功]
10:54:18.687 [schedule-pool-3] INFO  sys-user - [run,54] - [127.0.0.1]内网IP[项目经理1][Success][登录成功]
10:56:52.799 [Thread-28] INFO  o.q.c.QuartzScheduler - [standby,585] - Scheduler RuoyiScheduler_$_NON_CLUSTERED paused.
10:56:52.834 [Thread-28] INFO  o.q.c.QuartzScheduler - [shutdown,666] - Scheduler RuoyiScheduler_$_NON_CLUSTERED shutting down.
10:56:52.835 [Thread-28] INFO  o.q.c.QuartzScheduler - [standby,585] - Scheduler RuoyiScheduler_$_NON_CLUSTERED paused.
10:56:52.837 [Thread-28] INFO  o.q.c.QuartzScheduler - [shutdown,740] - Scheduler RuoyiScheduler_$_NON_CLUSTERED shutdown complete.
10:56:52.837 [Thread-28] INFO  sys-user - [shutdownAsyncManager,31] - ====关闭后台任务任务线程池====
10:56:52.843 [Thread-28] INFO  c.a.d.p.DruidDataSource - [close,1928] - {dataSource-1} closed
