11:21:54.612 [main] ERROR c.a.d.p.DruidDataSource - [init,922] - init datasource error, url: C:\Users\75440\Desktop\pactera_happyclock (2)\pactera_happyclock\pacter_happyclock_server\src\main\resources\static\dq.db
java.sql.SQLException: connect error, url C:\Users\75440\Desktop\pactera_happyclock (2)\pactera_happyclock\pacter_happyclock_server\src\main\resources\static\dq.db, driverClass org.sqlite.JDBC
	at com.alibaba.druid.pool.DruidAbstractDataSource.createPhysicalConnection(DruidAbstractDataSource.java:1648)
	at com.alibaba.druid.pool.DruidDataSource.init(DruidDataSource.java:918)
	at com.alibaba.druid.pool.DruidDataSource.getConnection(DruidDataSource.java:1300)
	at com.alibaba.druid.pool.DruidDataSource.getConnection(DruidDataSource.java:1296)
	at com.alibaba.druid.pool.DruidDataSource.getConnection(DruidDataSource.java:109)
	at org.springframework.jdbc.datasource.lookup.AbstractRoutingDataSource.getConnection(AbstractRoutingDataSource.java:169)
	at org.springframework.jdbc.datasource.DataSourceUtils.fetchConnection(DataSourceUtils.java:157)
	at org.springframework.jdbc.datasource.DataSourceUtils.doGetConnection(DataSourceUtils.java:115)
	at org.springframework.jdbc.datasource.DataSourceUtils.getConnection(DataSourceUtils.java:78)
	at org.springframework.jdbc.support.JdbcUtils.extractDatabaseMetaData(JdbcUtils.java:319)
	at org.springframework.jdbc.support.JdbcUtils.extractDatabaseMetaData(JdbcUtils.java:356)
	at org.springframework.scheduling.quartz.LocalDataSourceJobStore.initialize(LocalDataSourceJobStore.java:149)
	at org.quartz.impl.StdSchedulerFactory.instantiate(StdSchedulerFactory.java:1356)
	at org.quartz.impl.StdSchedulerFactory.getScheduler(StdSchedulerFactory.java:1567)
	at org.springframework.scheduling.quartz.SchedulerFactoryBean.createScheduler(SchedulerFactoryBean.java:676)
	at org.springframework.scheduling.quartz.SchedulerFactoryBean.prepareScheduler(SchedulerFactoryBean.java:613)
	at org.springframework.scheduling.quartz.SchedulerFactoryBean.afterPropertiesSet(SchedulerFactoryBean.java:501)
	at org.springframework.beans.factory.support.AbstractAutowireCapableBeanFactory.invokeInitMethods(AbstractAutowireCapableBeanFactory.java:1837)
	at org.springframework.beans.factory.support.AbstractAutowireCapableBeanFactory.initializeBean(AbstractAutowireCapableBeanFactory.java:1774)
	at org.springframework.beans.factory.support.AbstractAutowireCapableBeanFactory.doCreateBean(AbstractAutowireCapableBeanFactory.java:593)
	at org.springframework.beans.factory.support.AbstractAutowireCapableBeanFactory.createBean(AbstractAutowireCapableBeanFactory.java:515)
	at org.springframework.beans.factory.support.AbstractBeanFactory.lambda$doGetBean$0(AbstractBeanFactory.java:320)
	at org.springframework.beans.factory.support.DefaultSingletonBeanRegistry.getSingleton(DefaultSingletonBeanRegistry.java:222)
	at org.springframework.beans.factory.support.AbstractBeanFactory.doGetBean(AbstractBeanFactory.java:318)
	at org.springframework.beans.factory.support.AbstractBeanFactory.getBean(AbstractBeanFactory.java:199)
	at org.springframework.beans.factory.config.DependencyDescriptor.resolveCandidate(DependencyDescriptor.java:277)
	at org.springframework.beans.factory.support.DefaultListableBeanFactory.doResolveDependency(DefaultListableBeanFactory.java:1251)
	at org.springframework.beans.factory.support.DefaultListableBeanFactory.resolveDependency(DefaultListableBeanFactory.java:1171)
	at org.springframework.beans.factory.annotation.AutowiredAnnotationBeanPostProcessor$AutowiredFieldElement.inject(AutowiredAnnotationBeanPostProcessor.java:593)
	at org.springframework.beans.factory.annotation.InjectionMetadata.inject(InjectionMetadata.java:90)
	at org.springframework.beans.factory.annotation.AutowiredAnnotationBeanPostProcessor.postProcessProperties(AutowiredAnnotationBeanPostProcessor.java:374)
	at org.springframework.beans.factory.support.AbstractAutowireCapableBeanFactory.populateBean(AbstractAutowireCapableBeanFactory.java:1411)
	at org.springframework.beans.factory.support.AbstractAutowireCapableBeanFactory.doCreateBean(AbstractAutowireCapableBeanFactory.java:592)
	at org.springframework.beans.factory.support.AbstractAutowireCapableBeanFactory.createBean(AbstractAutowireCapableBeanFactory.java:515)
	at org.springframework.beans.factory.support.AbstractBeanFactory.lambda$doGetBean$0(AbstractBeanFactory.java:320)
	at org.springframework.beans.factory.support.DefaultSingletonBeanRegistry.getSingleton(DefaultSingletonBeanRegistry.java:222)
	at org.springframework.beans.factory.support.AbstractBeanFactory.doGetBean(AbstractBeanFactory.java:318)
	at org.springframework.beans.factory.support.AbstractBeanFactory.getBean(AbstractBeanFactory.java:199)
	at org.springframework.beans.factory.config.DependencyDescriptor.resolveCandidate(DependencyDescriptor.java:277)
	at org.springframework.beans.factory.support.DefaultListableBeanFactory.doResolveDependency(DefaultListableBeanFactory.java:1251)
	at org.springframework.beans.factory.support.DefaultListableBeanFactory.resolveDependency(DefaultListableBeanFactory.java:1171)
	at org.springframework.beans.factory.annotation.AutowiredAnnotationBeanPostProcessor$AutowiredFieldElement.inject(AutowiredAnnotationBeanPostProcessor.java:593)
	at org.springframework.beans.factory.annotation.InjectionMetadata.inject(InjectionMetadata.java:90)
	at org.springframework.beans.factory.annotation.AutowiredAnnotationBeanPostProcessor.postProcessProperties(AutowiredAnnotationBeanPostProcessor.java:374)
	at org.springframework.beans.factory.support.AbstractAutowireCapableBeanFactory.populateBean(AbstractAutowireCapableBeanFactory.java:1411)
	at org.springframework.beans.factory.support.AbstractAutowireCapableBeanFactory.doCreateBean(AbstractAutowireCapableBeanFactory.java:592)
	at org.springframework.beans.factory.support.AbstractAutowireCapableBeanFactory.createBean(AbstractAutowireCapableBeanFactory.java:515)
	at org.springframework.beans.factory.support.AbstractBeanFactory.lambda$doGetBean$0(AbstractBeanFactory.java:320)
	at org.springframework.beans.factory.support.DefaultSingletonBeanRegistry.getSingleton(DefaultSingletonBeanRegistry.java:222)
	at org.springframework.beans.factory.support.AbstractBeanFactory.doGetBean(AbstractBeanFactory.java:318)
	at org.springframework.beans.factory.support.AbstractBeanFactory.getBean(AbstractBeanFactory.java:199)
	at org.springframework.beans.factory.support.DefaultListableBeanFactory.preInstantiateSingletons(DefaultListableBeanFactory.java:845)
	at org.springframework.context.support.AbstractApplicationContext.finishBeanFactoryInitialization(AbstractApplicationContext.java:877)
	at org.springframework.context.support.AbstractApplicationContext.refresh(AbstractApplicationContext.java:549)
	at org.springframework.boot.web.servlet.context.ServletWebServerApplicationContext.refresh(ServletWebServerApplicationContext.java:141)
	at org.springframework.boot.SpringApplication.refresh(SpringApplication.java:743)
	at org.springframework.boot.SpringApplication.refreshContext(SpringApplication.java:390)
	at org.springframework.boot.SpringApplication.run(SpringApplication.java:312)
	at org.springframework.boot.SpringApplication.run(SpringApplication.java:1214)
	at org.springframework.boot.SpringApplication.run(SpringApplication.java:1203)
	at com.ruoyi.RuoYiApplication.main(RuoYiApplication.java:18)
11:21:54.634 [main] ERROR c.a.d.p.DruidDataSource - [init,966] - {dataSource-1} init error
java.sql.SQLException: connect error, url C:\Users\75440\Desktop\pactera_happyclock (2)\pactera_happyclock\pacter_happyclock_server\src\main\resources\static\dq.db, driverClass org.sqlite.JDBC
	at com.alibaba.druid.pool.DruidAbstractDataSource.createPhysicalConnection(DruidAbstractDataSource.java:1648)
	at com.alibaba.druid.pool.DruidDataSource.init(DruidDataSource.java:918)
	at com.alibaba.druid.pool.DruidDataSource.getConnection(DruidDataSource.java:1300)
	at com.alibaba.druid.pool.DruidDataSource.getConnection(DruidDataSource.java:1296)
	at com.alibaba.druid.pool.DruidDataSource.getConnection(DruidDataSource.java:109)
	at org.springframework.jdbc.datasource.lookup.AbstractRoutingDataSource.getConnection(AbstractRoutingDataSource.java:169)
	at org.springframework.jdbc.datasource.DataSourceUtils.fetchConnection(DataSourceUtils.java:157)
	at org.springframework.jdbc.datasource.DataSourceUtils.doGetConnection(DataSourceUtils.java:115)
	at org.springframework.jdbc.datasource.DataSourceUtils.getConnection(DataSourceUtils.java:78)
	at org.springframework.jdbc.support.JdbcUtils.extractDatabaseMetaData(JdbcUtils.java:319)
	at org.springframework.jdbc.support.JdbcUtils.extractDatabaseMetaData(JdbcUtils.java:356)
	at org.springframework.scheduling.quartz.LocalDataSourceJobStore.initialize(LocalDataSourceJobStore.java:149)
	at org.quartz.impl.StdSchedulerFactory.instantiate(StdSchedulerFactory.java:1356)
	at org.quartz.impl.StdSchedulerFactory.getScheduler(StdSchedulerFactory.java:1567)
	at org.springframework.scheduling.quartz.SchedulerFactoryBean.createScheduler(SchedulerFactoryBean.java:676)
	at org.springframework.scheduling.quartz.SchedulerFactoryBean.prepareScheduler(SchedulerFactoryBean.java:613)
	at org.springframework.scheduling.quartz.SchedulerFactoryBean.afterPropertiesSet(SchedulerFactoryBean.java:501)
	at org.springframework.beans.factory.support.AbstractAutowireCapableBeanFactory.invokeInitMethods(AbstractAutowireCapableBeanFactory.java:1837)
	at org.springframework.beans.factory.support.AbstractAutowireCapableBeanFactory.initializeBean(AbstractAutowireCapableBeanFactory.java:1774)
	at org.springframework.beans.factory.support.AbstractAutowireCapableBeanFactory.doCreateBean(AbstractAutowireCapableBeanFactory.java:593)
	at org.springframework.beans.factory.support.AbstractAutowireCapableBeanFactory.createBean(AbstractAutowireCapableBeanFactory.java:515)
	at org.springframework.beans.factory.support.AbstractBeanFactory.lambda$doGetBean$0(AbstractBeanFactory.java:320)
	at org.springframework.beans.factory.support.DefaultSingletonBeanRegistry.getSingleton(DefaultSingletonBeanRegistry.java:222)
	at org.springframework.beans.factory.support.AbstractBeanFactory.doGetBean(AbstractBeanFactory.java:318)
	at org.springframework.beans.factory.support.AbstractBeanFactory.getBean(AbstractBeanFactory.java:199)
	at org.springframework.beans.factory.config.DependencyDescriptor.resolveCandidate(DependencyDescriptor.java:277)
	at org.springframework.beans.factory.support.DefaultListableBeanFactory.doResolveDependency(DefaultListableBeanFactory.java:1251)
	at org.springframework.beans.factory.support.DefaultListableBeanFactory.resolveDependency(DefaultListableBeanFactory.java:1171)
	at org.springframework.beans.factory.annotation.AutowiredAnnotationBeanPostProcessor$AutowiredFieldElement.inject(AutowiredAnnotationBeanPostProcessor.java:593)
	at org.springframework.beans.factory.annotation.InjectionMetadata.inject(InjectionMetadata.java:90)
	at org.springframework.beans.factory.annotation.AutowiredAnnotationBeanPostProcessor.postProcessProperties(AutowiredAnnotationBeanPostProcessor.java:374)
	at org.springframework.beans.factory.support.AbstractAutowireCapableBeanFactory.populateBean(AbstractAutowireCapableBeanFactory.java:1411)
	at org.springframework.beans.factory.support.AbstractAutowireCapableBeanFactory.doCreateBean(AbstractAutowireCapableBeanFactory.java:592)
	at org.springframework.beans.factory.support.AbstractAutowireCapableBeanFactory.createBean(AbstractAutowireCapableBeanFactory.java:515)
	at org.springframework.beans.factory.support.AbstractBeanFactory.lambda$doGetBean$0(AbstractBeanFactory.java:320)
	at org.springframework.beans.factory.support.DefaultSingletonBeanRegistry.getSingleton(DefaultSingletonBeanRegistry.java:222)
	at org.springframework.beans.factory.support.AbstractBeanFactory.doGetBean(AbstractBeanFactory.java:318)
	at org.springframework.beans.factory.support.AbstractBeanFactory.getBean(AbstractBeanFactory.java:199)
	at org.springframework.beans.factory.config.DependencyDescriptor.resolveCandidate(DependencyDescriptor.java:277)
	at org.springframework.beans.factory.support.DefaultListableBeanFactory.doResolveDependency(DefaultListableBeanFactory.java:1251)
	at org.springframework.beans.factory.support.DefaultListableBeanFactory.resolveDependency(DefaultListableBeanFactory.java:1171)
	at org.springframework.beans.factory.annotation.AutowiredAnnotationBeanPostProcessor$AutowiredFieldElement.inject(AutowiredAnnotationBeanPostProcessor.java:593)
	at org.springframework.beans.factory.annotation.InjectionMetadata.inject(InjectionMetadata.java:90)
	at org.springframework.beans.factory.annotation.AutowiredAnnotationBeanPostProcessor.postProcessProperties(AutowiredAnnotationBeanPostProcessor.java:374)
	at org.springframework.beans.factory.support.AbstractAutowireCapableBeanFactory.populateBean(AbstractAutowireCapableBeanFactory.java:1411)
	at org.springframework.beans.factory.support.AbstractAutowireCapableBeanFactory.doCreateBean(AbstractAutowireCapableBeanFactory.java:592)
	at org.springframework.beans.factory.support.AbstractAutowireCapableBeanFactory.createBean(AbstractAutowireCapableBeanFactory.java:515)
	at org.springframework.beans.factory.support.AbstractBeanFactory.lambda$doGetBean$0(AbstractBeanFactory.java:320)
	at org.springframework.beans.factory.support.DefaultSingletonBeanRegistry.getSingleton(DefaultSingletonBeanRegistry.java:222)
	at org.springframework.beans.factory.support.AbstractBeanFactory.doGetBean(AbstractBeanFactory.java:318)
	at org.springframework.beans.factory.support.AbstractBeanFactory.getBean(AbstractBeanFactory.java:199)
	at org.springframework.beans.factory.support.DefaultListableBeanFactory.preInstantiateSingletons(DefaultListableBeanFactory.java:845)
	at org.springframework.context.support.AbstractApplicationContext.finishBeanFactoryInitialization(AbstractApplicationContext.java:877)
	at org.springframework.context.support.AbstractApplicationContext.refresh(AbstractApplicationContext.java:549)
	at org.springframework.boot.web.servlet.context.ServletWebServerApplicationContext.refresh(ServletWebServerApplicationContext.java:141)
	at org.springframework.boot.SpringApplication.refresh(SpringApplication.java:743)
	at org.springframework.boot.SpringApplication.refreshContext(SpringApplication.java:390)
	at org.springframework.boot.SpringApplication.run(SpringApplication.java:312)
	at org.springframework.boot.SpringApplication.run(SpringApplication.java:1214)
	at org.springframework.boot.SpringApplication.run(SpringApplication.java:1203)
	at com.ruoyi.RuoYiApplication.main(RuoYiApplication.java:18)
11:21:54.635 [Druid-ConnectionPool-Create-730298964] ERROR c.a.d.p.DruidDataSource - [run,2572] - create connection SQLException, url: C:\Users\75440\Desktop\pactera_happyclock (2)\pactera_happyclock\pacter_happyclock_server\src\main\resources\static\dq.db, errorCode 0, state null
java.sql.SQLException: connect error, url C:\Users\75440\Desktop\pactera_happyclock (2)\pactera_happyclock\pacter_happyclock_server\src\main\resources\static\dq.db, driverClass org.sqlite.JDBC
	at com.alibaba.druid.pool.DruidAbstractDataSource.createPhysicalConnection(DruidAbstractDataSource.java:1648)
	at com.alibaba.druid.pool.DruidDataSource$CreateConnectionThread.run(DruidDataSource.java:2570)
11:21:54.636 [Druid-ConnectionPool-Create-730298964] ERROR c.a.d.p.DruidDataSource - [run,2572] - create connection SQLException, url: C:\Users\75440\Desktop\pactera_happyclock (2)\pactera_happyclock\pacter_happyclock_server\src\main\resources\static\dq.db, errorCode 0, state null
java.sql.SQLException: connect error, url C:\Users\75440\Desktop\pactera_happyclock (2)\pactera_happyclock\pacter_happyclock_server\src\main\resources\static\dq.db, driverClass org.sqlite.JDBC
	at com.alibaba.druid.pool.DruidAbstractDataSource.createPhysicalConnection(DruidAbstractDataSource.java:1648)
	at com.alibaba.druid.pool.DruidDataSource$CreateConnectionThread.run(DruidDataSource.java:2570)
11:21:55.137 [Druid-ConnectionPool-Create-730298964] ERROR c.a.d.p.DruidDataSource - [run,2572] - create connection SQLException, url: C:\Users\75440\Desktop\pactera_happyclock (2)\pactera_happyclock\pacter_happyclock_server\src\main\resources\static\dq.db, errorCode 0, state null
java.sql.SQLException: connect error, url C:\Users\75440\Desktop\pactera_happyclock (2)\pactera_happyclock\pacter_happyclock_server\src\main\resources\static\dq.db, driverClass org.sqlite.JDBC
	at com.alibaba.druid.pool.DruidAbstractDataSource.createPhysicalConnection(DruidAbstractDataSource.java:1648)
	at com.alibaba.druid.pool.DruidDataSource$CreateConnectionThread.run(DruidDataSource.java:2570)
11:21:55.637 [Druid-ConnectionPool-Create-730298964] ERROR c.a.d.p.DruidDataSource - [run,2572] - create connection SQLException, url: C:\Users\75440\Desktop\pactera_happyclock (2)\pactera_happyclock\pacter_happyclock_server\src\main\resources\static\dq.db, errorCode 0, state null
java.sql.SQLException: connect error, url C:\Users\75440\Desktop\pactera_happyclock (2)\pactera_happyclock\pacter_happyclock_server\src\main\resources\static\dq.db, driverClass org.sqlite.JDBC
	at com.alibaba.druid.pool.DruidAbstractDataSource.createPhysicalConnection(DruidAbstractDataSource.java:1648)
	at com.alibaba.druid.pool.DruidDataSource$CreateConnectionThread.run(DruidDataSource.java:2570)
11:21:56.138 [Druid-ConnectionPool-Create-730298964] ERROR c.a.d.p.DruidDataSource - [run,2572] - create connection SQLException, url: C:\Users\75440\Desktop\pactera_happyclock (2)\pactera_happyclock\pacter_happyclock_server\src\main\resources\static\dq.db, errorCode 0, state null
java.sql.SQLException: connect error, url C:\Users\75440\Desktop\pactera_happyclock (2)\pactera_happyclock\pacter_happyclock_server\src\main\resources\static\dq.db, driverClass org.sqlite.JDBC
	at com.alibaba.druid.pool.DruidAbstractDataSource.createPhysicalConnection(DruidAbstractDataSource.java:1648)
	at com.alibaba.druid.pool.DruidDataSource$CreateConnectionThread.run(DruidDataSource.java:2570)
11:21:56.639 [Druid-ConnectionPool-Create-730298964] ERROR c.a.d.p.DruidDataSource - [run,2572] - create connection SQLException, url: C:\Users\75440\Desktop\pactera_happyclock (2)\pactera_happyclock\pacter_happyclock_server\src\main\resources\static\dq.db, errorCode 0, state null
java.sql.SQLException: connect error, url C:\Users\75440\Desktop\pactera_happyclock (2)\pactera_happyclock\pacter_happyclock_server\src\main\resources\static\dq.db, driverClass org.sqlite.JDBC
	at com.alibaba.druid.pool.DruidAbstractDataSource.createPhysicalConnection(DruidAbstractDataSource.java:1648)
	at com.alibaba.druid.pool.DruidDataSource$CreateConnectionThread.run(DruidDataSource.java:2570)
11:21:57.140 [Druid-ConnectionPool-Create-730298964] ERROR c.a.d.p.DruidDataSource - [run,2572] - create connection SQLException, url: C:\Users\75440\Desktop\pactera_happyclock (2)\pactera_happyclock\pacter_happyclock_server\src\main\resources\static\dq.db, errorCode 0, state null
java.sql.SQLException: connect error, url C:\Users\75440\Desktop\pactera_happyclock (2)\pactera_happyclock\pacter_happyclock_server\src\main\resources\static\dq.db, driverClass org.sqlite.JDBC
	at com.alibaba.druid.pool.DruidAbstractDataSource.createPhysicalConnection(DruidAbstractDataSource.java:1648)
	at com.alibaba.druid.pool.DruidDataSource$CreateConnectionThread.run(DruidDataSource.java:2570)
11:21:57.640 [Druid-ConnectionPool-Create-730298964] ERROR c.a.d.p.DruidDataSource - [run,2572] - create connection SQLException, url: C:\Users\75440\Desktop\pactera_happyclock (2)\pactera_happyclock\pacter_happyclock_server\src\main\resources\static\dq.db, errorCode 0, state null
java.sql.SQLException: connect error, url C:\Users\75440\Desktop\pactera_happyclock (2)\pactera_happyclock\pacter_happyclock_server\src\main\resources\static\dq.db, driverClass org.sqlite.JDBC
	at com.alibaba.druid.pool.DruidAbstractDataSource.createPhysicalConnection(DruidAbstractDataSource.java:1648)
	at com.alibaba.druid.pool.DruidDataSource$CreateConnectionThread.run(DruidDataSource.java:2570)
11:21:58.141 [Druid-ConnectionPool-Create-730298964] ERROR c.a.d.p.DruidDataSource - [run,2572] - create connection SQLException, url: C:\Users\75440\Desktop\pactera_happyclock (2)\pactera_happyclock\pacter_happyclock_server\src\main\resources\static\dq.db, errorCode 0, state null
java.sql.SQLException: connect error, url C:\Users\75440\Desktop\pactera_happyclock (2)\pactera_happyclock\pacter_happyclock_server\src\main\resources\static\dq.db, driverClass org.sqlite.JDBC
	at com.alibaba.druid.pool.DruidAbstractDataSource.createPhysicalConnection(DruidAbstractDataSource.java:1648)
	at com.alibaba.druid.pool.DruidDataSource$CreateConnectionThread.run(DruidDataSource.java:2570)
11:21:58.641 [Druid-ConnectionPool-Create-730298964] ERROR c.a.d.p.DruidDataSource - [run,2572] - create connection SQLException, url: C:\Users\75440\Desktop\pactera_happyclock (2)\pactera_happyclock\pacter_happyclock_server\src\main\resources\static\dq.db, errorCode 0, state null
java.sql.SQLException: connect error, url C:\Users\75440\Desktop\pactera_happyclock (2)\pactera_happyclock\pacter_happyclock_server\src\main\resources\static\dq.db, driverClass org.sqlite.JDBC
	at com.alibaba.druid.pool.DruidAbstractDataSource.createPhysicalConnection(DruidAbstractDataSource.java:1648)
	at com.alibaba.druid.pool.DruidDataSource$CreateConnectionThread.run(DruidDataSource.java:2570)
11:21:59.142 [Druid-ConnectionPool-Create-730298964] ERROR c.a.d.p.DruidDataSource - [run,2572] - create connection SQLException, url: C:\Users\75440\Desktop\pactera_happyclock (2)\pactera_happyclock\pacter_happyclock_server\src\main\resources\static\dq.db, errorCode 0, state null
java.sql.SQLException: connect error, url C:\Users\75440\Desktop\pactera_happyclock (2)\pactera_happyclock\pacter_happyclock_server\src\main\resources\static\dq.db, driverClass org.sqlite.JDBC
	at com.alibaba.druid.pool.DruidAbstractDataSource.createPhysicalConnection(DruidAbstractDataSource.java:1648)
	at com.alibaba.druid.pool.DruidDataSource$CreateConnectionThread.run(DruidDataSource.java:2570)
11:21:59.643 [Druid-ConnectionPool-Create-730298964] ERROR c.a.d.p.DruidDataSource - [run,2572] - create connection SQLException, url: C:\Users\75440\Desktop\pactera_happyclock (2)\pactera_happyclock\pacter_happyclock_server\src\main\resources\static\dq.db, errorCode 0, state null
java.sql.SQLException: connect error, url C:\Users\75440\Desktop\pactera_happyclock (2)\pactera_happyclock\pacter_happyclock_server\src\main\resources\static\dq.db, driverClass org.sqlite.JDBC
	at com.alibaba.druid.pool.DruidAbstractDataSource.createPhysicalConnection(DruidAbstractDataSource.java:1648)
	at com.alibaba.druid.pool.DruidDataSource$CreateConnectionThread.run(DruidDataSource.java:2570)
11:22:00.143 [Druid-ConnectionPool-Create-730298964] ERROR c.a.d.p.DruidDataSource - [run,2572] - create connection SQLException, url: C:\Users\75440\Desktop\pactera_happyclock (2)\pactera_happyclock\pacter_happyclock_server\src\main\resources\static\dq.db, errorCode 0, state null
java.sql.SQLException: connect error, url C:\Users\75440\Desktop\pactera_happyclock (2)\pactera_happyclock\pacter_happyclock_server\src\main\resources\static\dq.db, driverClass org.sqlite.JDBC
	at com.alibaba.druid.pool.DruidAbstractDataSource.createPhysicalConnection(DruidAbstractDataSource.java:1648)
	at com.alibaba.druid.pool.DruidDataSource$CreateConnectionThread.run(DruidDataSource.java:2570)
11:22:00.644 [Druid-ConnectionPool-Create-730298964] ERROR c.a.d.p.DruidDataSource - [run,2572] - create connection SQLException, url: C:\Users\75440\Desktop\pactera_happyclock (2)\pactera_happyclock\pacter_happyclock_server\src\main\resources\static\dq.db, errorCode 0, state null
java.sql.SQLException: connect error, url C:\Users\75440\Desktop\pactera_happyclock (2)\pactera_happyclock\pacter_happyclock_server\src\main\resources\static\dq.db, driverClass org.sqlite.JDBC
	at com.alibaba.druid.pool.DruidAbstractDataSource.createPhysicalConnection(DruidAbstractDataSource.java:1648)
	at com.alibaba.druid.pool.DruidDataSource$CreateConnectionThread.run(DruidDataSource.java:2570)
11:22:01.145 [Druid-ConnectionPool-Create-730298964] ERROR c.a.d.p.DruidDataSource - [run,2572] - create connection SQLException, url: C:\Users\75440\Desktop\pactera_happyclock (2)\pactera_happyclock\pacter_happyclock_server\src\main\resources\static\dq.db, errorCode 0, state null
java.sql.SQLException: connect error, url C:\Users\75440\Desktop\pactera_happyclock (2)\pactera_happyclock\pacter_happyclock_server\src\main\resources\static\dq.db, driverClass org.sqlite.JDBC
	at com.alibaba.druid.pool.DruidAbstractDataSource.createPhysicalConnection(DruidAbstractDataSource.java:1648)
	at com.alibaba.druid.pool.DruidDataSource$CreateConnectionThread.run(DruidDataSource.java:2570)
11:22:01.646 [Druid-ConnectionPool-Create-730298964] ERROR c.a.d.p.DruidDataSource - [run,2572] - create connection SQLException, url: C:\Users\75440\Desktop\pactera_happyclock (2)\pactera_happyclock\pacter_happyclock_server\src\main\resources\static\dq.db, errorCode 0, state null
java.sql.SQLException: connect error, url C:\Users\75440\Desktop\pactera_happyclock (2)\pactera_happyclock\pacter_happyclock_server\src\main\resources\static\dq.db, driverClass org.sqlite.JDBC
	at com.alibaba.druid.pool.DruidAbstractDataSource.createPhysicalConnection(DruidAbstractDataSource.java:1648)
	at com.alibaba.druid.pool.DruidDataSource$CreateConnectionThread.run(DruidDataSource.java:2570)
11:22:02.146 [Druid-ConnectionPool-Create-730298964] ERROR c.a.d.p.DruidDataSource - [run,2572] - create connection SQLException, url: C:\Users\75440\Desktop\pactera_happyclock (2)\pactera_happyclock\pacter_happyclock_server\src\main\resources\static\dq.db, errorCode 0, state null
java.sql.SQLException: connect error, url C:\Users\75440\Desktop\pactera_happyclock (2)\pactera_happyclock\pacter_happyclock_server\src\main\resources\static\dq.db, driverClass org.sqlite.JDBC
	at com.alibaba.druid.pool.DruidAbstractDataSource.createPhysicalConnection(DruidAbstractDataSource.java:1648)
	at com.alibaba.druid.pool.DruidDataSource$CreateConnectionThread.run(DruidDataSource.java:2570)
11:22:02.648 [Druid-ConnectionPool-Create-730298964] ERROR c.a.d.p.DruidDataSource - [run,2572] - create connection SQLException, url: C:\Users\75440\Desktop\pactera_happyclock (2)\pactera_happyclock\pacter_happyclock_server\src\main\resources\static\dq.db, errorCode 0, state null
java.sql.SQLException: connect error, url C:\Users\75440\Desktop\pactera_happyclock (2)\pactera_happyclock\pacter_happyclock_server\src\main\resources\static\dq.db, driverClass org.sqlite.JDBC
	at com.alibaba.druid.pool.DruidAbstractDataSource.createPhysicalConnection(DruidAbstractDataSource.java:1648)
	at com.alibaba.druid.pool.DruidDataSource$CreateConnectionThread.run(DruidDataSource.java:2570)
11:22:03.148 [Druid-ConnectionPool-Create-730298964] ERROR c.a.d.p.DruidDataSource - [run,2572] - create connection SQLException, url: C:\Users\75440\Desktop\pactera_happyclock (2)\pactera_happyclock\pacter_happyclock_server\src\main\resources\static\dq.db, errorCode 0, state null
java.sql.SQLException: connect error, url C:\Users\75440\Desktop\pactera_happyclock (2)\pactera_happyclock\pacter_happyclock_server\src\main\resources\static\dq.db, driverClass org.sqlite.JDBC
	at com.alibaba.druid.pool.DruidAbstractDataSource.createPhysicalConnection(DruidAbstractDataSource.java:1648)
	at com.alibaba.druid.pool.DruidDataSource$CreateConnectionThread.run(DruidDataSource.java:2570)
11:22:03.648 [Druid-ConnectionPool-Create-730298964] ERROR c.a.d.p.DruidDataSource - [run,2572] - create connection SQLException, url: C:\Users\75440\Desktop\pactera_happyclock (2)\pactera_happyclock\pacter_happyclock_server\src\main\resources\static\dq.db, errorCode 0, state null
java.sql.SQLException: connect error, url C:\Users\75440\Desktop\pactera_happyclock (2)\pactera_happyclock\pacter_happyclock_server\src\main\resources\static\dq.db, driverClass org.sqlite.JDBC
	at com.alibaba.druid.pool.DruidAbstractDataSource.createPhysicalConnection(DruidAbstractDataSource.java:1648)
	at com.alibaba.druid.pool.DruidDataSource$CreateConnectionThread.run(DruidDataSource.java:2570)
11:22:04.149 [Druid-ConnectionPool-Create-730298964] ERROR c.a.d.p.DruidDataSource - [run,2572] - create connection SQLException, url: C:\Users\75440\Desktop\pactera_happyclock (2)\pactera_happyclock\pacter_happyclock_server\src\main\resources\static\dq.db, errorCode 0, state null
java.sql.SQLException: connect error, url C:\Users\75440\Desktop\pactera_happyclock (2)\pactera_happyclock\pacter_happyclock_server\src\main\resources\static\dq.db, driverClass org.sqlite.JDBC
	at com.alibaba.druid.pool.DruidAbstractDataSource.createPhysicalConnection(DruidAbstractDataSource.java:1648)
	at com.alibaba.druid.pool.DruidDataSource$CreateConnectionThread.run(DruidDataSource.java:2570)
11:22:04.650 [Druid-ConnectionPool-Create-730298964] ERROR c.a.d.p.DruidDataSource - [run,2572] - create connection SQLException, url: C:\Users\75440\Desktop\pactera_happyclock (2)\pactera_happyclock\pacter_happyclock_server\src\main\resources\static\dq.db, errorCode 0, state null
java.sql.SQLException: connect error, url C:\Users\75440\Desktop\pactera_happyclock (2)\pactera_happyclock\pacter_happyclock_server\src\main\resources\static\dq.db, driverClass org.sqlite.JDBC
	at com.alibaba.druid.pool.DruidAbstractDataSource.createPhysicalConnection(DruidAbstractDataSource.java:1648)
	at com.alibaba.druid.pool.DruidDataSource$CreateConnectionThread.run(DruidDataSource.java:2570)
11:22:05.150 [Druid-ConnectionPool-Create-730298964] ERROR c.a.d.p.DruidDataSource - [run,2572] - create connection SQLException, url: C:\Users\75440\Desktop\pactera_happyclock (2)\pactera_happyclock\pacter_happyclock_server\src\main\resources\static\dq.db, errorCode 0, state null
java.sql.SQLException: connect error, url C:\Users\75440\Desktop\pactera_happyclock (2)\pactera_happyclock\pacter_happyclock_server\src\main\resources\static\dq.db, driverClass org.sqlite.JDBC
	at com.alibaba.druid.pool.DruidAbstractDataSource.createPhysicalConnection(DruidAbstractDataSource.java:1648)
	at com.alibaba.druid.pool.DruidDataSource$CreateConnectionThread.run(DruidDataSource.java:2570)
11:22:05.651 [Druid-ConnectionPool-Create-730298964] ERROR c.a.d.p.DruidDataSource - [run,2572] - create connection SQLException, url: C:\Users\75440\Desktop\pactera_happyclock (2)\pactera_happyclock\pacter_happyclock_server\src\main\resources\static\dq.db, errorCode 0, state null
java.sql.SQLException: connect error, url C:\Users\75440\Desktop\pactera_happyclock (2)\pactera_happyclock\pacter_happyclock_server\src\main\resources\static\dq.db, driverClass org.sqlite.JDBC
	at com.alibaba.druid.pool.DruidAbstractDataSource.createPhysicalConnection(DruidAbstractDataSource.java:1648)
	at com.alibaba.druid.pool.DruidDataSource$CreateConnectionThread.run(DruidDataSource.java:2570)
11:22:06.152 [Druid-ConnectionPool-Create-730298964] ERROR c.a.d.p.DruidDataSource - [run,2572] - create connection SQLException, url: C:\Users\75440\Desktop\pactera_happyclock (2)\pactera_happyclock\pacter_happyclock_server\src\main\resources\static\dq.db, errorCode 0, state null
java.sql.SQLException: connect error, url C:\Users\75440\Desktop\pactera_happyclock (2)\pactera_happyclock\pacter_happyclock_server\src\main\resources\static\dq.db, driverClass org.sqlite.JDBC
	at com.alibaba.druid.pool.DruidAbstractDataSource.createPhysicalConnection(DruidAbstractDataSource.java:1648)
	at com.alibaba.druid.pool.DruidDataSource$CreateConnectionThread.run(DruidDataSource.java:2570)
11:22:06.652 [Druid-ConnectionPool-Create-730298964] ERROR c.a.d.p.DruidDataSource - [run,2572] - create connection SQLException, url: C:\Users\75440\Desktop\pactera_happyclock (2)\pactera_happyclock\pacter_happyclock_server\src\main\resources\static\dq.db, errorCode 0, state null
java.sql.SQLException: connect error, url C:\Users\75440\Desktop\pactera_happyclock (2)\pactera_happyclock\pacter_happyclock_server\src\main\resources\static\dq.db, driverClass org.sqlite.JDBC
	at com.alibaba.druid.pool.DruidAbstractDataSource.createPhysicalConnection(DruidAbstractDataSource.java:1648)
	at com.alibaba.druid.pool.DruidDataSource$CreateConnectionThread.run(DruidDataSource.java:2570)
11:22:07.153 [Druid-ConnectionPool-Create-730298964] ERROR c.a.d.p.DruidDataSource - [run,2572] - create connection SQLException, url: C:\Users\75440\Desktop\pactera_happyclock (2)\pactera_happyclock\pacter_happyclock_server\src\main\resources\static\dq.db, errorCode 0, state null
java.sql.SQLException: connect error, url C:\Users\75440\Desktop\pactera_happyclock (2)\pactera_happyclock\pacter_happyclock_server\src\main\resources\static\dq.db, driverClass org.sqlite.JDBC
	at com.alibaba.druid.pool.DruidAbstractDataSource.createPhysicalConnection(DruidAbstractDataSource.java:1648)
	at com.alibaba.druid.pool.DruidDataSource$CreateConnectionThread.run(DruidDataSource.java:2570)
11:22:07.653 [Druid-ConnectionPool-Create-730298964] ERROR c.a.d.p.DruidDataSource - [run,2572] - create connection SQLException, url: C:\Users\75440\Desktop\pactera_happyclock (2)\pactera_happyclock\pacter_happyclock_server\src\main\resources\static\dq.db, errorCode 0, state null
java.sql.SQLException: connect error, url C:\Users\75440\Desktop\pactera_happyclock (2)\pactera_happyclock\pacter_happyclock_server\src\main\resources\static\dq.db, driverClass org.sqlite.JDBC
	at com.alibaba.druid.pool.DruidAbstractDataSource.createPhysicalConnection(DruidAbstractDataSource.java:1648)
	at com.alibaba.druid.pool.DruidDataSource$CreateConnectionThread.run(DruidDataSource.java:2570)
11:22:08.154 [Druid-ConnectionPool-Create-730298964] ERROR c.a.d.p.DruidDataSource - [run,2572] - create connection SQLException, url: C:\Users\75440\Desktop\pactera_happyclock (2)\pactera_happyclock\pacter_happyclock_server\src\main\resources\static\dq.db, errorCode 0, state null
java.sql.SQLException: connect error, url C:\Users\75440\Desktop\pactera_happyclock (2)\pactera_happyclock\pacter_happyclock_server\src\main\resources\static\dq.db, driverClass org.sqlite.JDBC
	at com.alibaba.druid.pool.DruidAbstractDataSource.createPhysicalConnection(DruidAbstractDataSource.java:1648)
	at com.alibaba.druid.pool.DruidDataSource$CreateConnectionThread.run(DruidDataSource.java:2570)
11:22:08.655 [Druid-ConnectionPool-Create-730298964] ERROR c.a.d.p.DruidDataSource - [run,2572] - create connection SQLException, url: C:\Users\75440\Desktop\pactera_happyclock (2)\pactera_happyclock\pacter_happyclock_server\src\main\resources\static\dq.db, errorCode 0, state null
java.sql.SQLException: connect error, url C:\Users\75440\Desktop\pactera_happyclock (2)\pactera_happyclock\pacter_happyclock_server\src\main\resources\static\dq.db, driverClass org.sqlite.JDBC
	at com.alibaba.druid.pool.DruidAbstractDataSource.createPhysicalConnection(DruidAbstractDataSource.java:1648)
	at com.alibaba.druid.pool.DruidDataSource$CreateConnectionThread.run(DruidDataSource.java:2570)
11:22:09.156 [Druid-ConnectionPool-Create-730298964] ERROR c.a.d.p.DruidDataSource - [run,2572] - create connection SQLException, url: C:\Users\75440\Desktop\pactera_happyclock (2)\pactera_happyclock\pacter_happyclock_server\src\main\resources\static\dq.db, errorCode 0, state null
java.sql.SQLException: connect error, url C:\Users\75440\Desktop\pactera_happyclock (2)\pactera_happyclock\pacter_happyclock_server\src\main\resources\static\dq.db, driverClass org.sqlite.JDBC
	at com.alibaba.druid.pool.DruidAbstractDataSource.createPhysicalConnection(DruidAbstractDataSource.java:1648)
	at com.alibaba.druid.pool.DruidDataSource$CreateConnectionThread.run(DruidDataSource.java:2570)
11:22:09.656 [Druid-ConnectionPool-Create-730298964] ERROR c.a.d.p.DruidDataSource - [run,2572] - create connection SQLException, url: C:\Users\75440\Desktop\pactera_happyclock (2)\pactera_happyclock\pacter_happyclock_server\src\main\resources\static\dq.db, errorCode 0, state null
java.sql.SQLException: connect error, url C:\Users\75440\Desktop\pactera_happyclock (2)\pactera_happyclock\pacter_happyclock_server\src\main\resources\static\dq.db, driverClass org.sqlite.JDBC
	at com.alibaba.druid.pool.DruidAbstractDataSource.createPhysicalConnection(DruidAbstractDataSource.java:1648)
	at com.alibaba.druid.pool.DruidDataSource$CreateConnectionThread.run(DruidDataSource.java:2570)
11:22:10.157 [Druid-ConnectionPool-Create-730298964] ERROR c.a.d.p.DruidDataSource - [run,2572] - create connection SQLException, url: C:\Users\75440\Desktop\pactera_happyclock (2)\pactera_happyclock\pacter_happyclock_server\src\main\resources\static\dq.db, errorCode 0, state null
java.sql.SQLException: connect error, url C:\Users\75440\Desktop\pactera_happyclock (2)\pactera_happyclock\pacter_happyclock_server\src\main\resources\static\dq.db, driverClass org.sqlite.JDBC
	at com.alibaba.druid.pool.DruidAbstractDataSource.createPhysicalConnection(DruidAbstractDataSource.java:1648)
	at com.alibaba.druid.pool.DruidDataSource$CreateConnectionThread.run(DruidDataSource.java:2570)
11:22:10.658 [Druid-ConnectionPool-Create-730298964] ERROR c.a.d.p.DruidDataSource - [run,2572] - create connection SQLException, url: C:\Users\75440\Desktop\pactera_happyclock (2)\pactera_happyclock\pacter_happyclock_server\src\main\resources\static\dq.db, errorCode 0, state null
java.sql.SQLException: connect error, url C:\Users\75440\Desktop\pactera_happyclock (2)\pactera_happyclock\pacter_happyclock_server\src\main\resources\static\dq.db, driverClass org.sqlite.JDBC
	at com.alibaba.druid.pool.DruidAbstractDataSource.createPhysicalConnection(DruidAbstractDataSource.java:1648)
	at com.alibaba.druid.pool.DruidDataSource$CreateConnectionThread.run(DruidDataSource.java:2570)
11:22:11.158 [Druid-ConnectionPool-Create-730298964] ERROR c.a.d.p.DruidDataSource - [run,2572] - create connection SQLException, url: C:\Users\75440\Desktop\pactera_happyclock (2)\pactera_happyclock\pacter_happyclock_server\src\main\resources\static\dq.db, errorCode 0, state null
java.sql.SQLException: connect error, url C:\Users\75440\Desktop\pactera_happyclock (2)\pactera_happyclock\pacter_happyclock_server\src\main\resources\static\dq.db, driverClass org.sqlite.JDBC
	at com.alibaba.druid.pool.DruidAbstractDataSource.createPhysicalConnection(DruidAbstractDataSource.java:1648)
	at com.alibaba.druid.pool.DruidDataSource$CreateConnectionThread.run(DruidDataSource.java:2570)
11:22:11.659 [Druid-ConnectionPool-Create-730298964] ERROR c.a.d.p.DruidDataSource - [run,2572] - create connection SQLException, url: C:\Users\75440\Desktop\pactera_happyclock (2)\pactera_happyclock\pacter_happyclock_server\src\main\resources\static\dq.db, errorCode 0, state null
java.sql.SQLException: connect error, url C:\Users\75440\Desktop\pactera_happyclock (2)\pactera_happyclock\pacter_happyclock_server\src\main\resources\static\dq.db, driverClass org.sqlite.JDBC
	at com.alibaba.druid.pool.DruidAbstractDataSource.createPhysicalConnection(DruidAbstractDataSource.java:1648)
	at com.alibaba.druid.pool.DruidDataSource$CreateConnectionThread.run(DruidDataSource.java:2570)
11:22:12.160 [Druid-ConnectionPool-Create-730298964] ERROR c.a.d.p.DruidDataSource - [run,2572] - create connection SQLException, url: C:\Users\75440\Desktop\pactera_happyclock (2)\pactera_happyclock\pacter_happyclock_server\src\main\resources\static\dq.db, errorCode 0, state null
java.sql.SQLException: connect error, url C:\Users\75440\Desktop\pactera_happyclock (2)\pactera_happyclock\pacter_happyclock_server\src\main\resources\static\dq.db, driverClass org.sqlite.JDBC
	at com.alibaba.druid.pool.DruidAbstractDataSource.createPhysicalConnection(DruidAbstractDataSource.java:1648)
	at com.alibaba.druid.pool.DruidDataSource$CreateConnectionThread.run(DruidDataSource.java:2570)
11:22:12.660 [Druid-ConnectionPool-Create-730298964] ERROR c.a.d.p.DruidDataSource - [run,2572] - create connection SQLException, url: C:\Users\75440\Desktop\pactera_happyclock (2)\pactera_happyclock\pacter_happyclock_server\src\main\resources\static\dq.db, errorCode 0, state null
java.sql.SQLException: connect error, url C:\Users\75440\Desktop\pactera_happyclock (2)\pactera_happyclock\pacter_happyclock_server\src\main\resources\static\dq.db, driverClass org.sqlite.JDBC
	at com.alibaba.druid.pool.DruidAbstractDataSource.createPhysicalConnection(DruidAbstractDataSource.java:1648)
	at com.alibaba.druid.pool.DruidDataSource$CreateConnectionThread.run(DruidDataSource.java:2570)
11:22:13.161 [Druid-ConnectionPool-Create-730298964] ERROR c.a.d.p.DruidDataSource - [run,2572] - create connection SQLException, url: C:\Users\75440\Desktop\pactera_happyclock (2)\pactera_happyclock\pacter_happyclock_server\src\main\resources\static\dq.db, errorCode 0, state null
java.sql.SQLException: connect error, url C:\Users\75440\Desktop\pactera_happyclock (2)\pactera_happyclock\pacter_happyclock_server\src\main\resources\static\dq.db, driverClass org.sqlite.JDBC
	at com.alibaba.druid.pool.DruidAbstractDataSource.createPhysicalConnection(DruidAbstractDataSource.java:1648)
	at com.alibaba.druid.pool.DruidDataSource$CreateConnectionThread.run(DruidDataSource.java:2570)
11:22:13.662 [Druid-ConnectionPool-Create-730298964] ERROR c.a.d.p.DruidDataSource - [run,2572] - create connection SQLException, url: C:\Users\75440\Desktop\pactera_happyclock (2)\pactera_happyclock\pacter_happyclock_server\src\main\resources\static\dq.db, errorCode 0, state null
java.sql.SQLException: connect error, url C:\Users\75440\Desktop\pactera_happyclock (2)\pactera_happyclock\pacter_happyclock_server\src\main\resources\static\dq.db, driverClass org.sqlite.JDBC
	at com.alibaba.druid.pool.DruidAbstractDataSource.createPhysicalConnection(DruidAbstractDataSource.java:1648)
	at com.alibaba.druid.pool.DruidDataSource$CreateConnectionThread.run(DruidDataSource.java:2570)
11:22:14.162 [Druid-ConnectionPool-Create-730298964] ERROR c.a.d.p.DruidDataSource - [run,2572] - create connection SQLException, url: C:\Users\75440\Desktop\pactera_happyclock (2)\pactera_happyclock\pacter_happyclock_server\src\main\resources\static\dq.db, errorCode 0, state null
java.sql.SQLException: connect error, url C:\Users\75440\Desktop\pactera_happyclock (2)\pactera_happyclock\pacter_happyclock_server\src\main\resources\static\dq.db, driverClass org.sqlite.JDBC
	at com.alibaba.druid.pool.DruidAbstractDataSource.createPhysicalConnection(DruidAbstractDataSource.java:1648)
	at com.alibaba.druid.pool.DruidDataSource$CreateConnectionThread.run(DruidDataSource.java:2570)
11:22:14.663 [Druid-ConnectionPool-Create-730298964] ERROR c.a.d.p.DruidDataSource - [run,2572] - create connection SQLException, url: C:\Users\75440\Desktop\pactera_happyclock (2)\pactera_happyclock\pacter_happyclock_server\src\main\resources\static\dq.db, errorCode 0, state null
java.sql.SQLException: connect error, url C:\Users\75440\Desktop\pactera_happyclock (2)\pactera_happyclock\pacter_happyclock_server\src\main\resources\static\dq.db, driverClass org.sqlite.JDBC
	at com.alibaba.druid.pool.DruidAbstractDataSource.createPhysicalConnection(DruidAbstractDataSource.java:1648)
	at com.alibaba.druid.pool.DruidDataSource$CreateConnectionThread.run(DruidDataSource.java:2570)
11:22:15.164 [Druid-ConnectionPool-Create-730298964] ERROR c.a.d.p.DruidDataSource - [run,2572] - create connection SQLException, url: C:\Users\75440\Desktop\pactera_happyclock (2)\pactera_happyclock\pacter_happyclock_server\src\main\resources\static\dq.db, errorCode 0, state null
java.sql.SQLException: connect error, url C:\Users\75440\Desktop\pactera_happyclock (2)\pactera_happyclock\pacter_happyclock_server\src\main\resources\static\dq.db, driverClass org.sqlite.JDBC
	at com.alibaba.druid.pool.DruidAbstractDataSource.createPhysicalConnection(DruidAbstractDataSource.java:1648)
	at com.alibaba.druid.pool.DruidDataSource$CreateConnectionThread.run(DruidDataSource.java:2570)
11:22:15.665 [Druid-ConnectionPool-Create-730298964] ERROR c.a.d.p.DruidDataSource - [run,2572] - create connection SQLException, url: C:\Users\75440\Desktop\pactera_happyclock (2)\pactera_happyclock\pacter_happyclock_server\src\main\resources\static\dq.db, errorCode 0, state null
java.sql.SQLException: connect error, url C:\Users\75440\Desktop\pactera_happyclock (2)\pactera_happyclock\pacter_happyclock_server\src\main\resources\static\dq.db, driverClass org.sqlite.JDBC
	at com.alibaba.druid.pool.DruidAbstractDataSource.createPhysicalConnection(DruidAbstractDataSource.java:1648)
	at com.alibaba.druid.pool.DruidDataSource$CreateConnectionThread.run(DruidDataSource.java:2570)
14:32:59.267 [http-nio-8080-exec-17] ERROR c.r.c.u.p.ExcelUtil - [exportExcel,345] - 导出Excel异常:resource:static\tmp\download\935fc8e6-b15d-4a52-b8a3-63772154fe5a_登陆日志.xlsx (文件名、目录名或卷标语法不正确。)
