16:12:27.975 [main] INFO  c.r.RuoYiApplication - [logStarting,50] - Starting RuoYiApplication on Vetch with PID 17432 (started by vetch in C:\Users\75440\Desktop\pactera_happyclock (2)\pactera_happyclock\pacter_happyclock_server)
16:12:28.007 [main] INFO  c.r.RuoYiApplication - [logStartupProfileInfo,651] - The following profiles are active: druid
16:12:32.645 [main] INFO  o.a.c.h.Http11NioProtocol - [log,173] - Initializing ProtocolHandler ["http-nio-8080"]
16:12:32.664 [main] INFO  o.a.c.c.StandardService - [log,173] - Starting service [Tomcat]
16:12:32.664 [main] INFO  o.a.c.c.StandardEngine - [log,173] - Starting Servlet engine: [Apache Tomcat/9.0.22]
16:12:32.808 [main] INFO  o.a.c.c.C.[.[.[/] - [log,173] - Initializing Spring embedded WebApplicationContext
16:12:34.859 [main] INFO  o.q.i.StdSchedulerFactory - [instantiate,1208] - Using default implementation for ThreadExecutor
16:12:34.878 [main] INFO  o.q.c.SchedulerSignalerImpl - [<init>,61] - Initialized Scheduler Signaller of type: class org.quartz.core.SchedulerSignalerImpl
16:12:34.879 [main] INFO  o.q.c.QuartzScheduler - [<init>,229] - Quartz Scheduler v.2.3.1 created.
16:12:35.362 [main] INFO  c.a.d.p.DruidDataSource - [init,991] - {dataSource-1} inited
16:12:35.369 [main] INFO  o.q.c.QuartzScheduler - [initialize,294] - Scheduler meta-data: Quartz Scheduler (v2.3.1) 'RuoyiScheduler' with instanceId 'NON_CLUSTERED'
  Scheduler class: 'org.quartz.core.QuartzScheduler' - running locally.
  NOT STARTED.
  Currently in standby mode.
  Number of jobs executed: 0
  Using thread pool 'org.quartz.simpl.SimpleThreadPool' - with 20 threads.
  Using job-store 'org.springframework.scheduling.quartz.LocalDataSourceJobStore' - which supports persistence. and is not clustered.

16:12:35.370 [main] INFO  o.q.i.StdSchedulerFactory - [instantiate,1362] - Quartz scheduler 'RuoyiScheduler' initialized from an externally provided properties instance.
16:12:35.370 [main] INFO  o.q.i.StdSchedulerFactory - [instantiate,1366] - Quartz scheduler version: 2.3.1
16:12:35.371 [main] INFO  o.q.c.QuartzScheduler - [setJobFactory,2293] - JobFactory set to: org.springframework.scheduling.quartz.AdaptableJobFactory@21f7e537
16:12:37.305 [main] INFO  s.d.s.w.PropertySourcedRequestMappingHandlerMapping - [initHandlerMethods,69] - Mapped URL path [/v2/api-docs] onto method [public org.springframework.http.ResponseEntity<springfox.documentation.spring.web.json.Json> springfox.documentation.swagger2.web.Swagger2Controller.getDocumentation(java.lang.String,javax.servlet.http.HttpServletRequest)]
16:12:39.082 [main] INFO  s.d.s.w.p.DocumentationPluginsBootstrapper - [start,160] - Context refreshed
16:12:39.131 [main] INFO  s.d.s.w.p.DocumentationPluginsBootstrapper - [start,163] - Found 1 custom documentation plugin(s)
16:12:39.178 [main] INFO  s.d.s.w.s.ApiListingReferenceScanner - [scan,41] - Scanning for api listing references
16:12:39.544 [main] INFO  o.a.c.h.Http11NioProtocol - [log,173] - Starting ProtocolHandler ["http-nio-8080"]
16:12:39.610 [main] INFO  c.r.RuoYiApplication - [logStarted,59] - Started RuoYiApplication in 12.673 seconds (JVM running for 14.452)
16:12:40.546 [Quartz Scheduler [RuoyiScheduler]] INFO  o.q.c.QuartzScheduler - [start,547] - Scheduler RuoyiScheduler_$_NON_CLUSTERED started.
16:39:21.695 [http-nio-8080-exec-1] INFO  o.a.c.c.C.[.[.[/] - [log,173] - Initializing Spring DispatcherServlet 'dispatcherServlet'
16:39:34.697 [schedule-pool-1] INFO  sys-user - [run,54] - [127.0.0.1]内网IP[admin][Error][用户不存在/密码错误]
16:39:46.670 [schedule-pool-1] INFO  sys-user - [run,54] - [127.0.0.1]内网IP[admin][Error][验证码错误]
16:47:03.358 [schedule-pool-2] INFO  sys-user - [run,54] - [127.0.0.1]内网IP[admin][Error][验证码已失效]
16:47:11.846 [schedule-pool-1] INFO  sys-user - [run,54] - [127.0.0.1]内网IP[admin][Error][用户不存在/密码错误]
16:50:06.455 [schedule-pool-3] INFO  sys-user - [run,54] - [127.0.0.1]内网IP[admin][Error][验证码已失效]
16:50:26.552 [schedule-pool-2] INFO  sys-user - [run,54] - [127.0.0.1]内网IP[admin][Error][用户不存在/密码错误]
17:00:34.629 [schedule-pool-4] INFO  sys-user - [run,54] - [127.0.0.1]内网IP[admin][Success][登录成功]
